 process source filenames cms.Source("PoolSource",
    fileNames = cms.untracked.vstring('/store/mc/RunIIFall17MiniAODv2/PythiaChargedResonance_WGToJJG_M1600_width5/MINIAODSIM/PU2017_12Apr2018_94X_mc2017_realistic_v14-v1/100000/B45E79A3-9432-E911-8FF5-AC1F6B0DE294.root', 
        '/store/mc/RunIIFall17MiniAODv2/PythiaChargedResonance_WGToJJG_M1600_width5/MINIAODSIM/PU2017_12Apr2018_94X_mc2017_realistic_v14-v1/10000/4C1BB0B2-B12A-E911-BCA9-90B11C443C96.root', 
        '/store/mc/RunIIFall17MiniAODv2/PythiaChargedResonance_WGToJJG_M1600_width5/MINIAODSIM/PU2017_12Apr2018_94X_mc2017_realistic_v14-v1/10000/282884EF-B22A-E911-861D-00259090829A.root', 
        '/store/mc/RunIIFall17MiniAODv2/PythiaChargedResonance_WGToJJG_M1600_width5/MINIAODSIM/PU2017_12Apr2018_94X_mc2017_realistic_v14-v1/10000/8AA76743-B32A-E911-98E2-24BE05CEEC21.root')
)

*************************************** GLOBAL TAG *************************************************
94X_mc2017_realistic_v17
****************************************************************************************************
jec unc file for ak8  JEC/Fall17_17Nov2017_V32_MC_Uncertainty_AK8PFchs.txt
doing corrections to jets on th fly True, to met on the fly False
LoadMVA_WPs_run2_2017: performed::::
ak8GenJets, NjettinessGenAK8, genParticlesForJets, ak8GenJetsPruned, ak8GenJetsSoftDrop, ak8GenJetsPrunedMass, ak8GenJetsSoftDropMass, genJetsAK8, selectedGenJetsAK8, electronMVAVariableHelper, electronMVAValueMapProducer, egmGsfElectronIDs, electronRegressionValueMapProducer, heepIDVarValueMaps
DEBUG 2019-07-02 19:55:58,163: 	 Executing command: 'submit'
DEBUG 2019-07-02 19:55:58,166: 	 Found CRAB cache file /afs/cern.ch/user/x/xuyan/.crab3
DEBUG 2019-07-02 19:55:58,219: 	 Checking credentials
DEBUG 2019-07-02 19:55:58,220: 	 Found proxy file /tmp/x509up_u93529
DEBUG 2019-07-02 19:55:58,220: 	 Getting proxy life time left
DEBUG 2019-07-02 19:55:59,233: 	 Executing : 
 command : voms-proxy-info -file /tmp/x509up_u93529 -timeleft
 output : 19033

 error: 
 retcode : 0
DEBUG 2019-07-02 19:56:00,443: 	 Executing : 
 command : voms-proxy-info -file /tmp/x509up_u93529 -actimeleft
 output : 19032

 error: 
 retcode : 0
DEBUG 2019-07-02 19:56:00,444: 	 Proxy lifetime 19033 secs is different from voms extension lifetime 19032 secs for proxy: /tmp/x509up_u93529
DEBUG 2019-07-02 19:56:00,444: 	 Proxy valid for 05:17:12 hours
INFO 2019-07-02 19:56:00,444: 	 Will use CRAB configuration file crabconfigs/crab_Signal.py
DEBUG 2019-07-02 19:56:00,444: 	 Loading CRAB configuration file.
DEBUG 2019-07-02 19:56:03,266: 	 Will use CRAB Analysis plugin (i.e. will run an analysis job type).
DEBUG 2019-07-02 19:56:03,530: 	 Executing : 
 command : openssl x509 -in ~/.globus/usercert.pem -subject -noout
 output : subject= /DC=ch/DC=cern/OU=Organic Units/OU=Users/CN=xuyan/CN=803661/CN=Xuli Yan

 error: 
 retcode : 0
DEBUG 2019-07-02 19:56:03,530: 	 Checking credentials
DEBUG 2019-07-02 19:56:03,530: 	 Found proxy file /tmp/x509up_u93529
DEBUG 2019-07-02 19:56:03,530: 	 Getting proxy life time left
DEBUG 2019-07-02 19:56:04,747: 	 Executing : 
 command : voms-proxy-info -file /tmp/x509up_u93529 -timeleft
 output : 19028

 error: 
 retcode : 0
DEBUG 2019-07-02 19:56:05,557: 	 Executing : 
 command : voms-proxy-info -file /tmp/x509up_u93529 -actimeleft
 output : 19027

 error: 
 retcode : 0
DEBUG 2019-07-02 19:56:05,557: 	 Proxy lifetime 19028 secs is different from voms extension lifetime 19027 secs for proxy: /tmp/x509up_u93529
DEBUG 2019-07-02 19:56:05,557: 	 Proxy valid for 05:17:07 hours
DEBUG 2019-07-02 19:56:06,366: 	 Executing : 
 command : env X509_USER_PROXY=/tmp/x509up_u93529 voms-proxy-info -fqan
 output : /cms/Role=NULL/Capability=NULL

 error: 
 retcode : 0
DEBUG 2019-07-02 19:56:06,586: 	 Registering user credentials for server /DC=ch/DC=cern/OU=computers/CN=vocms(052|058|030|0118|0105|0109).cern.ch|/DC=ch/DC=cern/OU=computers/CN=crab-(preprod|prod)-tw(02|01).cern.ch
DEBUG 2019-07-02 19:56:06,705: 	 Executing : 
 command : openssl x509 -in ~/.globus/usercert.pem -subject -noout
 output : subject= /DC=ch/DC=cern/OU=Organic Units/OU=Users/CN=xuyan/CN=803661/CN=Xuli Yan

 error: 
 retcode : 0
DEBUG 2019-07-02 19:56:06,706: 	 Getting myproxy life time left for myproxy.cern.ch
DEBUG 2019-07-02 19:56:06,706: 	 Calculating hash of /DC=ch/DC=cern/OU=Organic Units/OU=Users/CN=xuyan/CN=803661/CN=Xuli Yan_cmsweb.cern.ch for credential name
DEBUG 2019-07-02 19:56:07,112: 	 Executing : 
 command : myproxy-info -l b1772a5c240352d6d735b714aa331919d3f56592 -s myproxy.cern.ch
 output : username: b1772a5c240352d6d735b714aa331919d3f56592
owner: /DC=ch/DC=cern/OU=Organic Units/OU=Users/CN=xuyan/CN=803661/CN=Xuli Yan
  renewal policy: /DC=ch/DC=cern/OU=computers/CN=vocms(052|058|030|0118|0105|0109).cern.ch|/DC=ch/DC=cern/OU=computers/CN=crab-(preprod|prod)-tw(02|01).cern.ch
  trusted retrieval policy: /DC=ch/DC=cern/OU=computers/CN=vocms(052|058|030|0118|0105|0109).cern.ch|/DC=ch/DC=cern/OU=computers/CN=crab-(preprod|prod)-tw(02|01).cern.ch
  timeleft: 669:55:33  (27.9 days)

 error: 
 retcode : 0
DEBUG 2019-07-02 19:56:07,113: 	 Myproxy is valid: 2411733
DEBUG 2019-07-02 19:56:07,114: 	 Command use: submit
DEBUG 2019-07-02 19:56:07,114: 	 Options use: ['-c', 'crabconfigs/crab_Signal.py']
DEBUG 2019-07-02 19:56:07,251: 	 CRABClient version: 3.3.1904
DEBUG 2019-07-02 19:56:07,251: 	 Instance is prod
DEBUG 2019-07-02 19:56:07,251: 	 Server base url is cmsweb.cern.ch
DEBUG 2019-07-02 19:56:07,251: 	 Command url /crabserver/prod/workflow
DEBUG 2019-07-02 19:56:07,252: 	 Started submission
DEBUG 2019-07-02 19:56:07,252: 	 Working on /afs/cern.ch/work/x/xuyan/work5/DEV/CMSSW_9_4_9/src/VgammaTuplizer/Ntuplizer/crab_jobs_signalJul02/crab_Wgamma94XSignal_Jul02
DEBUG 2019-07-02 19:56:07,494: 	 Loading required information from the environment
DEBUG 2019-07-02 19:56:07,494: 	 Found CMSSW_9_4_9 for slc6_amd64_gcc630 with base /afs/cern.ch/work/x/xuyan/work5/DEV/CMSSW_9_4_9
DEBUG 2019-07-02 19:56:07,494: 	 Loading required information from the environment
DEBUG 2019-07-02 19:56:07,494: 	 Found CMSSW_9_4_9 for slc6_amd64_gcc630 with base /afs/cern.ch/work/x/xuyan/work5/DEV/CMSSW_9_4_9
DEBUG 2019-07-02 19:56:07,520: 	 UNIQUE NAME: tarUUID 2e454924-27b0-45e8-833d-214d140fea7b 
DEBUG 2019-07-02 19:56:07,521: 	 self.config: from WMCore.Configuration import Configuration
config = Configuration()
config.section_('General')
config.General.transferLogs = True
config.General.transferOutputs = True
config.General.workArea = 'crab_jobs_signalJul02'
config.General.requestName = 'Wgamma94XSignal_Jul02'
config.section_('JobType')
config.JobType.psetName = 'config_generic.py'
config.JobType.pluginName = 'Analysis'
config.JobType.sendExternalFolder = True
config.section_('Data')
config.Data.inputDataset = '/PythiaChargedResonance_WGToJJG_M1600_width5/RunIIFall17MiniAODv2-PU2017_12Apr2018_94X_mc2017_realistic_v14-v1/MINIAODSIM'
config.Data.outputDatasetTag = 'Wgamma94XSignal_Jul02'
config.Data.publication = False
config.Data.unitsPerJob = 1
config.Data.inputDBS = 'global'
config.Data.splitting = 'FileBased'
config.Data.outLFNDirBase = '/store/user/xuyan/'
config.section_('Site')
config.Site.storageSite = 'T3_US_Brown'
config.section_('User')
config.section_('Debug')

DEBUG 2019-07-02 19:56:07,521: 	 self.config.JobType.psetName: config_generic.py
INFO 2019-07-02 19:56:07,521: 	 Importing CMSSW configuration config_generic.py
INFO 2019-07-02 19:56:08,375: 	 Finished importing CMSSW configuration config_generic.py
DEBUG 2019-07-02 19:56:08,375: 	 Writing CMSSW configuration to /afs/cern.ch/work/x/xuyan/work5/DEV/CMSSW_9_4_9/src/VgammaTuplizer/Ntuplizer/crab_jobs_signalJul02/crab_Wgamma94XSignal_Jul02/inputs/PSet.py
DEBUG 2019-07-02 19:56:08,591: 	 The following EDM output files will be collected: []
DEBUG 2019-07-02 19:56:08,591: 	 The following TFile output files will be collected: ['flatTuple.root']
DEBUG 2019-07-02 19:56:08,591: 	 The following user output files will be collected: []
DEBUG 2019-07-02 19:56:08,592: 	 Loading required information from the environment
DEBUG 2019-07-02 19:56:08,592: 	 Found CMSSW_9_4_9 for slc6_amd64_gcc630 with base /afs/cern.ch/work/x/xuyan/work5/DEV/CMSSW_9_4_9
DEBUG 2019-07-02 19:56:08,592: 	 Making tarball in /afs/cern.ch/work/x/xuyan/work5/DEV/CMSSW_9_4_9/src/VgammaTuplizer/Ntuplizer/crab_jobs_signalJul02/crab_Wgamma94XSignal_Jul02/inputs/2e454924-27b0-45e8-833d-214d140fea7bdefault.tgz
DEBUG 2019-07-02 19:56:08,628: 	 Checking directory /afs/cern.ch/work/x/xuyan/work5/DEV/CMSSW_9_4_9/lib
DEBUG 2019-07-02 19:56:08,628: 	 Adding directory /afs/cern.ch/work/x/xuyan/work5/DEV/CMSSW_9_4_9/lib to tarball
DEBUG 2019-07-02 19:56:13,740: 	 Checking directory /afs/cern.ch/work/x/xuyan/work5/DEV/CMSSW_9_4_9/biglib
DEBUG 2019-07-02 19:56:13,740: 	 Adding directory /afs/cern.ch/work/x/xuyan/work5/DEV/CMSSW_9_4_9/biglib to tarball
DEBUG 2019-07-02 19:56:13,764: 	 Checking directory /afs/cern.ch/work/x/xuyan/work5/DEV/CMSSW_9_4_9/module
DEBUG 2019-07-02 19:56:13,764: 	 Checking directory /afs/cern.ch/work/x/xuyan/work5/DEV/CMSSW_9_4_9/external
DEBUG 2019-07-02 19:56:13,764: 	 Adding directory /afs/cern.ch/work/x/xuyan/work5/DEV/CMSSW_9_4_9/external to tarball
DEBUG 2019-07-02 19:56:15,936: 	 Adding data directory /afs/cern.ch/work/x/xuyan/work5/DEV/CMSSW_9_4_9/src/DQMOffline/Trigger/data to tarball
DEBUG 2019-07-02 19:56:16,003: 	 Adding data directory /afs/cern.ch/work/x/xuyan/work5/DEV/CMSSW_9_4_9/src/DQMOffline/Trigger/interface to tarball
DEBUG 2019-07-02 19:56:16,294: 	 Adding data directory /afs/cern.ch/work/x/xuyan/work5/DEV/CMSSW_9_4_9/src/PhysicsTools/NanoAOD/interface to tarball
DEBUG 2019-07-02 19:56:16,356: 	 Adding data directory /afs/cern.ch/work/x/xuyan/work5/DEV/CMSSW_9_4_9/src/PhysicsTools/PatAlgos/interface to tarball
DEBUG 2019-07-02 19:56:16,541: 	 Adding data directory /afs/cern.ch/work/x/xuyan/work5/DEV/CMSSW_9_4_9/src/PhysicsTools/SelectorUtils/interface to tarball
DEBUG 2019-07-02 19:56:16,893: 	 Adding data directory /afs/cern.ch/work/x/xuyan/work5/DEV/CMSSW_9_4_9/src/VgammaTuplizer/Ntuplizer/data to tarball
DEBUG 2019-07-02 19:57:33,141: 	 Adding data directory /afs/cern.ch/work/x/xuyan/work5/DEV/CMSSW_9_4_9/src/VgammaTuplizer/Ntuplizer/interface to tarball
DEBUG 2019-07-02 19:57:33,328: 	 Adding data directory /afs/cern.ch/work/x/xuyan/work5/DEV/CMSSW_9_4_9/src/RecoEgamma/EgammaTools/data to tarball
DEBUG 2019-07-02 19:57:33,391: 	 Adding data directory /afs/cern.ch/work/x/xuyan/work5/DEV/CMSSW_9_4_9/src/RecoEgamma/EgammaTools/interface to tarball
DEBUG 2019-07-02 19:57:33,524: 	 Adding data directory /afs/cern.ch/work/x/xuyan/work5/DEV/CMSSW_9_4_9/src/RecoEgamma/ElectronIdentification/data to tarball
DEBUG 2019-07-02 19:57:39,406: 	 Adding data directory /afs/cern.ch/work/x/xuyan/work5/DEV/CMSSW_9_4_9/src/RecoEgamma/ElectronIdentification/interface to tarball
DEBUG 2019-07-02 19:57:39,558: 	 Adding data directory /afs/cern.ch/work/x/xuyan/work5/DEV/CMSSW_9_4_9/src/RecoEgamma/PhotonIdentification/data to tarball
DEBUG 2019-07-02 19:57:45,933: 	 Adding data directory /afs/cern.ch/work/x/xuyan/work5/DEV/CMSSW_9_4_9/src/RecoEgamma/PhotonIdentification/interface to tarball
DEBUG 2019-07-02 19:57:46,055: 	 Adding data directory /afs/cern.ch/work/x/xuyan/work5/DEV/CMSSW_9_4_9/src/RecoEgamma/EgammaElectronAlgos/interface to tarball
DEBUG 2019-07-02 19:57:46,283: 	 Adding data directory /afs/cern.ch/work/x/xuyan/work5/DEV/CMSSW_9_4_9/src/RecoParticleFlow/PFProducer/data to tarball
DEBUG 2019-07-02 19:57:46,297: 	 Adding data directory /afs/cern.ch/work/x/xuyan/work5/DEV/CMSSW_9_4_9/src/RecoParticleFlow/PFProducer/interface to tarball
DEBUG 2019-07-02 19:57:46,767: 	 Adding data directory /afs/cern.ch/work/x/xuyan/work5/DEV/CMSSW_9_4_9/src/WGammaAnalyzer/Selection/data to tarball
DEBUG 2019-07-02 19:57:46,939: 	 Adding data directory /afs/cern.ch/work/x/xuyan/work5/DEV/CMSSW_9_4_9/src/WGammaAnalyzer/Utils/interface to tarball
DEBUG 2019-07-02 19:57:48,462: 	 Uploading archive /afs/cern.ch/work/x/xuyan/work5/DEV/CMSSW_9_4_9/src/VgammaTuplizer/Ntuplizer/crab_jobs_signalJul02/crab_Wgamma94XSignal_Jul02/inputs/2e454924-27b0-45e8-833d-214d140fea7bdefault.tgz (87 MB) to the CRAB cache. Using URI https://cmsweb.cern.ch/crabcache
DEBUG 2019-07-02 19:59:02,821: 	 Loading required information from the environment
DEBUG 2019-07-02 19:59:02,822: 	 Found CMSSW_9_4_9 for slc6_amd64_gcc630 with base /afs/cern.ch/work/x/xuyan/work5/DEV/CMSSW_9_4_9
DEBUG 2019-07-02 19:59:02,823: 	 Making tarball in /afs/cern.ch/work/x/xuyan/work5/DEV/CMSSW_9_4_9/src/VgammaTuplizer/Ntuplizer/crab_jobs_signalJul02/crab_Wgamma94XSignal_Jul02/inputs/debugFiles.tgz
DEBUG 2019-07-02 19:59:02,842: 	 Uploading archive /afs/cern.ch/work/x/xuyan/work5/DEV/CMSSW_9_4_9/src/VgammaTuplizer/Ntuplizer/crab_jobs_signalJul02/crab_Wgamma94XSignal_Jul02/inputs/debugFiles.tgz (13 KB) to the CRAB cache. Using URI https://cmsweb.cern.ch/crabcache
DEBUG 2019-07-02 19:59:02,999: 	 Result uploading input files: 211e41a5a4f9b49ac9d549de93d5fed8b5b65eb364cd5eb9b355227f48842b5d.tar.gz 
INFO 2019-07-02 19:59:03,003: 	 Sending the request to the server
DEBUG 2019-07-02 19:59:03,003: 	 Submitting {'maxjobruntime': 1250, 'extrajdl': [], 'ignorelocality': 0, 'savelogsflag': 1, 'useparent': 0, 'asyncdest': 'T3_US_Brown', 'algoargs': 1, 'cachefilename': '211e41a5a4f9b49ac9d549de93d5fed8b5b65eb364cd5eb9b355227f48842b5d.tar.gz', 'numcores': 1, 'addoutputfiles': [], 'generator': 'pythia', 'maxmemory': 2000, 'publishdbsurl': 'https://cmsweb.cern.ch/dbs/prod/phys03/DBSWriter', 'priority': 10, 'jobsw': 'CMSSW_9_4_9', 'edmoutfiles': [], 'userfiles': [], 'primarydataset': '', 'inputdata': '/PythiaChargedResonance_WGToJJG_M1600_width5/RunIIFall17MiniAODv2-PU2017_12Apr2018_94X_mc2017_realistic_v14-v1/MINIAODSIM', 'lfn': '/store/user/xuyan/', 'dryrun': 0, 'workflow': 'crab_Wgamma94XSignal_Jul02', 'cacheurl': u'https://cmsweb.cern.ch/crabcache', 'nonprodsw': 0, 'tfileoutfiles': ['flatTuple.root'], 'oneEventMode': 0, 'debugfilename': '4cb3566ac346439e7620dee92c1a28d13846b633b380e3d97a141c69ad9eacc2.tar.gz', 'saveoutput': 1, 'publication': 0, 'jobarch': 'slc6_amd64_gcc630', 'totalunits': 0, 'splitalgo': 'FileBased', 'ignoreglobalblacklist': 0, 'nonvaliddata': 0, 'dbsurl': 'https://cmsweb.cern.ch/dbs/prod/global/DBSReader', 'publishgroupname': 0, 'jobtype': 'Analysis', 'publishname2': 'Wgamma94XSignal_Jul02'} 
DEBUG 2019-07-02 19:59:03,004: 	 Encoded submit request: maxjobruntime=1250&ignorelocality=0&savelogsflag=1&useparent=0&asyncdest=T3_US_Brown&algoargs=1&cachefilename=211e41a5a4f9b49ac9d549de93d5fed8b5b65eb364cd5eb9b355227f48842b5d.tar.gz&numcores=1&generator=pythia&maxmemory=2000&publishdbsurl=https%3A%2F%2Fcmsweb.cern.ch%2Fdbs%2Fprod%2Fphys03%2FDBSWriter&priority=10&jobsw=CMSSW_9_4_9&primarydataset=&inputdata=%2FPythiaChargedResonance_WGToJJG_M1600_width5%2FRunIIFall17MiniAODv2-PU2017_12Apr2018_94X_mc2017_realistic_v14-v1%2FMINIAODSIM&lfn=%2Fstore%2Fuser%2Fxuyan%2F&dryrun=0&workflow=crab_Wgamma94XSignal_Jul02&cacheurl=https%3A%2F%2Fcmsweb.cern.ch%2Fcrabcache&nonprodsw=0&oneEventMode=0&debugfilename=4cb3566ac346439e7620dee92c1a28d13846b633b380e3d97a141c69ad9eacc2.tar.gz&saveoutput=1&publication=0&jobarch=slc6_amd64_gcc630&totalunits=0&splitalgo=FileBased&ignoreglobalblacklist=0&nonvaliddata=0&dbsurl=https%3A%2F%2Fcmsweb.cern.ch%2Fdbs%2Fprod%2Fglobal%2FDBSReader&publishgroupname=0&jobtype=Analysis&publishname2=Wgamma94XSignal_Jul02&tfileoutfiles=flatTuple.root
DEBUG 2019-07-02 19:59:03,297: 	 Result: {u'result': [{u'RequestName': u'190702_175903:xuyan_crab_Wgamma94XSignal_Jul02'}]}
INFO 2019-07-02 19:59:03,300: 	 Success: Your task has been delivered to the CRAB3 server.
INFO 2019-07-02 19:59:03,300: 	 Task name: 190702_175903:xuyan_crab_Wgamma94XSignal_Jul02
INFO 2019-07-02 19:59:03,300: 	 Project dir: crab_jobs_signalJul02/crab_Wgamma94XSignal_Jul02
INFO 2019-07-02 19:59:03,300: 	 Please use 'crab status -d crab_jobs_signalJul02/crab_Wgamma94XSignal_Jul02' to check how the submission process proceeds.
DEBUG 2019-07-02 19:59:03,301: 	 About to return
INFO 2019-07-02 19:59:03,305: 	 Log file is /afs/cern.ch/work/x/xuyan/work5/DEV/CMSSW_9_4_9/src/VgammaTuplizer/Ntuplizer/crab_jobs_signalJul02/crab_Wgamma94XSignal_Jul02/crab.log
DEBUG 2019-07-02 20:03:07,999: 	 Executing command: 'status'
DEBUG 2019-07-02 20:03:07,999: 	 Found CRAB cache file /afs/cern.ch/user/x/xuyan/.crab3
DEBUG 2019-07-02 20:03:08,020: 	 Checking credentials
DEBUG 2019-07-02 20:03:08,021: 	 Found proxy file /tmp/x509up_u93529
DEBUG 2019-07-02 20:03:08,021: 	 Getting proxy life time left
DEBUG 2019-07-02 20:03:09,430: 	 Executing : 
 command : voms-proxy-info -file /tmp/x509up_u93529 -timeleft
 output : 18603

 error: 
 retcode : 0
DEBUG 2019-07-02 20:03:10,347: 	 Executing : 
 command : voms-proxy-info -file /tmp/x509up_u93529 -actimeleft
 output : 18602

 error: 
 retcode : 0
DEBUG 2019-07-02 20:03:10,348: 	 Proxy lifetime 18603 secs is different from voms extension lifetime 18602 secs for proxy: /tmp/x509up_u93529
DEBUG 2019-07-02 20:03:10,348: 	 Proxy valid for 05:10:02 hours
DEBUG 2019-07-02 20:03:10,517: 	 Executing : 
 command : openssl x509 -in ~/.globus/usercert.pem -subject -noout
 output : subject= /DC=ch/DC=cern/OU=Organic Units/OU=Users/CN=xuyan/CN=803661/CN=Xuli Yan

 error: 
 retcode : 0
DEBUG 2019-07-02 20:03:10,517: 	 Checking credentials
DEBUG 2019-07-02 20:03:10,518: 	 Found proxy file /tmp/x509up_u93529
DEBUG 2019-07-02 20:03:10,518: 	 Getting proxy life time left
DEBUG 2019-07-02 20:03:11,325: 	 Executing : 
 command : voms-proxy-info -file /tmp/x509up_u93529 -timeleft
 output : 18601

 error: 
 retcode : 0
DEBUG 2019-07-02 20:03:12,135: 	 Executing : 
 command : voms-proxy-info -file /tmp/x509up_u93529 -actimeleft
 output : 18600

 error: 
 retcode : 0
DEBUG 2019-07-02 20:03:12,136: 	 Proxy lifetime 18601 secs is different from voms extension lifetime 18600 secs for proxy: /tmp/x509up_u93529
DEBUG 2019-07-02 20:03:12,136: 	 Proxy valid for 05:10:00 hours
DEBUG 2019-07-02 20:03:12,316: 	 Registering user credentials for server /DC=ch/DC=cern/OU=computers/CN=vocms(052|058|030|0118|0105|0109).cern.ch|/DC=ch/DC=cern/OU=computers/CN=crab-(preprod|prod)-tw(02|01).cern.ch
DEBUG 2019-07-02 20:03:12,436: 	 Executing : 
 command : openssl x509 -in ~/.globus/usercert.pem -subject -noout
 output : subject= /DC=ch/DC=cern/OU=Organic Units/OU=Users/CN=xuyan/CN=803661/CN=Xuli Yan

 error: 
 retcode : 0
DEBUG 2019-07-02 20:03:12,436: 	 Getting myproxy life time left for myproxy.cern.ch
DEBUG 2019-07-02 20:03:12,436: 	 Calculating hash of /DC=ch/DC=cern/OU=Organic Units/OU=Users/CN=xuyan/CN=803661/CN=Xuli Yan_cmsweb.cern.ch for credential name
DEBUG 2019-07-02 20:03:12,842: 	 Executing : 
 command : myproxy-info -l b1772a5c240352d6d735b714aa331919d3f56592 -s myproxy.cern.ch
 output : username: b1772a5c240352d6d735b714aa331919d3f56592
owner: /DC=ch/DC=cern/OU=Organic Units/OU=Users/CN=xuyan/CN=803661/CN=Xuli Yan
  renewal policy: /DC=ch/DC=cern/OU=computers/CN=vocms(052|058|030|0118|0105|0109).cern.ch|/DC=ch/DC=cern/OU=computers/CN=crab-(preprod|prod)-tw(02|01).cern.ch
  trusted retrieval policy: /DC=ch/DC=cern/OU=computers/CN=vocms(052|058|030|0118|0105|0109).cern.ch|/DC=ch/DC=cern/OU=computers/CN=crab-(preprod|prod)-tw(02|01).cern.ch
  timeleft: 669:48:28  (27.9 days)

 error: 
 retcode : 0
DEBUG 2019-07-02 20:03:12,843: 	 Myproxy is valid: 2411308
DEBUG 2019-07-02 20:03:12,844: 	 Command use: status
DEBUG 2019-07-02 20:03:12,844: 	 Options use: ['crab_jobs_signalJul02/crab_Wgamma94XSignal_Jul02/']
DEBUG 2019-07-02 20:03:12,986: 	 CRABClient version: 3.3.1904
DEBUG 2019-07-02 20:03:12,986: 	 Instance is prod
DEBUG 2019-07-02 20:03:12,986: 	 Server base url is cmsweb.cern.ch
DEBUG 2019-07-02 20:03:12,986: 	 Command url /crabserver/prod/workflow
DEBUG 2019-07-02 20:03:13,118: 	 Got information from server oracle database: {u'result': [u'190702_175903:xuyan_crab_Wgamma94XSignal_Jul02', u'None', u'None', u'SUBMITTED', u'SUBMIT', u'2019-07-02 17:59:03.266837', u'None', u'2019-07-02 18:00:56.800194', u'None', u'CMSSW_9_4_9', u'slc6_amd64_gcc630', u'/PythiaChargedResonance_WGToJJG_M1600_width5/RunIIFall17MiniAODv2-PU2017_12Apr2018_94X_mc2017_realistic_v14-v1/MINIAODSIM', u'F', u'0', u'[]', u'[]', u'FileBased', u"{'splitOnRun': False, 'halt_job_on_file_boundaries': False, 'files_per_job': 1, 'runs': [], 'lumis': []}", u'211e41a5a4f9b49ac9d549de93d5fed8b5b65eb364cd5eb9b355227f48842b5d.tar.gz', u'https://cmsweb.cern.ch/crabcache', u'xuyan', u'/DC=ch/DC=cern/OU=Organic Units/OU=Users/CN=xuyan/CN=803661/CN=Xuli Yan', u'cms', u'None', u'None', u'Wgamma94XSignal_Jul02-00000000000000000000000000000000', u'F', u'T3_US_Brown', u'https://cmsweb.cern.ch/dbs/prod/global/DBSReader', u'https://cmsweb.cern.ch/dbs/prod/phys03/DBSWriter', u'F', u'[]', u"['flatTuple.root']", u'[]', u'Analysis', u'pythia', u'None', u'{}', u'[]', u'T', u'crab-prod-tw01', u'[]', u'1250', u'1', u'2000', u'10', u'None', u'[]', u'http://vocms0198.cern.ch/mon/cms365/190702_175903:xuyan_crab_Wgamma94XSignal_Jul02', u'None', u'[]', u'[]', u'https://cmsweb.cern.ch/crabserver/prod', u'cmsgwms-collector-global.cern.ch:9620,cmssrv221.fnal.gov:9620', u'crab3@vocms0198.cern.ch', u'F', u'[]', u'T', u'/store/user/xuyan/', u'F', u'None', u'F', u'None', u'PythiaChargedResonance_WGToJJG_M1600_width5', u'None', u'4cb3566ac346439e7620dee92c1a28d13846b633b380e3d97a141c69ad9eacc2.tar.gz', u'36613021', u'filetransfers', u'F', u'188.185.67.105', u'0.0', u'None'], u'desc': {u'columns': [u'tm_taskname', u'tm_activity', u'panda_jobset_id', u'tm_task_status', u'tm_task_command', u'tm_start_time', u'tm_start_injection', u'tm_end_injection', u'tm_task_failure', u'tm_job_sw', u'tm_job_arch', u'tm_input_dataset', u'tm_nonvalid_input_dataset', u'tm_use_parent', u'tm_site_whitelist', u'tm_site_blacklist', u'tm_split_algo', u'tm_split_args', u'tm_user_sandbox', u'tm_cache_url', u'tm_username', u'tm_user_dn', u'tm_user_vo', u'tm_user_role', u'tm_user_group', u'tm_publish_name', u'tm_publish_groupname', u'tm_asyncdest', u'tm_dbs_url', u'tm_publish_dbs_url', u'tm_publication', u'tm_outfiles', u'tm_tfile_outfiles', u'tm_edm_outfiles', u'tm_job_type', u'tm_generator', u'tm_events_per_lumi', u'tm_arguments', u'panda_resubmitted_jobs', u'tm_save_logs', u'tw_name', u'tm_user_infiles', u'tm_maxjobruntime', u'tm_numcores', u'tm_maxmemory', u'tm_priority', u'tm_output_dataset', u'tm_task_warnings', u'tm_user_webdir', u'tm_scriptexe', u'tm_scriptargs', u'tm_extrajdl', u'tm_asourl', u'tm_collector', u'tm_schedd', u'tm_dry_run', u'tm_user_files', u'tm_transfer_outputs', u'tm_output_lfn', u'tm_ignore_locality', u'tm_fail_limit', u'tm_one_event_mode', u'tm_secondary_input_dataset', u'tm_primary_dataset', u'tm_last_publication', u'tm_debug_files', u'clusterid', u'tm_asodb', u'tm_ignore_global_blacklist', u'tm_submitter_ip_addr', u'tm_totalunits', u'tm_ddm_reqid']}}
INFO 2019-07-02 20:03:13,119: 	 CRAB project directory:		/afs/cern.ch/work/x/xuyan/work5/DEV/CMSSW_9_4_9/src/VgammaTuplizer/Ntuplizer/crab_jobs_signalJul02/crab_Wgamma94XSignal_Jul02
INFO 2019-07-02 20:03:13,120: 	 Task name:			190702_175903:xuyan_crab_Wgamma94XSignal_Jul02
INFO 2019-07-02 20:03:13,120: 	 Grid scheduler - Task Worker:	crab3@vocms0198.cern.ch - crab-prod-tw01
INFO 2019-07-02 20:03:13,120: 	 Status on the CRAB server:	SUBMITTED
INFO 2019-07-02 20:03:13,120: 	 Task URL to use for HELP:	https://cmsweb.cern.ch/crabserver/ui/task/190702_175903%3Axuyan_crab_Wgamma94XSignal_Jul02
INFO 2019-07-02 20:03:13,120: 	 Dashboard monitoring URL:	http://dashb-cms-job.cern.ch/dashboard/templates/task-analysis/#user=xuyan&refresh=0&table=Jobs&p=1&records=25&activemenu=2&status=&site=&tid=190702_175903%3Axuyan_crab_Wgamma94XSignal_Jul02
INFO 2019-07-02 20:03:13,120: 	 New dashboard monitoring URL:	https://monit-grafana.cern.ch/d/cmsTMDetail/cms-task-monitoring-task-view?orgId=11&var-user=xuyan&var-task=190702_175903%3Axuyan_crab_Wgamma94XSignal_Jul02
INFO 2019-07-02 20:03:13,120: 	 In case of issues with the new dashboard, please provide feedback to hn-cms-computing-tools@cern.ch
DEBUG 2019-07-02 20:03:13,120: 	 The CRAB server submitted your task to the Grid scheduler (cluster ID: 36613021)
DEBUG 2019-07-02 20:03:13,120: 	 Webdir is located at http://vocms0198.cern.ch/mon/cms365/190702_175903:xuyan_crab_Wgamma94XSignal_Jul02
DEBUG 2019-07-02 20:03:13,281: 	 Proxied webdir is located at https://cmsweb.cern.ch/scheddmon/0198/cms365/190702_175903:xuyan_crab_Wgamma94XSignal_Jul02
DEBUG 2019-07-02 20:03:13,281: 	 Retrieving 'status_cache' file from https://cmsweb.cern.ch/scheddmon/0198/cms365/190702_175903:xuyan_crab_Wgamma94XSignal_Jul02/status_cache
DEBUG 2019-07-02 20:03:13,385: 	 Got information from status cache file: {'1': {'Retries': 0, 'WallDurations': [0], 'StartTimes': [], 'SubmitTimes': [1562090485.0], 'JobIds': ['36613036.0'], 'EndTimes': [], 'Restarts': 0, 'RecordedSite': False, 'State': 'idle', 'ResidentSetSize': [0], 'TotalUserCpuTimeHistory': [0.0], 'SiteHistory': ['Unknown'], 'TotalSysCpuTimeHistory': [0.0]}, '3': {'Retries': 0, 'WallDurations': [0], 'StartTimes': [], 'SubmitTimes': [1562090485.0], 'JobIds': ['36613038.0'], 'EndTimes': [], 'Restarts': 0, 'RecordedSite': False, 'State': 'idle', 'ResidentSetSize': [0], 'TotalUserCpuTimeHistory': [0.0], 'SiteHistory': ['Unknown'], 'TotalSysCpuTimeHistory': [0.0]}, '2': {'Retries': 0, 'WallDurations': [0], 'StartTimes': [], 'SubmitTimes': [1562090486.0], 'JobIds': ['36613040.0'], 'EndTimes': [], 'Restarts': 0, 'RecordedSite': False, 'State': 'idle', 'ResidentSetSize': [0], 'TotalUserCpuTimeHistory': [0.0], 'SiteHistory': ['Unknown'], 'TotalSysCpuTimeHistory': [0.0]}, '4': {'Retries': 0, 'WallDurations': [0], 'StartTimes': [], 'SubmitTimes': [1562090486.0], 'JobIds': ['36613042.0'], 'EndTimes': [], 'Restarts': 0, 'RecordedSite': False, 'State': 'idle', 'ResidentSetSize': [0], 'TotalUserCpuTimeHistory': [0.0], 'SiteHistory': ['Unknown'], 'TotalSysCpuTimeHistory': [0.0]}}
INFO 2019-07-02 20:03:13,385: 	 Status on the scheduler:	SUBMITTED
INFO 2019-07-02 20:03:13,385: 	 
Jobs status:                    idle         		100.0% (4/4)
INFO 2019-07-02 20:03:13,386: 	 
No publication information (publication has been disabled in the CRAB configuration file)
INFO 2019-07-02 20:03:13,425: 	 Log file is /afs/cern.ch/work/x/xuyan/work5/DEV/CMSSW_9_4_9/src/VgammaTuplizer/Ntuplizer/crab_jobs_signalJul02/crab_Wgamma94XSignal_Jul02/crab.log
DEBUG 2019-07-02 20:10:57,206: 	 Executing command: 'status'
DEBUG 2019-07-02 20:10:57,207: 	 Found CRAB cache file /afs/cern.ch/user/x/xuyan/.crab3
DEBUG 2019-07-02 20:10:57,226: 	 Checking credentials
DEBUG 2019-07-02 20:10:57,227: 	 Found proxy file /tmp/x509up_u93529
DEBUG 2019-07-02 20:10:57,227: 	 Getting proxy life time left
DEBUG 2019-07-02 20:10:58,237: 	 Executing : 
 command : voms-proxy-info -file /tmp/x509up_u93529 -timeleft
 output : 18134

 error: 
 retcode : 0
DEBUG 2019-07-02 20:10:59,045: 	 Executing : 
 command : voms-proxy-info -file /tmp/x509up_u93529 -actimeleft
 output : 18134

 error: 
 retcode : 0
DEBUG 2019-07-02 20:10:59,045: 	 Proxy valid for 05:02:14 hours
DEBUG 2019-07-02 20:10:59,169: 	 Executing : 
 command : openssl x509 -in ~/.globus/usercert.pem -subject -noout
 output : subject= /DC=ch/DC=cern/OU=Organic Units/OU=Users/CN=xuyan/CN=803661/CN=Xuli Yan

 error: 
 retcode : 0
DEBUG 2019-07-02 20:10:59,169: 	 Checking credentials
DEBUG 2019-07-02 20:10:59,170: 	 Found proxy file /tmp/x509up_u93529
DEBUG 2019-07-02 20:10:59,170: 	 Getting proxy life time left
DEBUG 2019-07-02 20:10:59,978: 	 Executing : 
 command : voms-proxy-info -file /tmp/x509up_u93529 -timeleft
 output : 18133

 error: 
 retcode : 0
DEBUG 2019-07-02 20:11:00,785: 	 Executing : 
 command : voms-proxy-info -file /tmp/x509up_u93529 -actimeleft
 output : 18132

 error: 
 retcode : 0
DEBUG 2019-07-02 20:11:00,785: 	 Proxy lifetime 18133 secs is different from voms extension lifetime 18132 secs for proxy: /tmp/x509up_u93529
DEBUG 2019-07-02 20:11:00,785: 	 Proxy valid for 05:02:12 hours
DEBUG 2019-07-02 20:11:00,965: 	 Registering user credentials for server /DC=ch/DC=cern/OU=computers/CN=vocms(052|058|030|0118|0105|0109).cern.ch|/DC=ch/DC=cern/OU=computers/CN=crab-(preprod|prod)-tw(02|01).cern.ch
DEBUG 2019-07-02 20:11:01,081: 	 Executing : 
 command : openssl x509 -in ~/.globus/usercert.pem -subject -noout
 output : subject= /DC=ch/DC=cern/OU=Organic Units/OU=Users/CN=xuyan/CN=803661/CN=Xuli Yan

 error: 
 retcode : 0
DEBUG 2019-07-02 20:11:01,082: 	 Getting myproxy life time left for myproxy.cern.ch
DEBUG 2019-07-02 20:11:01,082: 	 Calculating hash of /DC=ch/DC=cern/OU=Organic Units/OU=Users/CN=xuyan/CN=803661/CN=Xuli Yan_cmsweb.cern.ch for credential name
DEBUG 2019-07-02 20:11:01,488: 	 Executing : 
 command : myproxy-info -l b1772a5c240352d6d735b714aa331919d3f56592 -s myproxy.cern.ch
 output : username: b1772a5c240352d6d735b714aa331919d3f56592
owner: /DC=ch/DC=cern/OU=Organic Units/OU=Users/CN=xuyan/CN=803661/CN=Xuli Yan
  renewal policy: /DC=ch/DC=cern/OU=computers/CN=vocms(052|058|030|0118|0105|0109).cern.ch|/DC=ch/DC=cern/OU=computers/CN=crab-(preprod|prod)-tw(02|01).cern.ch
  trusted retrieval policy: /DC=ch/DC=cern/OU=computers/CN=vocms(052|058|030|0118|0105|0109).cern.ch|/DC=ch/DC=cern/OU=computers/CN=crab-(preprod|prod)-tw(02|01).cern.ch
  timeleft: 669:40:39  (27.9 days)

 error: 
 retcode : 0
DEBUG 2019-07-02 20:11:01,489: 	 Myproxy is valid: 2410839
DEBUG 2019-07-02 20:11:01,493: 	 Command use: status
DEBUG 2019-07-02 20:11:01,494: 	 Options use: ['crab_jobs_signalJul02/crab_Wgamma94XSignal_Jul02/']
DEBUG 2019-07-02 20:11:01,646: 	 CRABClient version: 3.3.1904
DEBUG 2019-07-02 20:11:01,646: 	 Instance is prod
DEBUG 2019-07-02 20:11:01,646: 	 Server base url is cmsweb.cern.ch
DEBUG 2019-07-02 20:11:01,646: 	 Command url /crabserver/prod/workflow
DEBUG 2019-07-02 20:11:01,815: 	 Got information from server oracle database: {u'result': [u'190702_175903:xuyan_crab_Wgamma94XSignal_Jul02', u'None', u'None', u'SUBMITTED', u'SUBMIT', u'2019-07-02 17:59:03.266837', u'None', u'2019-07-02 18:00:56.800194', u'None', u'CMSSW_9_4_9', u'slc6_amd64_gcc630', u'/PythiaChargedResonance_WGToJJG_M1600_width5/RunIIFall17MiniAODv2-PU2017_12Apr2018_94X_mc2017_realistic_v14-v1/MINIAODSIM', u'F', u'0', u'[]', u'[]', u'FileBased', u"{'splitOnRun': False, 'halt_job_on_file_boundaries': False, 'files_per_job': 1, 'runs': [], 'lumis': []}", u'211e41a5a4f9b49ac9d549de93d5fed8b5b65eb364cd5eb9b355227f48842b5d.tar.gz', u'https://cmsweb.cern.ch/crabcache', u'xuyan', u'/DC=ch/DC=cern/OU=Organic Units/OU=Users/CN=xuyan/CN=803661/CN=Xuli Yan', u'cms', u'None', u'None', u'Wgamma94XSignal_Jul02-00000000000000000000000000000000', u'F', u'T3_US_Brown', u'https://cmsweb.cern.ch/dbs/prod/global/DBSReader', u'https://cmsweb.cern.ch/dbs/prod/phys03/DBSWriter', u'F', u'[]', u"['flatTuple.root']", u'[]', u'Analysis', u'pythia', u'None', u'{}', u'[]', u'T', u'crab-prod-tw01', u'[]', u'1250', u'1', u'2000', u'10', u'None', u'[]', u'http://vocms0198.cern.ch/mon/cms365/190702_175903:xuyan_crab_Wgamma94XSignal_Jul02', u'None', u'[]', u'[]', u'https://cmsweb.cern.ch/crabserver/prod', u'cmsgwms-collector-global.cern.ch:9620,cmssrv221.fnal.gov:9620', u'crab3@vocms0198.cern.ch', u'F', u'[]', u'T', u'/store/user/xuyan/', u'F', u'None', u'F', u'None', u'PythiaChargedResonance_WGToJJG_M1600_width5', u'None', u'4cb3566ac346439e7620dee92c1a28d13846b633b380e3d97a141c69ad9eacc2.tar.gz', u'36613021', u'filetransfers', u'F', u'188.185.67.105', u'0.0', u'None'], u'desc': {u'columns': [u'tm_taskname', u'tm_activity', u'panda_jobset_id', u'tm_task_status', u'tm_task_command', u'tm_start_time', u'tm_start_injection', u'tm_end_injection', u'tm_task_failure', u'tm_job_sw', u'tm_job_arch', u'tm_input_dataset', u'tm_nonvalid_input_dataset', u'tm_use_parent', u'tm_site_whitelist', u'tm_site_blacklist', u'tm_split_algo', u'tm_split_args', u'tm_user_sandbox', u'tm_cache_url', u'tm_username', u'tm_user_dn', u'tm_user_vo', u'tm_user_role', u'tm_user_group', u'tm_publish_name', u'tm_publish_groupname', u'tm_asyncdest', u'tm_dbs_url', u'tm_publish_dbs_url', u'tm_publication', u'tm_outfiles', u'tm_tfile_outfiles', u'tm_edm_outfiles', u'tm_job_type', u'tm_generator', u'tm_events_per_lumi', u'tm_arguments', u'panda_resubmitted_jobs', u'tm_save_logs', u'tw_name', u'tm_user_infiles', u'tm_maxjobruntime', u'tm_numcores', u'tm_maxmemory', u'tm_priority', u'tm_output_dataset', u'tm_task_warnings', u'tm_user_webdir', u'tm_scriptexe', u'tm_scriptargs', u'tm_extrajdl', u'tm_asourl', u'tm_collector', u'tm_schedd', u'tm_dry_run', u'tm_user_files', u'tm_transfer_outputs', u'tm_output_lfn', u'tm_ignore_locality', u'tm_fail_limit', u'tm_one_event_mode', u'tm_secondary_input_dataset', u'tm_primary_dataset', u'tm_last_publication', u'tm_debug_files', u'clusterid', u'tm_asodb', u'tm_ignore_global_blacklist', u'tm_submitter_ip_addr', u'tm_totalunits', u'tm_ddm_reqid']}}
INFO 2019-07-02 20:11:01,816: 	 CRAB project directory:		/afs/cern.ch/work/x/xuyan/work5/DEV/CMSSW_9_4_9/src/VgammaTuplizer/Ntuplizer/crab_jobs_signalJul02/crab_Wgamma94XSignal_Jul02
INFO 2019-07-02 20:11:01,819: 	 Task name:			190702_175903:xuyan_crab_Wgamma94XSignal_Jul02
INFO 2019-07-02 20:11:01,819: 	 Grid scheduler - Task Worker:	crab3@vocms0198.cern.ch - crab-prod-tw01
INFO 2019-07-02 20:11:01,819: 	 Status on the CRAB server:	SUBMITTED
INFO 2019-07-02 20:11:01,819: 	 Task URL to use for HELP:	https://cmsweb.cern.ch/crabserver/ui/task/190702_175903%3Axuyan_crab_Wgamma94XSignal_Jul02
INFO 2019-07-02 20:11:01,819: 	 Dashboard monitoring URL:	http://dashb-cms-job.cern.ch/dashboard/templates/task-analysis/#user=xuyan&refresh=0&table=Jobs&p=1&records=25&activemenu=2&status=&site=&tid=190702_175903%3Axuyan_crab_Wgamma94XSignal_Jul02
INFO 2019-07-02 20:11:01,819: 	 New dashboard monitoring URL:	https://monit-grafana.cern.ch/d/cmsTMDetail/cms-task-monitoring-task-view?orgId=11&var-user=xuyan&var-task=190702_175903%3Axuyan_crab_Wgamma94XSignal_Jul02
INFO 2019-07-02 20:11:01,819: 	 In case of issues with the new dashboard, please provide feedback to hn-cms-computing-tools@cern.ch
DEBUG 2019-07-02 20:11:01,819: 	 The CRAB server submitted your task to the Grid scheduler (cluster ID: 36613021)
DEBUG 2019-07-02 20:11:01,819: 	 Webdir is located at http://vocms0198.cern.ch/mon/cms365/190702_175903:xuyan_crab_Wgamma94XSignal_Jul02
DEBUG 2019-07-02 20:11:01,985: 	 Proxied webdir is located at https://cmsweb.cern.ch/scheddmon/0198/cms365/190702_175903:xuyan_crab_Wgamma94XSignal_Jul02
DEBUG 2019-07-02 20:11:01,985: 	 Retrieving 'status_cache' file from https://cmsweb.cern.ch/scheddmon/0198/cms365/190702_175903:xuyan_crab_Wgamma94XSignal_Jul02/status_cache
DEBUG 2019-07-02 20:11:02,063: 	 Got information from status cache file: {'1': {'Retries': 0, 'WallDurations': [0], 'StartTimes': [], 'SubmitTimes': [1562090485.0], 'JobIds': ['36613036.0'], 'EndTimes': [], 'Restarts': 0, 'RecordedSite': False, 'State': 'idle', 'ResidentSetSize': [0], 'TotalUserCpuTimeHistory': [0.0], 'SiteHistory': ['Unknown'], 'TotalSysCpuTimeHistory': [0.0]}, '3': {'Retries': 0, 'WallDurations': [0], 'StartTimes': [], 'SubmitTimes': [1562090485.0], 'JobIds': ['36613038.0'], 'EndTimes': [], 'Restarts': 0, 'RecordedSite': False, 'State': 'idle', 'ResidentSetSize': [0], 'TotalUserCpuTimeHistory': [0.0], 'SiteHistory': ['Unknown'], 'TotalSysCpuTimeHistory': [0.0]}, '2': {'Retries': 0, 'WallDurations': [0], 'StartTimes': [], 'SubmitTimes': [1562090486.0], 'JobIds': ['36613040.0'], 'EndTimes': [], 'Restarts': 0, 'RecordedSite': False, 'State': 'idle', 'ResidentSetSize': [0], 'TotalUserCpuTimeHistory': [0.0], 'SiteHistory': ['Unknown'], 'TotalSysCpuTimeHistory': [0.0]}, '4': {'Retries': 0, 'WallDurations': [0], 'StartTimes': [], 'SubmitTimes': [1562090486.0], 'JobIds': ['36613042.0'], 'EndTimes': [], 'Restarts': 0, 'RecordedSite': False, 'State': 'idle', 'ResidentSetSize': [0], 'TotalUserCpuTimeHistory': [0.0], 'SiteHistory': ['Unknown'], 'TotalSysCpuTimeHistory': [0.0]}}
INFO 2019-07-02 20:11:02,063: 	 Status on the scheduler:	SUBMITTED
INFO 2019-07-02 20:11:02,063: 	 
Jobs status:                    idle         		100.0% (4/4)
INFO 2019-07-02 20:11:02,063: 	 
No publication information (publication has been disabled in the CRAB configuration file)
INFO 2019-07-02 20:11:02,087: 	 Log file is /afs/cern.ch/work/x/xuyan/work5/DEV/CMSSW_9_4_9/src/VgammaTuplizer/Ntuplizer/crab_jobs_signalJul02/crab_Wgamma94XSignal_Jul02/crab.log
DEBUG 2019-07-02 20:13:13,396: 	 Executing command: 'status'
DEBUG 2019-07-02 20:13:13,396: 	 Found CRAB cache file /afs/cern.ch/user/x/xuyan/.crab3
DEBUG 2019-07-02 20:13:13,416: 	 Checking credentials
DEBUG 2019-07-02 20:13:13,418: 	 Found proxy file /tmp/x509up_u93529
DEBUG 2019-07-02 20:13:13,418: 	 Getting proxy life time left
DEBUG 2019-07-02 20:13:14,328: 	 Executing : 
 command : voms-proxy-info -file /tmp/x509up_u93529 -timeleft
 output : 17998

 error: 
 retcode : 0
DEBUG 2019-07-02 20:13:15,137: 	 Executing : 
 command : voms-proxy-info -file /tmp/x509up_u93529 -actimeleft
 output : 17997

 error: 
 retcode : 0
DEBUG 2019-07-02 20:13:15,137: 	 Proxy lifetime 17998 secs is different from voms extension lifetime 17997 secs for proxy: /tmp/x509up_u93529
DEBUG 2019-07-02 20:13:15,137: 	 Proxy valid for 04:59:57 hours
DEBUG 2019-07-02 20:13:15,259: 	 Executing : 
 command : openssl x509 -in ~/.globus/usercert.pem -subject -noout
 output : subject= /DC=ch/DC=cern/OU=Organic Units/OU=Users/CN=xuyan/CN=803661/CN=Xuli Yan

 error: 
 retcode : 0
DEBUG 2019-07-02 20:13:15,259: 	 Checking credentials
DEBUG 2019-07-02 20:13:15,260: 	 Found proxy file /tmp/x509up_u93529
DEBUG 2019-07-02 20:13:15,260: 	 Getting proxy life time left
DEBUG 2019-07-02 20:13:16,067: 	 Executing : 
 command : voms-proxy-info -file /tmp/x509up_u93529 -timeleft
 output : 17997

 error: 
 retcode : 0
DEBUG 2019-07-02 20:13:17,077: 	 Executing : 
 command : voms-proxy-info -file /tmp/x509up_u93529 -actimeleft
 output : 17996

 error: 
 retcode : 0
DEBUG 2019-07-02 20:13:17,077: 	 Proxy lifetime 17997 secs is different from voms extension lifetime 17996 secs for proxy: /tmp/x509up_u93529
DEBUG 2019-07-02 20:13:17,077: 	 Proxy valid for 04:59:56 hours
DEBUG 2019-07-02 20:13:17,266: 	 Registering user credentials for server /DC=ch/DC=cern/OU=computers/CN=vocms(052|058|030|0118|0105|0109).cern.ch|/DC=ch/DC=cern/OU=computers/CN=crab-(preprod|prod)-tw(02|01).cern.ch
DEBUG 2019-07-02 20:13:17,378: 	 Executing : 
 command : openssl x509 -in ~/.globus/usercert.pem -subject -noout
 output : subject= /DC=ch/DC=cern/OU=Organic Units/OU=Users/CN=xuyan/CN=803661/CN=Xuli Yan

 error: 
 retcode : 0
DEBUG 2019-07-02 20:13:17,378: 	 Getting myproxy life time left for myproxy.cern.ch
DEBUG 2019-07-02 20:13:17,379: 	 Calculating hash of /DC=ch/DC=cern/OU=Organic Units/OU=Users/CN=xuyan/CN=803661/CN=Xuli Yan_cmsweb.cern.ch for credential name
DEBUG 2019-07-02 20:13:17,784: 	 Executing : 
 command : myproxy-info -l b1772a5c240352d6d735b714aa331919d3f56592 -s myproxy.cern.ch
 output : username: b1772a5c240352d6d735b714aa331919d3f56592
owner: /DC=ch/DC=cern/OU=Organic Units/OU=Users/CN=xuyan/CN=803661/CN=Xuli Yan
  renewal policy: /DC=ch/DC=cern/OU=computers/CN=vocms(052|058|030|0118|0105|0109).cern.ch|/DC=ch/DC=cern/OU=computers/CN=crab-(preprod|prod)-tw(02|01).cern.ch
  trusted retrieval policy: /DC=ch/DC=cern/OU=computers/CN=vocms(052|058|030|0118|0105|0109).cern.ch|/DC=ch/DC=cern/OU=computers/CN=crab-(preprod|prod)-tw(02|01).cern.ch
  timeleft: 669:38:23  (27.9 days)

 error: 
 retcode : 0
DEBUG 2019-07-02 20:13:17,786: 	 Myproxy is valid: 2410703
DEBUG 2019-07-02 20:13:17,787: 	 Command use: status
DEBUG 2019-07-02 20:13:17,787: 	 Options use: ['crab_jobs_signalJul02/crab_Wgamma94XSignal_Jul02/']
DEBUG 2019-07-02 20:13:17,914: 	 CRABClient version: 3.3.1904
DEBUG 2019-07-02 20:13:17,914: 	 Instance is prod
DEBUG 2019-07-02 20:13:17,914: 	 Server base url is cmsweb.cern.ch
DEBUG 2019-07-02 20:13:17,914: 	 Command url /crabserver/prod/workflow
DEBUG 2019-07-02 20:13:18,066: 	 Got information from server oracle database: {u'result': [u'190702_175903:xuyan_crab_Wgamma94XSignal_Jul02', u'None', u'None', u'SUBMITTED', u'SUBMIT', u'2019-07-02 17:59:03.266837', u'None', u'2019-07-02 18:00:56.800194', u'None', u'CMSSW_9_4_9', u'slc6_amd64_gcc630', u'/PythiaChargedResonance_WGToJJG_M1600_width5/RunIIFall17MiniAODv2-PU2017_12Apr2018_94X_mc2017_realistic_v14-v1/MINIAODSIM', u'F', u'0', u'[]', u'[]', u'FileBased', u"{'splitOnRun': False, 'halt_job_on_file_boundaries': False, 'files_per_job': 1, 'runs': [], 'lumis': []}", u'211e41a5a4f9b49ac9d549de93d5fed8b5b65eb364cd5eb9b355227f48842b5d.tar.gz', u'https://cmsweb.cern.ch/crabcache', u'xuyan', u'/DC=ch/DC=cern/OU=Organic Units/OU=Users/CN=xuyan/CN=803661/CN=Xuli Yan', u'cms', u'None', u'None', u'Wgamma94XSignal_Jul02-00000000000000000000000000000000', u'F', u'T3_US_Brown', u'https://cmsweb.cern.ch/dbs/prod/global/DBSReader', u'https://cmsweb.cern.ch/dbs/prod/phys03/DBSWriter', u'F', u'[]', u"['flatTuple.root']", u'[]', u'Analysis', u'pythia', u'None', u'{}', u'[]', u'T', u'crab-prod-tw01', u'[]', u'1250', u'1', u'2000', u'10', u'None', u'[]', u'http://vocms0198.cern.ch/mon/cms365/190702_175903:xuyan_crab_Wgamma94XSignal_Jul02', u'None', u'[]', u'[]', u'https://cmsweb.cern.ch/crabserver/prod', u'cmsgwms-collector-global.cern.ch:9620,cmssrv221.fnal.gov:9620', u'crab3@vocms0198.cern.ch', u'F', u'[]', u'T', u'/store/user/xuyan/', u'F', u'None', u'F', u'None', u'PythiaChargedResonance_WGToJJG_M1600_width5', u'None', u'4cb3566ac346439e7620dee92c1a28d13846b633b380e3d97a141c69ad9eacc2.tar.gz', u'36613021', u'filetransfers', u'F', u'188.185.67.105', u'0.0', u'None'], u'desc': {u'columns': [u'tm_taskname', u'tm_activity', u'panda_jobset_id', u'tm_task_status', u'tm_task_command', u'tm_start_time', u'tm_start_injection', u'tm_end_injection', u'tm_task_failure', u'tm_job_sw', u'tm_job_arch', u'tm_input_dataset', u'tm_nonvalid_input_dataset', u'tm_use_parent', u'tm_site_whitelist', u'tm_site_blacklist', u'tm_split_algo', u'tm_split_args', u'tm_user_sandbox', u'tm_cache_url', u'tm_username', u'tm_user_dn', u'tm_user_vo', u'tm_user_role', u'tm_user_group', u'tm_publish_name', u'tm_publish_groupname', u'tm_asyncdest', u'tm_dbs_url', u'tm_publish_dbs_url', u'tm_publication', u'tm_outfiles', u'tm_tfile_outfiles', u'tm_edm_outfiles', u'tm_job_type', u'tm_generator', u'tm_events_per_lumi', u'tm_arguments', u'panda_resubmitted_jobs', u'tm_save_logs', u'tw_name', u'tm_user_infiles', u'tm_maxjobruntime', u'tm_numcores', u'tm_maxmemory', u'tm_priority', u'tm_output_dataset', u'tm_task_warnings', u'tm_user_webdir', u'tm_scriptexe', u'tm_scriptargs', u'tm_extrajdl', u'tm_asourl', u'tm_collector', u'tm_schedd', u'tm_dry_run', u'tm_user_files', u'tm_transfer_outputs', u'tm_output_lfn', u'tm_ignore_locality', u'tm_fail_limit', u'tm_one_event_mode', u'tm_secondary_input_dataset', u'tm_primary_dataset', u'tm_last_publication', u'tm_debug_files', u'clusterid', u'tm_asodb', u'tm_ignore_global_blacklist', u'tm_submitter_ip_addr', u'tm_totalunits', u'tm_ddm_reqid']}}
INFO 2019-07-02 20:13:18,066: 	 CRAB project directory:		/afs/cern.ch/work/x/xuyan/work5/DEV/CMSSW_9_4_9/src/VgammaTuplizer/Ntuplizer/crab_jobs_signalJul02/crab_Wgamma94XSignal_Jul02
INFO 2019-07-02 20:13:18,067: 	 Task name:			190702_175903:xuyan_crab_Wgamma94XSignal_Jul02
INFO 2019-07-02 20:13:18,067: 	 Grid scheduler - Task Worker:	crab3@vocms0198.cern.ch - crab-prod-tw01
INFO 2019-07-02 20:13:18,067: 	 Status on the CRAB server:	SUBMITTED
INFO 2019-07-02 20:13:18,067: 	 Task URL to use for HELP:	https://cmsweb.cern.ch/crabserver/ui/task/190702_175903%3Axuyan_crab_Wgamma94XSignal_Jul02
INFO 2019-07-02 20:13:18,067: 	 Dashboard monitoring URL:	http://dashb-cms-job.cern.ch/dashboard/templates/task-analysis/#user=xuyan&refresh=0&table=Jobs&p=1&records=25&activemenu=2&status=&site=&tid=190702_175903%3Axuyan_crab_Wgamma94XSignal_Jul02
INFO 2019-07-02 20:13:18,067: 	 New dashboard monitoring URL:	https://monit-grafana.cern.ch/d/cmsTMDetail/cms-task-monitoring-task-view?orgId=11&var-user=xuyan&var-task=190702_175903%3Axuyan_crab_Wgamma94XSignal_Jul02
INFO 2019-07-02 20:13:18,067: 	 In case of issues with the new dashboard, please provide feedback to hn-cms-computing-tools@cern.ch
DEBUG 2019-07-02 20:13:18,067: 	 The CRAB server submitted your task to the Grid scheduler (cluster ID: 36613021)
DEBUG 2019-07-02 20:13:18,067: 	 Webdir is located at http://vocms0198.cern.ch/mon/cms365/190702_175903:xuyan_crab_Wgamma94XSignal_Jul02
DEBUG 2019-07-02 20:13:18,222: 	 Proxied webdir is located at https://cmsweb.cern.ch/scheddmon/0198/cms365/190702_175903:xuyan_crab_Wgamma94XSignal_Jul02
DEBUG 2019-07-02 20:13:18,222: 	 Retrieving 'status_cache' file from https://cmsweb.cern.ch/scheddmon/0198/cms365/190702_175903:xuyan_crab_Wgamma94XSignal_Jul02/status_cache
DEBUG 2019-07-02 20:13:18,300: 	 Got information from status cache file: {'1': {'Retries': 0, 'WallDurations': [0], 'StartTimes': [], 'SubmitTimes': [1562090485.0], 'JobIds': ['36613036.0'], 'EndTimes': [], 'Restarts': 0, 'RecordedSite': False, 'State': 'idle', 'ResidentSetSize': [0], 'TotalUserCpuTimeHistory': [0.0], 'SiteHistory': ['Unknown'], 'TotalSysCpuTimeHistory': [0.0]}, '3': {'Retries': 0, 'WallDurations': [0], 'StartTimes': [], 'SubmitTimes': [1562090485.0], 'JobIds': ['36613038.0'], 'EndTimes': [], 'Restarts': 0, 'RecordedSite': False, 'State': 'idle', 'ResidentSetSize': [0], 'TotalUserCpuTimeHistory': [0.0], 'SiteHistory': ['Unknown'], 'TotalSysCpuTimeHistory': [0.0]}, '2': {'Retries': 0, 'WallDurations': [0], 'StartTimes': [], 'SubmitTimes': [1562090486.0], 'JobIds': ['36613040.0'], 'EndTimes': [], 'Restarts': 0, 'RecordedSite': False, 'State': 'idle', 'ResidentSetSize': [0], 'TotalUserCpuTimeHistory': [0.0], 'SiteHistory': ['Unknown'], 'TotalSysCpuTimeHistory': [0.0]}, '4': {'Retries': 0, 'WallDurations': [0], 'StartTimes': [], 'SubmitTimes': [1562090486.0], 'JobIds': ['36613042.0'], 'EndTimes': [], 'Restarts': 0, 'RecordedSite': False, 'State': 'idle', 'ResidentSetSize': [0], 'TotalUserCpuTimeHistory': [0.0], 'SiteHistory': ['Unknown'], 'TotalSysCpuTimeHistory': [0.0]}}
INFO 2019-07-02 20:13:18,301: 	 Status on the scheduler:	SUBMITTED
INFO 2019-07-02 20:13:18,301: 	 
Jobs status:                    idle         		100.0% (4/4)
INFO 2019-07-02 20:13:18,301: 	 
No publication information (publication has been disabled in the CRAB configuration file)
INFO 2019-07-02 20:13:18,319: 	 Log file is /afs/cern.ch/work/x/xuyan/work5/DEV/CMSSW_9_4_9/src/VgammaTuplizer/Ntuplizer/crab_jobs_signalJul02/crab_Wgamma94XSignal_Jul02/crab.log
DEBUG 2019-07-02 20:17:15,268: 	 Executing command: 'status'
DEBUG 2019-07-02 20:17:15,269: 	 Found CRAB cache file /afs/cern.ch/user/x/xuyan/.crab3
DEBUG 2019-07-02 20:17:16,322: 	 Checking credentials
DEBUG 2019-07-02 20:17:16,323: 	 Found proxy file /tmp/x509up_u93529
DEBUG 2019-07-02 20:17:16,323: 	 Getting proxy life time left
DEBUG 2019-07-02 20:17:17,430: 	 Executing : 
 command : voms-proxy-info -file /tmp/x509up_u93529 -timeleft
 output : 17755

 error: 
 retcode : 0
DEBUG 2019-07-02 20:17:18,240: 	 Executing : 
 command : voms-proxy-info -file /tmp/x509up_u93529 -actimeleft
 output : 17754

 error: 
 retcode : 0
DEBUG 2019-07-02 20:17:18,240: 	 Proxy lifetime 17755 secs is different from voms extension lifetime 17754 secs for proxy: /tmp/x509up_u93529
DEBUG 2019-07-02 20:17:18,240: 	 Proxy valid for 04:55:54 hours
DEBUG 2019-07-02 20:17:18,360: 	 Executing : 
 command : openssl x509 -in ~/.globus/usercert.pem -subject -noout
 output : subject= /DC=ch/DC=cern/OU=Organic Units/OU=Users/CN=xuyan/CN=803661/CN=Xuli Yan

 error: 
 retcode : 0
DEBUG 2019-07-02 20:17:18,360: 	 Checking credentials
DEBUG 2019-07-02 20:17:18,361: 	 Found proxy file /tmp/x509up_u93529
DEBUG 2019-07-02 20:17:18,361: 	 Getting proxy life time left
DEBUG 2019-07-02 20:17:19,168: 	 Executing : 
 command : voms-proxy-info -file /tmp/x509up_u93529 -timeleft
 output : 17753

 error: 
 retcode : 0
DEBUG 2019-07-02 20:17:20,087: 	 Executing : 
 command : voms-proxy-info -file /tmp/x509up_u93529 -actimeleft
 output : 17753

 error: 
 retcode : 0
DEBUG 2019-07-02 20:17:20,087: 	 Proxy valid for 04:55:53 hours
DEBUG 2019-07-02 20:17:20,258: 	 Registering user credentials for server /DC=ch/DC=cern/OU=computers/CN=vocms(052|058|030|0118|0105|0109).cern.ch|/DC=ch/DC=cern/OU=computers/CN=crab-(preprod|prod)-tw(02|01).cern.ch
DEBUG 2019-07-02 20:17:20,374: 	 Executing : 
 command : openssl x509 -in ~/.globus/usercert.pem -subject -noout
 output : subject= /DC=ch/DC=cern/OU=Organic Units/OU=Users/CN=xuyan/CN=803661/CN=Xuli Yan

 error: 
 retcode : 0
DEBUG 2019-07-02 20:17:20,375: 	 Getting myproxy life time left for myproxy.cern.ch
DEBUG 2019-07-02 20:17:20,375: 	 Calculating hash of /DC=ch/DC=cern/OU=Organic Units/OU=Users/CN=xuyan/CN=803661/CN=Xuli Yan_cmsweb.cern.ch for credential name
DEBUG 2019-07-02 20:17:20,781: 	 Executing : 
 command : myproxy-info -l b1772a5c240352d6d735b714aa331919d3f56592 -s myproxy.cern.ch
 output : username: b1772a5c240352d6d735b714aa331919d3f56592
owner: /DC=ch/DC=cern/OU=Organic Units/OU=Users/CN=xuyan/CN=803661/CN=Xuli Yan
  renewal policy: /DC=ch/DC=cern/OU=computers/CN=vocms(052|058|030|0118|0105|0109).cern.ch|/DC=ch/DC=cern/OU=computers/CN=crab-(preprod|prod)-tw(02|01).cern.ch
  trusted retrieval policy: /DC=ch/DC=cern/OU=computers/CN=vocms(052|058|030|0118|0105|0109).cern.ch|/DC=ch/DC=cern/OU=computers/CN=crab-(preprod|prod)-tw(02|01).cern.ch
  timeleft: 669:34:20  (27.9 days)

 error: 
 retcode : 0
DEBUG 2019-07-02 20:17:20,782: 	 Myproxy is valid: 2410460
DEBUG 2019-07-02 20:17:20,784: 	 Command use: status
DEBUG 2019-07-02 20:17:20,784: 	 Options use: ['crab_jobs_signalJul02/crab_Wgamma94XSignal_Jul02/']
DEBUG 2019-07-02 20:17:20,885: 	 CRABClient version: 3.3.1904
DEBUG 2019-07-02 20:17:20,886: 	 Instance is prod
DEBUG 2019-07-02 20:17:20,886: 	 Server base url is cmsweb.cern.ch
DEBUG 2019-07-02 20:17:20,886: 	 Command url /crabserver/prod/workflow
DEBUG 2019-07-02 20:17:21,010: 	 Got information from server oracle database: {u'result': [u'190702_175903:xuyan_crab_Wgamma94XSignal_Jul02', u'None', u'None', u'SUBMITTED', u'SUBMIT', u'2019-07-02 17:59:03.266837', u'None', u'2019-07-02 18:00:56.800194', u'None', u'CMSSW_9_4_9', u'slc6_amd64_gcc630', u'/PythiaChargedResonance_WGToJJG_M1600_width5/RunIIFall17MiniAODv2-PU2017_12Apr2018_94X_mc2017_realistic_v14-v1/MINIAODSIM', u'F', u'0', u'[]', u'[]', u'FileBased', u"{'splitOnRun': False, 'halt_job_on_file_boundaries': False, 'files_per_job': 1, 'runs': [], 'lumis': []}", u'211e41a5a4f9b49ac9d549de93d5fed8b5b65eb364cd5eb9b355227f48842b5d.tar.gz', u'https://cmsweb.cern.ch/crabcache', u'xuyan', u'/DC=ch/DC=cern/OU=Organic Units/OU=Users/CN=xuyan/CN=803661/CN=Xuli Yan', u'cms', u'None', u'None', u'Wgamma94XSignal_Jul02-00000000000000000000000000000000', u'F', u'T3_US_Brown', u'https://cmsweb.cern.ch/dbs/prod/global/DBSReader', u'https://cmsweb.cern.ch/dbs/prod/phys03/DBSWriter', u'F', u'[]', u"['flatTuple.root']", u'[]', u'Analysis', u'pythia', u'None', u'{}', u'[]', u'T', u'crab-prod-tw01', u'[]', u'1250', u'1', u'2000', u'10', u'None', u'[]', u'http://vocms0198.cern.ch/mon/cms365/190702_175903:xuyan_crab_Wgamma94XSignal_Jul02', u'None', u'[]', u'[]', u'https://cmsweb.cern.ch/crabserver/prod', u'cmsgwms-collector-global.cern.ch:9620,cmssrv221.fnal.gov:9620', u'crab3@vocms0198.cern.ch', u'F', u'[]', u'T', u'/store/user/xuyan/', u'F', u'None', u'F', u'None', u'PythiaChargedResonance_WGToJJG_M1600_width5', u'None', u'4cb3566ac346439e7620dee92c1a28d13846b633b380e3d97a141c69ad9eacc2.tar.gz', u'36613021', u'filetransfers', u'F', u'188.185.67.105', u'0.0', u'None'], u'desc': {u'columns': [u'tm_taskname', u'tm_activity', u'panda_jobset_id', u'tm_task_status', u'tm_task_command', u'tm_start_time', u'tm_start_injection', u'tm_end_injection', u'tm_task_failure', u'tm_job_sw', u'tm_job_arch', u'tm_input_dataset', u'tm_nonvalid_input_dataset', u'tm_use_parent', u'tm_site_whitelist', u'tm_site_blacklist', u'tm_split_algo', u'tm_split_args', u'tm_user_sandbox', u'tm_cache_url', u'tm_username', u'tm_user_dn', u'tm_user_vo', u'tm_user_role', u'tm_user_group', u'tm_publish_name', u'tm_publish_groupname', u'tm_asyncdest', u'tm_dbs_url', u'tm_publish_dbs_url', u'tm_publication', u'tm_outfiles', u'tm_tfile_outfiles', u'tm_edm_outfiles', u'tm_job_type', u'tm_generator', u'tm_events_per_lumi', u'tm_arguments', u'panda_resubmitted_jobs', u'tm_save_logs', u'tw_name', u'tm_user_infiles', u'tm_maxjobruntime', u'tm_numcores', u'tm_maxmemory', u'tm_priority', u'tm_output_dataset', u'tm_task_warnings', u'tm_user_webdir', u'tm_scriptexe', u'tm_scriptargs', u'tm_extrajdl', u'tm_asourl', u'tm_collector', u'tm_schedd', u'tm_dry_run', u'tm_user_files', u'tm_transfer_outputs', u'tm_output_lfn', u'tm_ignore_locality', u'tm_fail_limit', u'tm_one_event_mode', u'tm_secondary_input_dataset', u'tm_primary_dataset', u'tm_last_publication', u'tm_debug_files', u'clusterid', u'tm_asodb', u'tm_ignore_global_blacklist', u'tm_submitter_ip_addr', u'tm_totalunits', u'tm_ddm_reqid']}}
INFO 2019-07-02 20:17:21,011: 	 CRAB project directory:		/afs/cern.ch/work/x/xuyan/work5/DEV/CMSSW_9_4_9/src/VgammaTuplizer/Ntuplizer/crab_jobs_signalJul02/crab_Wgamma94XSignal_Jul02
INFO 2019-07-02 20:17:21,012: 	 Task name:			190702_175903:xuyan_crab_Wgamma94XSignal_Jul02
INFO 2019-07-02 20:17:21,012: 	 Grid scheduler - Task Worker:	crab3@vocms0198.cern.ch - crab-prod-tw01
INFO 2019-07-02 20:17:21,012: 	 Status on the CRAB server:	SUBMITTED
INFO 2019-07-02 20:17:21,012: 	 Task URL to use for HELP:	https://cmsweb.cern.ch/crabserver/ui/task/190702_175903%3Axuyan_crab_Wgamma94XSignal_Jul02
INFO 2019-07-02 20:17:21,012: 	 Dashboard monitoring URL:	http://dashb-cms-job.cern.ch/dashboard/templates/task-analysis/#user=xuyan&refresh=0&table=Jobs&p=1&records=25&activemenu=2&status=&site=&tid=190702_175903%3Axuyan_crab_Wgamma94XSignal_Jul02
INFO 2019-07-02 20:17:21,012: 	 New dashboard monitoring URL:	https://monit-grafana.cern.ch/d/cmsTMDetail/cms-task-monitoring-task-view?orgId=11&var-user=xuyan&var-task=190702_175903%3Axuyan_crab_Wgamma94XSignal_Jul02
INFO 2019-07-02 20:17:21,012: 	 In case of issues with the new dashboard, please provide feedback to hn-cms-computing-tools@cern.ch
DEBUG 2019-07-02 20:17:21,012: 	 The CRAB server submitted your task to the Grid scheduler (cluster ID: 36613021)
DEBUG 2019-07-02 20:17:21,012: 	 Webdir is located at http://vocms0198.cern.ch/mon/cms365/190702_175903:xuyan_crab_Wgamma94XSignal_Jul02
DEBUG 2019-07-02 20:17:21,109: 	 Proxied webdir is located at https://cmsweb.cern.ch/scheddmon/0198/cms365/190702_175903:xuyan_crab_Wgamma94XSignal_Jul02
DEBUG 2019-07-02 20:17:21,109: 	 Retrieving 'status_cache' file from https://cmsweb.cern.ch/scheddmon/0198/cms365/190702_175903:xuyan_crab_Wgamma94XSignal_Jul02/status_cache
DEBUG 2019-07-02 20:17:21,189: 	 Got information from status cache file: {'1': {'Retries': 0, 'WallDurations': [0], 'StartTimes': [], 'SubmitTimes': [1562090485.0], 'JobIds': ['36613036.0'], 'EndTimes': [], 'Restarts': 0, 'RecordedSite': False, 'State': 'idle', 'ResidentSetSize': [0], 'TotalUserCpuTimeHistory': [0.0], 'SiteHistory': ['Unknown'], 'TotalSysCpuTimeHistory': [0.0]}, '3': {'Retries': 0, 'WallDurations': [0], 'StartTimes': [], 'SubmitTimes': [1562090485.0], 'JobIds': ['36613038.0'], 'EndTimes': [], 'Restarts': 0, 'RecordedSite': False, 'State': 'idle', 'ResidentSetSize': [0], 'TotalUserCpuTimeHistory': [0.0], 'SiteHistory': ['Unknown'], 'TotalSysCpuTimeHistory': [0.0]}, '2': {'Retries': 0, 'WallDurations': [0], 'StartTimes': [], 'SubmitTimes': [1562090486.0], 'JobIds': ['36613040.0'], 'EndTimes': [], 'Restarts': 0, 'RecordedSite': False, 'State': 'idle', 'ResidentSetSize': [0], 'TotalUserCpuTimeHistory': [0.0], 'SiteHistory': ['Unknown'], 'TotalSysCpuTimeHistory': [0.0]}, '4': {'Retries': 0, 'WallDurations': [0], 'StartTimes': [], 'SubmitTimes': [1562090486.0], 'JobIds': ['36613042.0'], 'EndTimes': [], 'Restarts': 0, 'RecordedSite': False, 'State': 'idle', 'ResidentSetSize': [0], 'TotalUserCpuTimeHistory': [0.0], 'SiteHistory': ['Unknown'], 'TotalSysCpuTimeHistory': [0.0]}}
INFO 2019-07-02 20:17:21,189: 	 Status on the scheduler:	SUBMITTED
INFO 2019-07-02 20:17:21,189: 	 
Jobs status:                    idle         		100.0% (4/4)
INFO 2019-07-02 20:17:21,189: 	 
No publication information (publication has been disabled in the CRAB configuration file)
INFO 2019-07-02 20:17:21,217: 	 Log file is /afs/cern.ch/work/x/xuyan/work5/DEV/CMSSW_9_4_9/src/VgammaTuplizer/Ntuplizer/crab_jobs_signalJul02/crab_Wgamma94XSignal_Jul02/crab.log
DEBUG 2019-07-02 20:23:41,496: 	 Executing command: 'status'
DEBUG 2019-07-02 20:23:41,497: 	 Found CRAB cache file /afs/cern.ch/user/x/xuyan/.crab3
DEBUG 2019-07-02 20:23:41,852: 	 Checking credentials
DEBUG 2019-07-02 20:23:41,853: 	 Found proxy file /tmp/x509up_u93529
DEBUG 2019-07-02 20:23:41,853: 	 Getting proxy life time left
DEBUG 2019-07-02 20:23:42,761: 	 Executing : 
 command : voms-proxy-info -file /tmp/x509up_u93529 -timeleft
 output : 17370

 error: 
 retcode : 0
DEBUG 2019-07-02 20:23:43,469: 	 Executing : 
 command : voms-proxy-info -file /tmp/x509up_u93529 -actimeleft
 output : 17369

 error: 
 retcode : 0
DEBUG 2019-07-02 20:23:43,470: 	 Proxy lifetime 17370 secs is different from voms extension lifetime 17369 secs for proxy: /tmp/x509up_u93529
DEBUG 2019-07-02 20:23:43,470: 	 Proxy valid for 04:49:29 hours
DEBUG 2019-07-02 20:23:43,586: 	 Executing : 
 command : openssl x509 -in ~/.globus/usercert.pem -subject -noout
 output : subject= /DC=ch/DC=cern/OU=Organic Units/OU=Users/CN=xuyan/CN=803661/CN=Xuli Yan

 error: 
 retcode : 0
DEBUG 2019-07-02 20:23:43,586: 	 Checking credentials
DEBUG 2019-07-02 20:23:43,587: 	 Found proxy file /tmp/x509up_u93529
DEBUG 2019-07-02 20:23:43,587: 	 Getting proxy life time left
DEBUG 2019-07-02 20:23:44,395: 	 Executing : 
 command : voms-proxy-info -file /tmp/x509up_u93529 -timeleft
 output : 17368

 error: 
 retcode : 0
DEBUG 2019-07-02 20:23:45,211: 	 Executing : 
 command : voms-proxy-info -file /tmp/x509up_u93529 -actimeleft
 output : 17367

 error: 
 retcode : 0
DEBUG 2019-07-02 20:23:45,212: 	 Proxy lifetime 17368 secs is different from voms extension lifetime 17367 secs for proxy: /tmp/x509up_u93529
DEBUG 2019-07-02 20:23:45,212: 	 Proxy valid for 04:49:27 hours
DEBUG 2019-07-02 20:23:45,350: 	 Registering user credentials for server /DC=ch/DC=cern/OU=computers/CN=vocms(052|058|030|0118|0105|0109).cern.ch|/DC=ch/DC=cern/OU=computers/CN=crab-(preprod|prod)-tw(02|01).cern.ch
DEBUG 2019-07-02 20:23:45,462: 	 Executing : 
 command : openssl x509 -in ~/.globus/usercert.pem -subject -noout
 output : subject= /DC=ch/DC=cern/OU=Organic Units/OU=Users/CN=xuyan/CN=803661/CN=Xuli Yan

 error: 
 retcode : 0
DEBUG 2019-07-02 20:23:45,463: 	 Getting myproxy life time left for myproxy.cern.ch
DEBUG 2019-07-02 20:23:45,463: 	 Calculating hash of /DC=ch/DC=cern/OU=Organic Units/OU=Users/CN=xuyan/CN=803661/CN=Xuli Yan_cmsweb.cern.ch for credential name
DEBUG 2019-07-02 20:23:45,869: 	 Executing : 
 command : myproxy-info -l b1772a5c240352d6d735b714aa331919d3f56592 -s myproxy.cern.ch
 output : username: b1772a5c240352d6d735b714aa331919d3f56592
owner: /DC=ch/DC=cern/OU=Organic Units/OU=Users/CN=xuyan/CN=803661/CN=Xuli Yan
  renewal policy: /DC=ch/DC=cern/OU=computers/CN=vocms(052|058|030|0118|0105|0109).cern.ch|/DC=ch/DC=cern/OU=computers/CN=crab-(preprod|prod)-tw(02|01).cern.ch
  trusted retrieval policy: /DC=ch/DC=cern/OU=computers/CN=vocms(052|058|030|0118|0105|0109).cern.ch|/DC=ch/DC=cern/OU=computers/CN=crab-(preprod|prod)-tw(02|01).cern.ch
  timeleft: 669:27:55  (27.9 days)

 error: 
 retcode : 0
DEBUG 2019-07-02 20:23:45,871: 	 Myproxy is valid: 2410075
DEBUG 2019-07-02 20:23:45,871: 	 Command use: status
DEBUG 2019-07-02 20:23:45,871: 	 Options use: ['crab_jobs_signalJul02/crab_Wgamma94XSignal_Jul02/']
DEBUG 2019-07-02 20:23:46,011: 	 CRABClient version: 3.3.1904
DEBUG 2019-07-02 20:23:46,011: 	 Instance is prod
DEBUG 2019-07-02 20:23:46,011: 	 Server base url is cmsweb.cern.ch
DEBUG 2019-07-02 20:23:46,011: 	 Command url /crabserver/prod/workflow
DEBUG 2019-07-02 20:23:46,167: 	 Got information from server oracle database: {u'result': [u'190702_175903:xuyan_crab_Wgamma94XSignal_Jul02', u'None', u'None', u'SUBMITTED', u'SUBMIT', u'2019-07-02 17:59:03.266837', u'None', u'2019-07-02 18:00:56.800194', u'None', u'CMSSW_9_4_9', u'slc6_amd64_gcc630', u'/PythiaChargedResonance_WGToJJG_M1600_width5/RunIIFall17MiniAODv2-PU2017_12Apr2018_94X_mc2017_realistic_v14-v1/MINIAODSIM', u'F', u'0', u'[]', u'[]', u'FileBased', u"{'splitOnRun': False, 'halt_job_on_file_boundaries': False, 'files_per_job': 1, 'runs': [], 'lumis': []}", u'211e41a5a4f9b49ac9d549de93d5fed8b5b65eb364cd5eb9b355227f48842b5d.tar.gz', u'https://cmsweb.cern.ch/crabcache', u'xuyan', u'/DC=ch/DC=cern/OU=Organic Units/OU=Users/CN=xuyan/CN=803661/CN=Xuli Yan', u'cms', u'None', u'None', u'Wgamma94XSignal_Jul02-00000000000000000000000000000000', u'F', u'T3_US_Brown', u'https://cmsweb.cern.ch/dbs/prod/global/DBSReader', u'https://cmsweb.cern.ch/dbs/prod/phys03/DBSWriter', u'F', u'[]', u"['flatTuple.root']", u'[]', u'Analysis', u'pythia', u'None', u'{}', u'[]', u'T', u'crab-prod-tw01', u'[]', u'1250', u'1', u'2000', u'10', u'None', u'[]', u'http://vocms0198.cern.ch/mon/cms365/190702_175903:xuyan_crab_Wgamma94XSignal_Jul02', u'None', u'[]', u'[]', u'https://cmsweb.cern.ch/crabserver/prod', u'cmsgwms-collector-global.cern.ch:9620,cmssrv221.fnal.gov:9620', u'crab3@vocms0198.cern.ch', u'F', u'[]', u'T', u'/store/user/xuyan/', u'F', u'None', u'F', u'None', u'PythiaChargedResonance_WGToJJG_M1600_width5', u'None', u'4cb3566ac346439e7620dee92c1a28d13846b633b380e3d97a141c69ad9eacc2.tar.gz', u'36613021', u'filetransfers', u'F', u'188.185.67.105', u'0.0', u'None'], u'desc': {u'columns': [u'tm_taskname', u'tm_activity', u'panda_jobset_id', u'tm_task_status', u'tm_task_command', u'tm_start_time', u'tm_start_injection', u'tm_end_injection', u'tm_task_failure', u'tm_job_sw', u'tm_job_arch', u'tm_input_dataset', u'tm_nonvalid_input_dataset', u'tm_use_parent', u'tm_site_whitelist', u'tm_site_blacklist', u'tm_split_algo', u'tm_split_args', u'tm_user_sandbox', u'tm_cache_url', u'tm_username', u'tm_user_dn', u'tm_user_vo', u'tm_user_role', u'tm_user_group', u'tm_publish_name', u'tm_publish_groupname', u'tm_asyncdest', u'tm_dbs_url', u'tm_publish_dbs_url', u'tm_publication', u'tm_outfiles', u'tm_tfile_outfiles', u'tm_edm_outfiles', u'tm_job_type', u'tm_generator', u'tm_events_per_lumi', u'tm_arguments', u'panda_resubmitted_jobs', u'tm_save_logs', u'tw_name', u'tm_user_infiles', u'tm_maxjobruntime', u'tm_numcores', u'tm_maxmemory', u'tm_priority', u'tm_output_dataset', u'tm_task_warnings', u'tm_user_webdir', u'tm_scriptexe', u'tm_scriptargs', u'tm_extrajdl', u'tm_asourl', u'tm_collector', u'tm_schedd', u'tm_dry_run', u'tm_user_files', u'tm_transfer_outputs', u'tm_output_lfn', u'tm_ignore_locality', u'tm_fail_limit', u'tm_one_event_mode', u'tm_secondary_input_dataset', u'tm_primary_dataset', u'tm_last_publication', u'tm_debug_files', u'clusterid', u'tm_asodb', u'tm_ignore_global_blacklist', u'tm_submitter_ip_addr', u'tm_totalunits', u'tm_ddm_reqid']}}
INFO 2019-07-02 20:23:46,167: 	 CRAB project directory:		/afs/cern.ch/work/x/xuyan/work5/DEV/CMSSW_9_4_9/src/VgammaTuplizer/Ntuplizer/crab_jobs_signalJul02/crab_Wgamma94XSignal_Jul02
INFO 2019-07-02 20:23:46,168: 	 Task name:			190702_175903:xuyan_crab_Wgamma94XSignal_Jul02
INFO 2019-07-02 20:23:46,168: 	 Grid scheduler - Task Worker:	crab3@vocms0198.cern.ch - crab-prod-tw01
INFO 2019-07-02 20:23:46,168: 	 Status on the CRAB server:	SUBMITTED
INFO 2019-07-02 20:23:46,168: 	 Task URL to use for HELP:	https://cmsweb.cern.ch/crabserver/ui/task/190702_175903%3Axuyan_crab_Wgamma94XSignal_Jul02
INFO 2019-07-02 20:23:46,168: 	 Dashboard monitoring URL:	http://dashb-cms-job.cern.ch/dashboard/templates/task-analysis/#user=xuyan&refresh=0&table=Jobs&p=1&records=25&activemenu=2&status=&site=&tid=190702_175903%3Axuyan_crab_Wgamma94XSignal_Jul02
INFO 2019-07-02 20:23:46,168: 	 New dashboard monitoring URL:	https://monit-grafana.cern.ch/d/cmsTMDetail/cms-task-monitoring-task-view?orgId=11&var-user=xuyan&var-task=190702_175903%3Axuyan_crab_Wgamma94XSignal_Jul02
INFO 2019-07-02 20:23:46,168: 	 In case of issues with the new dashboard, please provide feedback to hn-cms-computing-tools@cern.ch
DEBUG 2019-07-02 20:23:46,168: 	 The CRAB server submitted your task to the Grid scheduler (cluster ID: 36613021)
DEBUG 2019-07-02 20:23:46,168: 	 Webdir is located at http://vocms0198.cern.ch/mon/cms365/190702_175903:xuyan_crab_Wgamma94XSignal_Jul02
DEBUG 2019-07-02 20:23:46,328: 	 Proxied webdir is located at https://cmsweb.cern.ch/scheddmon/0198/cms365/190702_175903:xuyan_crab_Wgamma94XSignal_Jul02
DEBUG 2019-07-02 20:23:46,328: 	 Retrieving 'status_cache' file from https://cmsweb.cern.ch/scheddmon/0198/cms365/190702_175903:xuyan_crab_Wgamma94XSignal_Jul02/status_cache
DEBUG 2019-07-02 20:23:46,434: 	 Got information from status cache file: {'1': {'Retries': 0, 'WallDurations': [0], 'StartTimes': [], 'SubmitTimes': [1562090485.0], 'JobIds': ['36613036.0'], 'EndTimes': [], 'Restarts': 0, 'RecordedSite': False, 'State': 'idle', 'ResidentSetSize': [0], 'TotalUserCpuTimeHistory': [0.0], 'SiteHistory': ['Unknown'], 'TotalSysCpuTimeHistory': [0.0]}, '3': {'Retries': 0, 'WallDurations': [0], 'StartTimes': [], 'SubmitTimes': [1562090485.0], 'JobIds': ['36613038.0'], 'EndTimes': [], 'Restarts': 0, 'RecordedSite': False, 'State': 'idle', 'ResidentSetSize': [0], 'TotalUserCpuTimeHistory': [0.0], 'SiteHistory': ['Unknown'], 'TotalSysCpuTimeHistory': [0.0]}, '2': {'Retries': 0, 'WallDurations': [0], 'StartTimes': [], 'SubmitTimes': [1562090486.0], 'JobIds': ['36613040.0'], 'EndTimes': [], 'Restarts': 0, 'RecordedSite': False, 'State': 'idle', 'ResidentSetSize': [0], 'TotalUserCpuTimeHistory': [0.0], 'SiteHistory': ['Unknown'], 'TotalSysCpuTimeHistory': [0.0]}, '4': {'Retries': 0, 'WallDurations': [0], 'StartTimes': [], 'SubmitTimes': [1562090486.0], 'JobIds': ['36613042.0'], 'EndTimes': [], 'Restarts': 0, 'RecordedSite': False, 'State': 'idle', 'ResidentSetSize': [0], 'TotalUserCpuTimeHistory': [0.0], 'SiteHistory': ['Unknown'], 'TotalSysCpuTimeHistory': [0.0]}}
INFO 2019-07-02 20:23:46,434: 	 Status on the scheduler:	SUBMITTED
INFO 2019-07-02 20:23:46,434: 	 
Jobs status:                    idle         		100.0% (4/4)
INFO 2019-07-02 20:23:46,435: 	 
No publication information (publication has been disabled in the CRAB configuration file)
INFO 2019-07-02 20:23:46,454: 	 Log file is /afs/cern.ch/work/x/xuyan/work5/DEV/CMSSW_9_4_9/src/VgammaTuplizer/Ntuplizer/crab_jobs_signalJul02/crab_Wgamma94XSignal_Jul02/crab.log
DEBUG 2019-07-02 20:56:46,163: 	 Executing command: 'status'
DEBUG 2019-07-02 20:56:46,163: 	 Found CRAB cache file /afs/cern.ch/user/x/xuyan/.crab3
DEBUG 2019-07-02 20:56:46,256: 	 Checking credentials
DEBUG 2019-07-02 20:56:46,259: 	 Found proxy file /tmp/x509up_u93529
DEBUG 2019-07-02 20:56:46,259: 	 Getting proxy life time left
DEBUG 2019-07-02 20:56:47,164: 	 Executing : 
 command : voms-proxy-info -file /tmp/x509up_u93529 -timeleft
 output : 0

 error: 
 retcode : 0
DEBUG 2019-07-02 20:56:47,164: 	 Proxy valid for 00:00:00 hours
DEBUG 2019-07-02 20:56:47,164: 	 Creating new proxy for 24:00 hours with VO group '' and VO role 'NULL'.
DEBUG 2019-07-02 20:56:58,503: 	 Executing : 
 command : voms-proxy-init -voms cms:/cms -valid 24:00 -rfc
 output : None
 error: None
 retcode : 0
DEBUG 2019-07-02 20:56:59,310: 	 Executing : 
 command : voms-proxy-info -file /tmp/x509up_u93529 -timeleft
 output : 86398

 error: 
 retcode : 0
DEBUG 2019-07-02 20:57:00,220: 	 Executing : 
 command : voms-proxy-info -file /tmp/x509up_u93529 -actimeleft
 output : 86396

 error: 
 retcode : 0
DEBUG 2019-07-02 20:57:00,221: 	 Proxy lifetime 86398 secs is different from voms extension lifetime 86396 secs for proxy: /tmp/x509up_u93529
DEBUG 2019-07-02 20:57:01,230: 	 Executing : 
 command : env X509_USER_PROXY=/tmp/x509up_u93529 voms-proxy-info -fqan
 output : /cms/Role=NULL/Capability=NULL

 error: 
 retcode : 0
DEBUG 2019-07-02 20:57:01,231: 	 Proxy created.
DEBUG 2019-07-02 20:57:01,347: 	 Executing : 
 command : openssl x509 -in ~/.globus/usercert.pem -subject -noout
 output : subject= /DC=ch/DC=cern/OU=Organic Units/OU=Users/CN=xuyan/CN=803661/CN=Xuli Yan

 error: 
 retcode : 0
DEBUG 2019-07-02 20:57:01,347: 	 Checking credentials
DEBUG 2019-07-02 20:57:01,347: 	 Found proxy file /tmp/x509up_u93529
DEBUG 2019-07-02 20:57:01,347: 	 Getting proxy life time left
DEBUG 2019-07-02 20:57:03,465: 	 Executing : 
 command : voms-proxy-info -file /tmp/x509up_u93529 -timeleft
 output : 86394

 error: 
 retcode : 0
DEBUG 2019-07-02 20:57:04,272: 	 Executing : 
 command : voms-proxy-info -file /tmp/x509up_u93529 -actimeleft
 output : 86392

 error: 
 retcode : 0
DEBUG 2019-07-02 20:57:04,273: 	 Proxy lifetime 86394 secs is different from voms extension lifetime 86392 secs for proxy: /tmp/x509up_u93529
DEBUG 2019-07-02 20:57:04,273: 	 Proxy valid for 23:59:52 hours
DEBUG 2019-07-02 20:57:04,440: 	 Registering user credentials for server /DC=ch/DC=cern/OU=computers/CN=vocms(052|058|030|0118|0105|0109).cern.ch|/DC=ch/DC=cern/OU=computers/CN=crab-(preprod|prod)-tw(02|01).cern.ch
DEBUG 2019-07-02 20:57:04,550: 	 Executing : 
 command : openssl x509 -in ~/.globus/usercert.pem -subject -noout
 output : subject= /DC=ch/DC=cern/OU=Organic Units/OU=Users/CN=xuyan/CN=803661/CN=Xuli Yan

 error: 
 retcode : 0
DEBUG 2019-07-02 20:57:04,551: 	 Getting myproxy life time left for myproxy.cern.ch
DEBUG 2019-07-02 20:57:04,551: 	 Calculating hash of /DC=ch/DC=cern/OU=Organic Units/OU=Users/CN=xuyan/CN=803661/CN=Xuli Yan_cmsweb.cern.ch for credential name
DEBUG 2019-07-02 20:57:04,956: 	 Executing : 
 command : myproxy-info -l b1772a5c240352d6d735b714aa331919d3f56592 -s myproxy.cern.ch
 output : username: b1772a5c240352d6d735b714aa331919d3f56592
owner: /DC=ch/DC=cern/OU=Organic Units/OU=Users/CN=xuyan/CN=803661/CN=Xuli Yan
  renewal policy: /DC=ch/DC=cern/OU=computers/CN=vocms(052|058|030|0118|0105|0109).cern.ch|/DC=ch/DC=cern/OU=computers/CN=crab-(preprod|prod)-tw(02|01).cern.ch
  trusted retrieval policy: /DC=ch/DC=cern/OU=computers/CN=vocms(052|058|030|0118|0105|0109).cern.ch|/DC=ch/DC=cern/OU=computers/CN=crab-(preprod|prod)-tw(02|01).cern.ch
  timeleft: 668:54:36  (27.9 days)

 error: 
 retcode : 0
DEBUG 2019-07-02 20:57:04,958: 	 Myproxy is valid: 2408076
DEBUG 2019-07-02 20:57:04,958: 	 Command use: status
DEBUG 2019-07-02 20:57:04,958: 	 Options use: ['-d', 'crab_jobs_signalJul02/crab_Wgamma94XSignal_Jul02/']
DEBUG 2019-07-02 20:57:05,093: 	 CRABClient version: 3.3.1904
DEBUG 2019-07-02 20:57:05,093: 	 Instance is prod
DEBUG 2019-07-02 20:57:05,093: 	 Server base url is cmsweb.cern.ch
DEBUG 2019-07-02 20:57:05,093: 	 Command url /crabserver/prod/workflow
DEBUG 2019-07-02 20:57:05,201: 	 Got information from server oracle database: {u'result': [u'190702_175903:xuyan_crab_Wgamma94XSignal_Jul02', u'None', u'None', u'SUBMITTED', u'SUBMIT', u'2019-07-02 17:59:03.266837', u'None', u'2019-07-02 18:00:56.800194', u'None', u'CMSSW_9_4_9', u'slc6_amd64_gcc630', u'/PythiaChargedResonance_WGToJJG_M1600_width5/RunIIFall17MiniAODv2-PU2017_12Apr2018_94X_mc2017_realistic_v14-v1/MINIAODSIM', u'F', u'0', u'[]', u'[]', u'FileBased', u"{'splitOnRun': False, 'halt_job_on_file_boundaries': False, 'files_per_job': 1, 'runs': [], 'lumis': []}", u'211e41a5a4f9b49ac9d549de93d5fed8b5b65eb364cd5eb9b355227f48842b5d.tar.gz', u'https://cmsweb.cern.ch/crabcache', u'xuyan', u'/DC=ch/DC=cern/OU=Organic Units/OU=Users/CN=xuyan/CN=803661/CN=Xuli Yan', u'cms', u'None', u'None', u'Wgamma94XSignal_Jul02-00000000000000000000000000000000', u'F', u'T3_US_Brown', u'https://cmsweb.cern.ch/dbs/prod/global/DBSReader', u'https://cmsweb.cern.ch/dbs/prod/phys03/DBSWriter', u'F', u'[]', u"['flatTuple.root']", u'[]', u'Analysis', u'pythia', u'None', u'{}', u'[]', u'T', u'crab-prod-tw01', u'[]', u'1250', u'1', u'2000', u'10', u'None', u'[]', u'http://vocms0198.cern.ch/mon/cms365/190702_175903:xuyan_crab_Wgamma94XSignal_Jul02', u'None', u'[]', u'[]', u'https://cmsweb.cern.ch/crabserver/prod', u'cmsgwms-collector-global.cern.ch:9620,cmssrv221.fnal.gov:9620', u'crab3@vocms0198.cern.ch', u'F', u'[]', u'T', u'/store/user/xuyan/', u'F', u'None', u'F', u'None', u'PythiaChargedResonance_WGToJJG_M1600_width5', u'None', u'4cb3566ac346439e7620dee92c1a28d13846b633b380e3d97a141c69ad9eacc2.tar.gz', u'36613021', u'filetransfers', u'F', u'188.185.67.105', u'0.0', u'None'], u'desc': {u'columns': [u'tm_taskname', u'tm_activity', u'panda_jobset_id', u'tm_task_status', u'tm_task_command', u'tm_start_time', u'tm_start_injection', u'tm_end_injection', u'tm_task_failure', u'tm_job_sw', u'tm_job_arch', u'tm_input_dataset', u'tm_nonvalid_input_dataset', u'tm_use_parent', u'tm_site_whitelist', u'tm_site_blacklist', u'tm_split_algo', u'tm_split_args', u'tm_user_sandbox', u'tm_cache_url', u'tm_username', u'tm_user_dn', u'tm_user_vo', u'tm_user_role', u'tm_user_group', u'tm_publish_name', u'tm_publish_groupname', u'tm_asyncdest', u'tm_dbs_url', u'tm_publish_dbs_url', u'tm_publication', u'tm_outfiles', u'tm_tfile_outfiles', u'tm_edm_outfiles', u'tm_job_type', u'tm_generator', u'tm_events_per_lumi', u'tm_arguments', u'panda_resubmitted_jobs', u'tm_save_logs', u'tw_name', u'tm_user_infiles', u'tm_maxjobruntime', u'tm_numcores', u'tm_maxmemory', u'tm_priority', u'tm_output_dataset', u'tm_task_warnings', u'tm_user_webdir', u'tm_scriptexe', u'tm_scriptargs', u'tm_extrajdl', u'tm_asourl', u'tm_collector', u'tm_schedd', u'tm_dry_run', u'tm_user_files', u'tm_transfer_outputs', u'tm_output_lfn', u'tm_ignore_locality', u'tm_fail_limit', u'tm_one_event_mode', u'tm_secondary_input_dataset', u'tm_primary_dataset', u'tm_last_publication', u'tm_debug_files', u'clusterid', u'tm_asodb', u'tm_ignore_global_blacklist', u'tm_submitter_ip_addr', u'tm_totalunits', u'tm_ddm_reqid']}}
INFO 2019-07-02 20:57:05,201: 	 CRAB project directory:		/afs/cern.ch/work/x/xuyan/work5/DEV/CMSSW_9_4_9/src/VgammaTuplizer/Ntuplizer/crab_jobs_signalJul02/crab_Wgamma94XSignal_Jul02
INFO 2019-07-02 20:57:05,202: 	 Task name:			190702_175903:xuyan_crab_Wgamma94XSignal_Jul02
INFO 2019-07-02 20:57:05,202: 	 Grid scheduler - Task Worker:	crab3@vocms0198.cern.ch - crab-prod-tw01
INFO 2019-07-02 20:57:05,202: 	 Status on the CRAB server:	SUBMITTED
INFO 2019-07-02 20:57:05,202: 	 Task URL to use for HELP:	https://cmsweb.cern.ch/crabserver/ui/task/190702_175903%3Axuyan_crab_Wgamma94XSignal_Jul02
INFO 2019-07-02 20:57:05,202: 	 Dashboard monitoring URL:	http://dashb-cms-job.cern.ch/dashboard/templates/task-analysis/#user=xuyan&refresh=0&table=Jobs&p=1&records=25&activemenu=2&status=&site=&tid=190702_175903%3Axuyan_crab_Wgamma94XSignal_Jul02
INFO 2019-07-02 20:57:05,202: 	 New dashboard monitoring URL:	https://monit-grafana.cern.ch/d/cmsTMDetail/cms-task-monitoring-task-view?orgId=11&var-user=xuyan&var-task=190702_175903%3Axuyan_crab_Wgamma94XSignal_Jul02
INFO 2019-07-02 20:57:05,202: 	 In case of issues with the new dashboard, please provide feedback to hn-cms-computing-tools@cern.ch
DEBUG 2019-07-02 20:57:05,203: 	 The CRAB server submitted your task to the Grid scheduler (cluster ID: 36613021)
DEBUG 2019-07-02 20:57:05,203: 	 Webdir is located at http://vocms0198.cern.ch/mon/cms365/190702_175903:xuyan_crab_Wgamma94XSignal_Jul02
DEBUG 2019-07-02 20:57:05,373: 	 Proxied webdir is located at https://cmsweb.cern.ch/scheddmon/0198/cms365/190702_175903:xuyan_crab_Wgamma94XSignal_Jul02
DEBUG 2019-07-02 20:57:05,373: 	 Retrieving 'status_cache' file from https://cmsweb.cern.ch/scheddmon/0198/cms365/190702_175903:xuyan_crab_Wgamma94XSignal_Jul02/status_cache
DEBUG 2019-07-02 20:57:05,485: 	 Got information from status cache file: {'1': {'Retries': 0, 'WallDurations': [8.0, 753.0], 'StartTimes': [1562092466.0], 'SubmitTimes': [1562090485.0], 'JobIds': ['36613036.0'], 'EndTimes': [1562093219.0], 'Restarts': 0, 'RecordedSite': True, 'State': 'transferring', 'ResidentSetSize': [1118472], 'TotalUserCpuTimeHistory': [557], 'SiteHistory': ['Unknown', 'T2_US_Caltech'], 'TotalSysCpuTimeHistory': [10]}, '3': {'Retries': 0, 'WallDurations': [9.0, 649.0], 'StartTimes': [1562092127.0], 'SubmitTimes': [1562090485.0], 'JobIds': ['36613038.0'], 'EndTimes': [1562092776.0], 'Restarts': 0, 'RecordedSite': True, 'State': 'transferring', 'ResidentSetSize': [1131832], 'TotalUserCpuTimeHistory': [425], 'SiteHistory': ['Unknown', 'T2_US_Vanderbilt'], 'TotalSysCpuTimeHistory': [8]}, '2': {'Retries': 0, 'WallDurations': [8.0, 822.0], 'StartTimes': [1562092645.0], 'SubmitTimes': [1562090486.0], 'JobIds': ['36613040.0'], 'EndTimes': [1562093467.0], 'Restarts': 0, 'RecordedSite': True, 'State': 'transferring', 'ResidentSetSize': [1011760], 'TotalUserCpuTimeHistory': [659], 'SiteHistory': ['Unknown', 'T2_US_Caltech'], 'TotalSysCpuTimeHistory': [18]}, '4': {'Retries': 0, 'WallDurations': [9.0, 854.0], 'StartTimes': [1562092134.0], 'SubmitTimes': [1562090486.0], 'JobIds': ['36613042.0'], 'EndTimes': [1562092988.0], 'Restarts': 0, 'RecordedSite': True, 'State': 'transferring', 'ResidentSetSize': [1140880], 'TotalUserCpuTimeHistory': [573], 'SiteHistory': ['Unknown', 'T2_US_Vanderbilt'], 'TotalSysCpuTimeHistory': [7]}}
INFO 2019-07-02 20:57:05,486: 	 Status on the scheduler:	SUBMITTED
INFO 2019-07-02 20:57:05,486: 	 
Jobs status:                    transferring 		100.0% (4/4)
INFO 2019-07-02 20:57:05,486: 	 
No publication information (publication has been disabled in the CRAB configuration file)
INFO 2019-07-02 20:57:05,486: 	 
Warning: the max jobs runtime is less than 30% of the task requested value (1250 min), please consider to request a lower value for failed jobs (allowed through crab resubmit) and/or improve the jobs splitting (e.g. config.Data.splitting = 'Automatic') in a new task.
INFO 2019-07-02 20:57:05,486: 	 
Summary of run jobs:
 * Memory: 1114MB min, 1114MB max, 1075MB ave
 * Runtime: 0:10:49 min, 0:14:14 max, 0:12:49 ave
 * CPU eff: 67% min, 82% max, 73% ave
 * Waste: 0:00:34 (1% of total)

INFO 2019-07-02 20:57:05,556: 	 Log file is /afs/cern.ch/work/x/xuyan/work5/DEV/CMSSW_9_4_9/src/VgammaTuplizer/Ntuplizer/crab_jobs_signalJul02/crab_Wgamma94XSignal_Jul02/crab.log
DEBUG 2019-07-02 22:25:20,245: 	 Executing command: 'status'
DEBUG 2019-07-02 22:25:20,246: 	 Found CRAB cache file /afs/cern.ch/user/x/xuyan/.crab3
DEBUG 2019-07-02 22:25:20,289: 	 Checking credentials
DEBUG 2019-07-02 22:25:20,290: 	 Found proxy file /tmp/x509up_u93529
DEBUG 2019-07-02 22:25:20,290: 	 Getting proxy life time left
DEBUG 2019-07-02 22:25:21,200: 	 Executing : 
 command : voms-proxy-info -file /tmp/x509up_u93529 -timeleft
 output : 10071

 error: 
 retcode : 0
DEBUG 2019-07-02 22:25:22,009: 	 Executing : 
 command : voms-proxy-info -file /tmp/x509up_u93529 -actimeleft
 output : 10071

 error: 
 retcode : 0
DEBUG 2019-07-02 22:25:22,009: 	 Proxy valid for 02:47:51 hours
DEBUG 2019-07-02 22:25:22,173: 	 Executing : 
 command : openssl x509 -in ~/.globus/usercert.pem -subject -noout
 output : subject= /DC=ch/DC=cern/OU=Organic Units/OU=Users/CN=xuyan/CN=803661/CN=Xuli Yan

 error: 
 retcode : 0
DEBUG 2019-07-02 22:25:22,173: 	 Checking credentials
DEBUG 2019-07-02 22:25:22,173: 	 Found proxy file /tmp/x509up_u93529
DEBUG 2019-07-02 22:25:22,173: 	 Getting proxy life time left
DEBUG 2019-07-02 22:25:22,982: 	 Executing : 
 command : voms-proxy-info -file /tmp/x509up_u93529 -timeleft
 output : 10070

 error: 
 retcode : 0
DEBUG 2019-07-02 22:25:23,690: 	 Executing : 
 command : voms-proxy-info -file /tmp/x509up_u93529 -actimeleft
 output : 10069

 error: 
 retcode : 0
DEBUG 2019-07-02 22:25:23,690: 	 Proxy lifetime 10070 secs is different from voms extension lifetime 10069 secs for proxy: /tmp/x509up_u93529
DEBUG 2019-07-02 22:25:23,690: 	 Proxy valid for 02:47:49 hours
DEBUG 2019-07-02 22:25:23,828: 	 Registering user credentials for server /DC=ch/DC=cern/OU=computers/CN=vocms(052|058|030|0118|0105|0109).cern.ch|/DC=ch/DC=cern/OU=computers/CN=crab-(preprod|prod)-tw(02|01).cern.ch
DEBUG 2019-07-02 22:25:23,942: 	 Executing : 
 command : openssl x509 -in ~/.globus/usercert.pem -subject -noout
 output : subject= /DC=ch/DC=cern/OU=Organic Units/OU=Users/CN=xuyan/CN=803661/CN=Xuli Yan

 error: 
 retcode : 0
DEBUG 2019-07-02 22:25:23,942: 	 Getting myproxy life time left for myproxy.cern.ch
DEBUG 2019-07-02 22:25:23,942: 	 Calculating hash of /DC=ch/DC=cern/OU=Organic Units/OU=Users/CN=xuyan/CN=803661/CN=Xuli Yan_cmsweb.cern.ch for credential name
DEBUG 2019-07-02 22:25:24,749: 	 Executing : 
 command : myproxy-info -l b1772a5c240352d6d735b714aa331919d3f56592 -s myproxy.cern.ch
 output : username: b1772a5c240352d6d735b714aa331919d3f56592
owner: /DC=ch/DC=cern/OU=Organic Units/OU=Users/CN=xuyan/CN=803661/CN=Xuli Yan
  renewal policy: /DC=ch/DC=cern/OU=computers/CN=vocms(052|058|030|0118|0105|0109).cern.ch|/DC=ch/DC=cern/OU=computers/CN=crab-(preprod|prod)-tw(02|01).cern.ch
  trusted retrieval policy: /DC=ch/DC=cern/OU=computers/CN=vocms(052|058|030|0118|0105|0109).cern.ch|/DC=ch/DC=cern/OU=computers/CN=crab-(preprod|prod)-tw(02|01).cern.ch
  timeleft: 667:26:16  (27.8 days)

 error: 
 retcode : 0
DEBUG 2019-07-02 22:25:24,751: 	 Myproxy is valid: 2402776
DEBUG 2019-07-02 22:25:24,752: 	 Command use: status
DEBUG 2019-07-02 22:25:24,752: 	 Options use: ['-d', 'crab_jobs_signalJul02/crab_Wgamma94XSignal_Jul02/']
DEBUG 2019-07-02 22:25:24,884: 	 CRABClient version: 3.3.1904
DEBUG 2019-07-02 22:25:24,884: 	 Instance is prod
DEBUG 2019-07-02 22:25:24,884: 	 Server base url is cmsweb.cern.ch
DEBUG 2019-07-02 22:25:24,884: 	 Command url /crabserver/prod/workflow
DEBUG 2019-07-02 22:25:25,013: 	 Got information from server oracle database: {u'result': [u'190702_175903:xuyan_crab_Wgamma94XSignal_Jul02', u'None', u'None', u'SUBMITTED', u'SUBMIT', u'2019-07-02 17:59:03.266837', u'None', u'2019-07-02 18:00:56.800194', u'None', u'CMSSW_9_4_9', u'slc6_amd64_gcc630', u'/PythiaChargedResonance_WGToJJG_M1600_width5/RunIIFall17MiniAODv2-PU2017_12Apr2018_94X_mc2017_realistic_v14-v1/MINIAODSIM', u'F', u'0', u'[]', u'[]', u'FileBased', u"{'splitOnRun': False, 'halt_job_on_file_boundaries': False, 'files_per_job': 1, 'runs': [], 'lumis': []}", u'211e41a5a4f9b49ac9d549de93d5fed8b5b65eb364cd5eb9b355227f48842b5d.tar.gz', u'https://cmsweb.cern.ch/crabcache', u'xuyan', u'/DC=ch/DC=cern/OU=Organic Units/OU=Users/CN=xuyan/CN=803661/CN=Xuli Yan', u'cms', u'None', u'None', u'Wgamma94XSignal_Jul02-00000000000000000000000000000000', u'F', u'T3_US_Brown', u'https://cmsweb.cern.ch/dbs/prod/global/DBSReader', u'https://cmsweb.cern.ch/dbs/prod/phys03/DBSWriter', u'F', u'[]', u"['flatTuple.root']", u'[]', u'Analysis', u'pythia', u'None', u'{}', u'[]', u'T', u'crab-prod-tw01', u'[]', u'1250', u'1', u'2000', u'10', u'None', u'[]', u'http://vocms0198.cern.ch/mon/cms365/190702_175903:xuyan_crab_Wgamma94XSignal_Jul02', u'None', u'[]', u'[]', u'https://cmsweb.cern.ch/crabserver/prod', u'cmsgwms-collector-global.cern.ch:9620,cmssrv221.fnal.gov:9620', u'crab3@vocms0198.cern.ch', u'F', u'[]', u'T', u'/store/user/xuyan/', u'F', u'None', u'F', u'None', u'PythiaChargedResonance_WGToJJG_M1600_width5', u'None', u'4cb3566ac346439e7620dee92c1a28d13846b633b380e3d97a141c69ad9eacc2.tar.gz', u'36613021', u'filetransfers', u'F', u'188.185.67.105', u'0.0', u'None'], u'desc': {u'columns': [u'tm_taskname', u'tm_activity', u'panda_jobset_id', u'tm_task_status', u'tm_task_command', u'tm_start_time', u'tm_start_injection', u'tm_end_injection', u'tm_task_failure', u'tm_job_sw', u'tm_job_arch', u'tm_input_dataset', u'tm_nonvalid_input_dataset', u'tm_use_parent', u'tm_site_whitelist', u'tm_site_blacklist', u'tm_split_algo', u'tm_split_args', u'tm_user_sandbox', u'tm_cache_url', u'tm_username', u'tm_user_dn', u'tm_user_vo', u'tm_user_role', u'tm_user_group', u'tm_publish_name', u'tm_publish_groupname', u'tm_asyncdest', u'tm_dbs_url', u'tm_publish_dbs_url', u'tm_publication', u'tm_outfiles', u'tm_tfile_outfiles', u'tm_edm_outfiles', u'tm_job_type', u'tm_generator', u'tm_events_per_lumi', u'tm_arguments', u'panda_resubmitted_jobs', u'tm_save_logs', u'tw_name', u'tm_user_infiles', u'tm_maxjobruntime', u'tm_numcores', u'tm_maxmemory', u'tm_priority', u'tm_output_dataset', u'tm_task_warnings', u'tm_user_webdir', u'tm_scriptexe', u'tm_scriptargs', u'tm_extrajdl', u'tm_asourl', u'tm_collector', u'tm_schedd', u'tm_dry_run', u'tm_user_files', u'tm_transfer_outputs', u'tm_output_lfn', u'tm_ignore_locality', u'tm_fail_limit', u'tm_one_event_mode', u'tm_secondary_input_dataset', u'tm_primary_dataset', u'tm_last_publication', u'tm_debug_files', u'clusterid', u'tm_asodb', u'tm_ignore_global_blacklist', u'tm_submitter_ip_addr', u'tm_totalunits', u'tm_ddm_reqid']}}
INFO 2019-07-02 22:25:25,013: 	 CRAB project directory:		/afs/cern.ch/work/x/xuyan/work5/DEV/CMSSW_9_4_9/src/VgammaTuplizer/Ntuplizer/crab_jobs_signalJul02/crab_Wgamma94XSignal_Jul02
INFO 2019-07-02 22:25:25,013: 	 Task name:			190702_175903:xuyan_crab_Wgamma94XSignal_Jul02
INFO 2019-07-02 22:25:25,014: 	 Grid scheduler - Task Worker:	crab3@vocms0198.cern.ch - crab-prod-tw01
INFO 2019-07-02 22:25:25,014: 	 Status on the CRAB server:	SUBMITTED
INFO 2019-07-02 22:25:25,014: 	 Task URL to use for HELP:	https://cmsweb.cern.ch/crabserver/ui/task/190702_175903%3Axuyan_crab_Wgamma94XSignal_Jul02
INFO 2019-07-02 22:25:25,014: 	 Dashboard monitoring URL:	http://dashb-cms-job.cern.ch/dashboard/templates/task-analysis/#user=xuyan&refresh=0&table=Jobs&p=1&records=25&activemenu=2&status=&site=&tid=190702_175903%3Axuyan_crab_Wgamma94XSignal_Jul02
INFO 2019-07-02 22:25:25,014: 	 New dashboard monitoring URL:	https://monit-grafana.cern.ch/d/cmsTMDetail/cms-task-monitoring-task-view?orgId=11&var-user=xuyan&var-task=190702_175903%3Axuyan_crab_Wgamma94XSignal_Jul02
INFO 2019-07-02 22:25:25,014: 	 In case of issues with the new dashboard, please provide feedback to hn-cms-computing-tools@cern.ch
DEBUG 2019-07-02 22:25:25,014: 	 The CRAB server submitted your task to the Grid scheduler (cluster ID: 36613021)
DEBUG 2019-07-02 22:25:25,014: 	 Webdir is located at http://vocms0198.cern.ch/mon/cms365/190702_175903:xuyan_crab_Wgamma94XSignal_Jul02
DEBUG 2019-07-02 22:25:25,232: 	 Proxied webdir is located at https://cmsweb.cern.ch/scheddmon/0198/cms365/190702_175903:xuyan_crab_Wgamma94XSignal_Jul02
DEBUG 2019-07-02 22:25:25,232: 	 Retrieving 'status_cache' file from https://cmsweb.cern.ch/scheddmon/0198/cms365/190702_175903:xuyan_crab_Wgamma94XSignal_Jul02/status_cache
DEBUG 2019-07-02 22:25:25,365: 	 Got information from status cache file: {'1': {'Retries': 0, 'WallDurations': [8.0, 753.0], 'StartTimes': [1562092466.0], 'SubmitTimes': [1562090485.0], 'JobIds': ['36613036.0'], 'EndTimes': [1562093219.0], 'Restarts': 0, 'RecordedSite': True, 'State': 'finished', 'ResidentSetSize': [1118472], 'TotalUserCpuTimeHistory': [557], 'SiteHistory': ['Unknown', 'T2_US_Caltech'], 'TotalSysCpuTimeHistory': [10]}, '3': {'Retries': 0, 'WallDurations': [9.0, 649.0], 'StartTimes': [1562092127.0], 'SubmitTimes': [1562090485.0], 'JobIds': ['36613038.0'], 'EndTimes': [1562092776.0], 'Restarts': 0, 'RecordedSite': True, 'State': 'finished', 'ResidentSetSize': [1131832], 'TotalUserCpuTimeHistory': [425], 'SiteHistory': ['Unknown', 'T2_US_Vanderbilt'], 'TotalSysCpuTimeHistory': [8]}, '2': {'Retries': 0, 'WallDurations': [8.0, 822.0], 'StartTimes': [1562092645.0], 'SubmitTimes': [1562090486.0], 'JobIds': ['36613040.0'], 'EndTimes': [1562093467.0], 'Restarts': 0, 'RecordedSite': True, 'State': 'finished', 'ResidentSetSize': [1011760], 'TotalUserCpuTimeHistory': [659], 'SiteHistory': ['Unknown', 'T2_US_Caltech'], 'TotalSysCpuTimeHistory': [18]}, '4': {'Retries': 0, 'WallDurations': [9.0, 854.0], 'StartTimes': [1562092134.0], 'SubmitTimes': [1562090486.0], 'JobIds': ['36613042.0'], 'EndTimes': [1562092988.0], 'Restarts': 0, 'RecordedSite': True, 'State': 'finished', 'ResidentSetSize': [1140880], 'TotalUserCpuTimeHistory': [573], 'SiteHistory': ['Unknown', 'T2_US_Vanderbilt'], 'TotalSysCpuTimeHistory': [7]}}
INFO 2019-07-02 22:25:25,366: 	 Status on the scheduler:	COMPLETED
INFO 2019-07-02 22:25:25,366: 	 
Jobs status:                    finished     		100.0% (4/4)
INFO 2019-07-02 22:25:25,366: 	 
No publication information (publication has been disabled in the CRAB configuration file)
INFO 2019-07-02 22:25:25,366: 	 
Warning: the max jobs runtime is less than 30% of the task requested value (1250 min), please consider to request a lower value for failed jobs (allowed through crab resubmit) and/or improve the jobs splitting (e.g. config.Data.splitting = 'Automatic') in a new task.
INFO 2019-07-02 22:25:25,366: 	 
Summary of run jobs:
 * Memory: 1114MB min, 1114MB max, 1075MB ave
 * Runtime: 0:10:49 min, 0:14:14 max, 0:12:49 ave
 * CPU eff: 67% min, 82% max, 73% ave
 * Waste: 0:00:34 (1% of total)

INFO 2019-07-02 22:25:25,472: 	 Log file is /afs/cern.ch/work/x/xuyan/work5/DEV/CMSSW_9_4_9/src/VgammaTuplizer/Ntuplizer/crab_jobs_signalJul02/crab_Wgamma94XSignal_Jul02/crab.log
