DEBUG 2019-08-05 23:49:17,069: 	 Executing command: 'submit'
DEBUG 2019-08-05 23:49:17,069: 	 Found CRAB cache file /afs/cern.ch/user/x/xuyan/.crab3
DEBUG 2019-08-05 23:49:17,079: 	 Checking credentials
DEBUG 2019-08-05 23:49:17,082: 	 Found proxy file /tmp/x509up_u93529
DEBUG 2019-08-05 23:49:17,082: 	 Getting proxy life time left
DEBUG 2019-08-05 23:49:17,888: 	 Executing : 
 command : voms-proxy-info -file /tmp/x509up_u93529 -timeleft
 output : 85931

 error: 
 retcode : 0
DEBUG 2019-08-05 23:49:18,599: 	 Executing : 
 command : voms-proxy-info -file /tmp/x509up_u93529 -actimeleft
 output : 85930

 error: 
 retcode : 0
DEBUG 2019-08-05 23:49:18,599: 	 Proxy lifetime 85931 secs is different from voms extension lifetime 85930 secs for proxy: /tmp/x509up_u93529
DEBUG 2019-08-05 23:49:18,600: 	 Proxy valid for 23:52:10 hours
INFO 2019-08-05 23:49:18,600: 	 Will use CRAB configuration file crab_MC2017GJets_HT-100To200.py
DEBUG 2019-08-05 23:49:18,600: 	 Loading CRAB configuration file.
ERROR 2019-08-05 23:49:20,362: 	 Keyboard Interrupted
