 process source filenames cms.Source("PoolSource",
    fileNames = cms.untracked.vstring('/store/mc/RunIIFall17MiniAODv2/PythiaChargedResonance_WGToJJG_M1600_width5/MINIAODSIM/PU2017_12Apr2018_94X_mc2017_realistic_v14-v1/100000/B45E79A3-9432-E911-8FF5-AC1F6B0DE294.root', 
        '/store/mc/RunIIFall17MiniAODv2/PythiaChargedResonance_WGToJJG_M1600_width5/MINIAODSIM/PU2017_12Apr2018_94X_mc2017_realistic_v14-v1/10000/4C1BB0B2-B12A-E911-BCA9-90B11C443C96.root', 
        '/store/mc/RunIIFall17MiniAODv2/PythiaChargedResonance_WGToJJG_M1600_width5/MINIAODSIM/PU2017_12Apr2018_94X_mc2017_realistic_v14-v1/10000/282884EF-B22A-E911-861D-00259090829A.root', 
        '/store/mc/RunIIFall17MiniAODv2/PythiaChargedResonance_WGToJJG_M1600_width5/MINIAODSIM/PU2017_12Apr2018_94X_mc2017_realistic_v14-v1/10000/8AA76743-B32A-E911-98E2-24BE05CEEC21.root')
)

*************************************** GLOBAL TAG *************************************************
94X_mc2017_realistic_v17
****************************************************************************************************
jec unc file for ak8  JEC/Fall17_17Nov2017_V32_MC_Uncertainty_AK8PFPuppi.txt
doing corrections to jets on th fly True, to met on the fly False
>>>>>>>>>>>>>>>>>>>>>>>>>>>>>>>>>>>>>>>>>>>>>>>>
>>>>>>>>>>>>>>>>>>>>>>>>>>>>>>>>>>>>>>>>>>>>>>>>
Fatjet Collection:  slimmedJetsAK8
PuppiJet Collection:  
>>>>>>>>>>>>>>>>>>>>>>>>>>>>>>>>>>>>>>>>>>>>>>>>
>>>>>>>>>>>>>>>>>>>>>>>>>>>>>>>>>>>>>>>>>>>>>>>>
LoadMVA_WPs_run2_2017: performed::::
ak8GenJets, NjettinessGenAK8, genParticlesForJets, ak8GenJetsPruned, ak8GenJetsSoftDrop, ak8GenJetsPrunedMass, ak8GenJetsSoftDropMass, genJetsAK8, selectedGenJetsAK8, electronMVAVariableHelper, electronMVAValueMapProducer, egmGsfElectronIDs, electronRegressionValueMapProducer, heepIDVarValueMaps
DEBUG 2019-07-06 00:19:16,225: 	 Executing command: 'submit'
DEBUG 2019-07-06 00:19:16,225: 	 Found CRAB cache file /afs/cern.ch/user/x/xuyan/.crab3
DEBUG 2019-07-06 00:19:16,233: 	 Checking credentials
DEBUG 2019-07-06 00:19:16,234: 	 Found proxy file /tmp/x509up_u93529
DEBUG 2019-07-06 00:19:16,234: 	 Getting proxy life time left
DEBUG 2019-07-06 00:19:16,938: 	 Executing : 
 command : voms-proxy-info -file /tmp/x509up_u93529 -timeleft
 output : 86108

 error: 
 retcode : 0
DEBUG 2019-07-06 00:19:17,644: 	 Executing : 
 command : voms-proxy-info -file /tmp/x509up_u93529 -actimeleft
 output : 86106

 error: 
 retcode : 0
DEBUG 2019-07-06 00:19:17,644: 	 Proxy lifetime 86108 secs is different from voms extension lifetime 86106 secs for proxy: /tmp/x509up_u93529
DEBUG 2019-07-06 00:19:17,644: 	 Proxy valid for 23:55:06 hours
INFO 2019-07-06 00:19:17,645: 	 Will use CRAB configuration file crabconfigs/crab_Signal.py
DEBUG 2019-07-06 00:19:17,645: 	 Loading CRAB configuration file.
DEBUG 2019-07-06 00:19:20,007: 	 Will use CRAB Analysis plugin (i.e. will run an analysis job type).
DEBUG 2019-07-06 00:19:20,123: 	 Executing : 
 command : openssl x509 -in ~/.globus/usercert.pem -subject -noout
 output : subject= /DC=ch/DC=cern/OU=Organic Units/OU=Users/CN=xuyan/CN=803661/CN=Xuli Yan

 error: 
 retcode : 0
DEBUG 2019-07-06 00:19:20,124: 	 Checking credentials
DEBUG 2019-07-06 00:19:20,124: 	 Found proxy file /tmp/x509up_u93529
DEBUG 2019-07-06 00:19:20,124: 	 Getting proxy life time left
DEBUG 2019-07-06 00:19:20,829: 	 Executing : 
 command : voms-proxy-info -file /tmp/x509up_u93529 -timeleft
 output : 86104

 error: 
 retcode : 0
DEBUG 2019-07-06 00:19:21,534: 	 Executing : 
 command : voms-proxy-info -file /tmp/x509up_u93529 -actimeleft
 output : 86102

 error: 
 retcode : 0
DEBUG 2019-07-06 00:19:21,534: 	 Proxy lifetime 86104 secs is different from voms extension lifetime 86102 secs for proxy: /tmp/x509up_u93529
DEBUG 2019-07-06 00:19:21,534: 	 Proxy valid for 23:55:02 hours
DEBUG 2019-07-06 00:19:22,242: 	 Executing : 
 command : env X509_USER_PROXY=/tmp/x509up_u93529 voms-proxy-info -fqan
 output : /cms/Role=NULL/Capability=NULL

 error: 
 retcode : 0
DEBUG 2019-07-06 00:19:22,411: 	 Registering user credentials for server /DC=ch/DC=cern/OU=computers/CN=vocms(052|058|030|0118|0105|0109).cern.ch|/DC=ch/DC=cern/OU=computers/CN=crab-(preprod|prod)-tw(02|01).cern.ch
DEBUG 2019-07-06 00:19:22,519: 	 Executing : 
 command : openssl x509 -in ~/.globus/usercert.pem -subject -noout
 output : subject= /DC=ch/DC=cern/OU=Organic Units/OU=Users/CN=xuyan/CN=803661/CN=Xuli Yan

 error: 
 retcode : 0
DEBUG 2019-07-06 00:19:22,520: 	 Getting myproxy life time left for myproxy.cern.ch
DEBUG 2019-07-06 00:19:22,520: 	 Calculating hash of /DC=ch/DC=cern/OU=Organic Units/OU=Users/CN=xuyan/CN=803661/CN=Xuli Yan_cmsweb.cern.ch for credential name
DEBUG 2019-07-06 00:19:22,723: 	 Executing : 
 command : myproxy-info -l b1772a5c240352d6d735b714aa331919d3f56592 -s myproxy.cern.ch
 output : username: b1772a5c240352d6d735b714aa331919d3f56592
owner: /DC=ch/DC=cern/OU=Organic Units/OU=Users/CN=xuyan/CN=803661/CN=Xuli Yan
  renewal policy: /DC=ch/DC=cern/OU=computers/CN=vocms(052|058|030|0118|0105|0109).cern.ch|/DC=ch/DC=cern/OU=computers/CN=crab-(preprod|prod)-tw(02|01).cern.ch
  trusted retrieval policy: /DC=ch/DC=cern/OU=computers/CN=vocms(052|058|030|0118|0105|0109).cern.ch|/DC=ch/DC=cern/OU=computers/CN=crab-(preprod|prod)-tw(02|01).cern.ch
  timeleft: 593:32:18  (24.7 days)

 error: 
 retcode : 0
DEBUG 2019-07-06 00:19:22,724: 	 Myproxy is valid: 2136738
DEBUG 2019-07-06 00:19:22,724: 	 Command use: submit
DEBUG 2019-07-06 00:19:22,725: 	 Options use: ['-c', 'crabconfigs/crab_Signal.py']
DEBUG 2019-07-06 00:19:22,852: 	 CRABClient version: 3.3.1904
DEBUG 2019-07-06 00:19:22,852: 	 Instance is prod
DEBUG 2019-07-06 00:19:22,852: 	 Server base url is cmsweb.cern.ch
DEBUG 2019-07-06 00:19:22,852: 	 Command url /crabserver/prod/workflow
DEBUG 2019-07-06 00:19:22,852: 	 Started submission
DEBUG 2019-07-06 00:19:22,852: 	 Working on /afs/cern.ch/work/x/xuyan/work5/DEV/CMSSW_9_4_9/src/VgammaTuplizer/Ntuplizer/crab_jobs_signalJul05/crab_Wgamma949SignalFinal_v5_Jul05
DEBUG 2019-07-06 00:19:23,060: 	 Loading required information from the environment
DEBUG 2019-07-06 00:19:23,060: 	 Found CMSSW_9_4_9 for slc6_amd64_gcc630 with base /afs/cern.ch/work/x/xuyan/work5/DEV/CMSSW_9_4_9
DEBUG 2019-07-06 00:19:23,060: 	 Loading required information from the environment
DEBUG 2019-07-06 00:19:23,060: 	 Found CMSSW_9_4_9 for slc6_amd64_gcc630 with base /afs/cern.ch/work/x/xuyan/work5/DEV/CMSSW_9_4_9
DEBUG 2019-07-06 00:19:23,075: 	 UNIQUE NAME: tarUUID f6b34703-a6d6-4219-bb41-6cb717a8cc9f 
DEBUG 2019-07-06 00:19:23,075: 	 self.config: from WMCore.Configuration import Configuration
config = Configuration()
config.section_('General')
config.General.transferLogs = True
config.General.transferOutputs = True
config.General.workArea = 'crab_jobs_signalJul05'
config.General.requestName = 'Wgamma949SignalFinal_v5_Jul05'
config.section_('JobType')
config.JobType.psetName = 'config_generic.py'
config.JobType.pluginName = 'Analysis'
config.JobType.sendExternalFolder = True
config.section_('Data')
config.Data.inputDataset = '/PythiaChargedResonance_WGToJJG_M1600_width5/RunIIFall17MiniAODv2-PU2017_12Apr2018_94X_mc2017_realistic_v14-v1/MINIAODSIM'
config.Data.outputDatasetTag = 'Wgamma949SignalFinal_v5_Jul05'
config.Data.publication = False
config.Data.unitsPerJob = 1
config.Data.inputDBS = 'global'
config.Data.splitting = 'FileBased'
config.Data.outLFNDirBase = '/store/user/xuyan/'
config.section_('Site')
config.Site.storageSite = 'T3_US_Brown'
config.section_('User')
config.section_('Debug')

DEBUG 2019-07-06 00:19:23,075: 	 self.config.JobType.psetName: config_generic.py
INFO 2019-07-06 00:19:23,076: 	 Importing CMSSW configuration config_generic.py
INFO 2019-07-06 00:19:23,628: 	 Finished importing CMSSW configuration config_generic.py
DEBUG 2019-07-06 00:19:23,629: 	 Writing CMSSW configuration to /afs/cern.ch/work/x/xuyan/work5/DEV/CMSSW_9_4_9/src/VgammaTuplizer/Ntuplizer/crab_jobs_signalJul05/crab_Wgamma949SignalFinal_v5_Jul05/inputs/PSet.py
DEBUG 2019-07-06 00:19:23,831: 	 The following EDM output files will be collected: []
DEBUG 2019-07-06 00:19:23,831: 	 The following TFile output files will be collected: ['flatTuple.root']
DEBUG 2019-07-06 00:19:23,831: 	 The following user output files will be collected: []
DEBUG 2019-07-06 00:19:23,831: 	 Loading required information from the environment
DEBUG 2019-07-06 00:19:23,831: 	 Found CMSSW_9_4_9 for slc6_amd64_gcc630 with base /afs/cern.ch/work/x/xuyan/work5/DEV/CMSSW_9_4_9
DEBUG 2019-07-06 00:19:23,831: 	 Making tarball in /afs/cern.ch/work/x/xuyan/work5/DEV/CMSSW_9_4_9/src/VgammaTuplizer/Ntuplizer/crab_jobs_signalJul05/crab_Wgamma949SignalFinal_v5_Jul05/inputs/f6b34703-a6d6-4219-bb41-6cb717a8cc9fdefault.tgz
DEBUG 2019-07-06 00:19:23,850: 	 Checking directory /afs/cern.ch/work/x/xuyan/work5/DEV/CMSSW_9_4_9/lib
DEBUG 2019-07-06 00:19:23,850: 	 Adding directory /afs/cern.ch/work/x/xuyan/work5/DEV/CMSSW_9_4_9/lib to tarball
DEBUG 2019-07-06 00:19:27,920: 	 Checking directory /afs/cern.ch/work/x/xuyan/work5/DEV/CMSSW_9_4_9/biglib
DEBUG 2019-07-06 00:19:27,920: 	 Adding directory /afs/cern.ch/work/x/xuyan/work5/DEV/CMSSW_9_4_9/biglib to tarball
DEBUG 2019-07-06 00:19:27,920: 	 Checking directory /afs/cern.ch/work/x/xuyan/work5/DEV/CMSSW_9_4_9/module
DEBUG 2019-07-06 00:19:27,921: 	 Checking directory /afs/cern.ch/work/x/xuyan/work5/DEV/CMSSW_9_4_9/external
DEBUG 2019-07-06 00:19:27,921: 	 Adding directory /afs/cern.ch/work/x/xuyan/work5/DEV/CMSSW_9_4_9/external to tarball
DEBUG 2019-07-06 00:19:28,972: 	 Adding data directory /afs/cern.ch/work/x/xuyan/work5/DEV/CMSSW_9_4_9/src/DQMOffline/Trigger/data to tarball
DEBUG 2019-07-06 00:19:28,974: 	 Adding data directory /afs/cern.ch/work/x/xuyan/work5/DEV/CMSSW_9_4_9/src/DQMOffline/Trigger/interface to tarball
DEBUG 2019-07-06 00:19:29,000: 	 Adding data directory /afs/cern.ch/work/x/xuyan/work5/DEV/CMSSW_9_4_9/src/PhysicsTools/NanoAOD/interface to tarball
DEBUG 2019-07-06 00:19:29,002: 	 Adding data directory /afs/cern.ch/work/x/xuyan/work5/DEV/CMSSW_9_4_9/src/PhysicsTools/PatAlgos/interface to tarball
DEBUG 2019-07-06 00:19:29,017: 	 Adding data directory /afs/cern.ch/work/x/xuyan/work5/DEV/CMSSW_9_4_9/src/PhysicsTools/SelectorUtils/interface to tarball
DEBUG 2019-07-06 00:19:29,126: 	 Adding data directory /afs/cern.ch/work/x/xuyan/work5/DEV/CMSSW_9_4_9/src/VgammaTuplizer/Ntuplizer/interface to tarball
DEBUG 2019-07-06 00:19:29,139: 	 Adding data directory /afs/cern.ch/work/x/xuyan/work5/DEV/CMSSW_9_4_9/src/VgammaTuplizer/Ntuplizer/data to tarball
DEBUG 2019-07-06 00:20:04,584: 	 Adding data directory /afs/cern.ch/work/x/xuyan/work5/DEV/CMSSW_9_4_9/src/RecoEgamma/EgammaTools/data to tarball
DEBUG 2019-07-06 00:20:04,731: 	 Adding data directory /afs/cern.ch/work/x/xuyan/work5/DEV/CMSSW_9_4_9/src/RecoEgamma/EgammaTools/interface to tarball
DEBUG 2019-07-06 00:20:04,741: 	 Adding data directory /afs/cern.ch/work/x/xuyan/work5/DEV/CMSSW_9_4_9/src/RecoEgamma/ElectronIdentification/data to tarball
DEBUG 2019-07-06 00:20:11,114: 	 Adding data directory /afs/cern.ch/work/x/xuyan/work5/DEV/CMSSW_9_4_9/src/RecoEgamma/ElectronIdentification/interface to tarball
DEBUG 2019-07-06 00:20:11,123: 	 Adding data directory /afs/cern.ch/work/x/xuyan/work5/DEV/CMSSW_9_4_9/src/RecoEgamma/PhotonIdentification/data to tarball
DEBUG 2019-07-06 00:20:16,432: 	 Adding data directory /afs/cern.ch/work/x/xuyan/work5/DEV/CMSSW_9_4_9/src/RecoEgamma/PhotonIdentification/interface to tarball
DEBUG 2019-07-06 00:20:16,598: 	 Adding data directory /afs/cern.ch/work/x/xuyan/work5/DEV/CMSSW_9_4_9/src/RecoEgamma/EgammaElectronAlgos/interface to tarball
DEBUG 2019-07-06 00:20:16,607: 	 Adding data directory /afs/cern.ch/work/x/xuyan/work5/DEV/CMSSW_9_4_9/src/RecoParticleFlow/PFProducer/data to tarball
DEBUG 2019-07-06 00:20:16,608: 	 Adding data directory /afs/cern.ch/work/x/xuyan/work5/DEV/CMSSW_9_4_9/src/RecoParticleFlow/PFProducer/interface to tarball
DEBUG 2019-07-06 00:20:16,620: 	 Adding data directory /afs/cern.ch/work/x/xuyan/work5/DEV/CMSSW_9_4_9/src/WGammaAnalyzer/Selection/data to tarball
DEBUG 2019-07-06 00:20:16,631: 	 Adding data directory /afs/cern.ch/work/x/xuyan/work5/DEV/CMSSW_9_4_9/src/WGammaAnalyzer/Utils/interface to tarball
DEBUG 2019-07-06 00:20:17,611: 	 Uploading archive /afs/cern.ch/work/x/xuyan/work5/DEV/CMSSW_9_4_9/src/VgammaTuplizer/Ntuplizer/crab_jobs_signalJul05/crab_Wgamma949SignalFinal_v5_Jul05/inputs/f6b34703-a6d6-4219-bb41-6cb717a8cc9fdefault.tgz (79 MB) to the CRAB cache. Using URI https://cmsweb.cern.ch/crabcache
DEBUG 2019-07-06 00:21:20,476: 	 Loading required information from the environment
DEBUG 2019-07-06 00:21:20,476: 	 Found CMSSW_9_4_9 for slc6_amd64_gcc630 with base /afs/cern.ch/work/x/xuyan/work5/DEV/CMSSW_9_4_9
DEBUG 2019-07-06 00:21:20,476: 	 Making tarball in /afs/cern.ch/work/x/xuyan/work5/DEV/CMSSW_9_4_9/src/VgammaTuplizer/Ntuplizer/crab_jobs_signalJul05/crab_Wgamma949SignalFinal_v5_Jul05/inputs/debugFiles.tgz
DEBUG 2019-07-06 00:21:20,490: 	 Uploading archive /afs/cern.ch/work/x/xuyan/work5/DEV/CMSSW_9_4_9/src/VgammaTuplizer/Ntuplizer/crab_jobs_signalJul05/crab_Wgamma949SignalFinal_v5_Jul05/inputs/debugFiles.tgz (14 KB) to the CRAB cache. Using URI https://cmsweb.cern.ch/crabcache
DEBUG 2019-07-06 00:21:20,688: 	 Result uploading input files: d3bbf06a4675b8769fea3ffe7426461e73d804028876a48d302ad435f6a08d1f.tar.gz 
INFO 2019-07-06 00:21:20,688: 	 Sending the request to the server
DEBUG 2019-07-06 00:21:20,688: 	 Submitting {'maxjobruntime': 1250, 'extrajdl': [], 'ignorelocality': 0, 'savelogsflag': 1, 'useparent': 0, 'asyncdest': 'T3_US_Brown', 'algoargs': 1, 'cachefilename': 'd3bbf06a4675b8769fea3ffe7426461e73d804028876a48d302ad435f6a08d1f.tar.gz', 'numcores': 1, 'addoutputfiles': [], 'generator': 'pythia', 'maxmemory': 2000, 'publishdbsurl': 'https://cmsweb.cern.ch/dbs/prod/phys03/DBSWriter', 'priority': 10, 'jobsw': 'CMSSW_9_4_9', 'edmoutfiles': [], 'userfiles': [], 'primarydataset': '', 'inputdata': '/PythiaChargedResonance_WGToJJG_M1600_width5/RunIIFall17MiniAODv2-PU2017_12Apr2018_94X_mc2017_realistic_v14-v1/MINIAODSIM', 'lfn': '/store/user/xuyan/', 'dryrun': 0, 'workflow': 'crab_Wgamma949SignalFinal_v5_Jul05', 'cacheurl': u'https://cmsweb.cern.ch/crabcache', 'nonprodsw': 0, 'tfileoutfiles': ['flatTuple.root'], 'oneEventMode': 0, 'debugfilename': '11e0f7ca4c608c7878be2ab131d4818ab4176d93a94aa7b6216c2f8f358938e4.tar.gz', 'saveoutput': 1, 'publication': 0, 'jobarch': 'slc6_amd64_gcc630', 'totalunits': 0, 'splitalgo': 'FileBased', 'ignoreglobalblacklist': 0, 'nonvaliddata': 0, 'dbsurl': 'https://cmsweb.cern.ch/dbs/prod/global/DBSReader', 'publishgroupname': 0, 'jobtype': 'Analysis', 'publishname2': 'Wgamma949SignalFinal_v5_Jul05'} 
DEBUG 2019-07-06 00:21:20,689: 	 Encoded submit request: maxjobruntime=1250&ignorelocality=0&savelogsflag=1&useparent=0&asyncdest=T3_US_Brown&algoargs=1&cachefilename=d3bbf06a4675b8769fea3ffe7426461e73d804028876a48d302ad435f6a08d1f.tar.gz&numcores=1&generator=pythia&maxmemory=2000&publishdbsurl=https%3A%2F%2Fcmsweb.cern.ch%2Fdbs%2Fprod%2Fphys03%2FDBSWriter&priority=10&jobsw=CMSSW_9_4_9&primarydataset=&inputdata=%2FPythiaChargedResonance_WGToJJG_M1600_width5%2FRunIIFall17MiniAODv2-PU2017_12Apr2018_94X_mc2017_realistic_v14-v1%2FMINIAODSIM&lfn=%2Fstore%2Fuser%2Fxuyan%2F&dryrun=0&workflow=crab_Wgamma949SignalFinal_v5_Jul05&cacheurl=https%3A%2F%2Fcmsweb.cern.ch%2Fcrabcache&nonprodsw=0&oneEventMode=0&debugfilename=11e0f7ca4c608c7878be2ab131d4818ab4176d93a94aa7b6216c2f8f358938e4.tar.gz&saveoutput=1&publication=0&jobarch=slc6_amd64_gcc630&totalunits=0&splitalgo=FileBased&ignoreglobalblacklist=0&nonvaliddata=0&dbsurl=https%3A%2F%2Fcmsweb.cern.ch%2Fdbs%2Fprod%2Fglobal%2FDBSReader&publishgroupname=0&jobtype=Analysis&publishname2=Wgamma949SignalFinal_v5_Jul05&tfileoutfiles=flatTuple.root
DEBUG 2019-07-06 00:21:20,990: 	 Result: {u'result': [{u'RequestName': u'190705_222120:xuyan_crab_Wgamma949SignalFinal_v5_Jul05'}]}
INFO 2019-07-06 00:21:20,992: 	 Success: Your task has been delivered to the CRAB3 server.
INFO 2019-07-06 00:21:20,993: 	 Task name: 190705_222120:xuyan_crab_Wgamma949SignalFinal_v5_Jul05
INFO 2019-07-06 00:21:20,993: 	 Project dir: crab_jobs_signalJul05/crab_Wgamma949SignalFinal_v5_Jul05
INFO 2019-07-06 00:21:20,993: 	 Please use 'crab status -d crab_jobs_signalJul05/crab_Wgamma949SignalFinal_v5_Jul05' to check how the submission process proceeds.
DEBUG 2019-07-06 00:21:20,993: 	 About to return
INFO 2019-07-06 00:21:20,997: 	 Log file is /afs/cern.ch/work/x/xuyan/work5/DEV/CMSSW_9_4_9/src/VgammaTuplizer/Ntuplizer/crab_jobs_signalJul05/crab_Wgamma949SignalFinal_v5_Jul05/crab.log
DEBUG 2019-07-06 01:51:19,690: 	 Executing command: 'status'
DEBUG 2019-07-06 01:51:19,690: 	 Found CRAB cache file /afs/cern.ch/user/x/xuyan/.crab3
DEBUG 2019-07-06 01:51:19,701: 	 Checking credentials
DEBUG 2019-07-06 01:51:19,704: 	 Found proxy file /tmp/x509up_u93529
DEBUG 2019-07-06 01:51:19,704: 	 Getting proxy life time left
DEBUG 2019-07-06 01:51:20,509: 	 Executing : 
 command : voms-proxy-info -file /tmp/x509up_u93529 -timeleft
 output : 80584

 error: 
 retcode : 0
DEBUG 2019-07-06 01:51:21,215: 	 Executing : 
 command : voms-proxy-info -file /tmp/x509up_u93529 -actimeleft
 output : 80582

 error: 
 retcode : 0
DEBUG 2019-07-06 01:51:21,216: 	 Proxy lifetime 80584 secs is different from voms extension lifetime 80582 secs for proxy: /tmp/x509up_u93529
DEBUG 2019-07-06 01:51:21,216: 	 Proxy valid for 22:23:02 hours
DEBUG 2019-07-06 01:51:21,360: 	 Executing : 
 command : openssl x509 -in ~/.globus/usercert.pem -subject -noout
 output : subject= /DC=ch/DC=cern/OU=Organic Units/OU=Users/CN=xuyan/CN=803661/CN=Xuli Yan

 error: 
 retcode : 0
DEBUG 2019-07-06 01:51:21,360: 	 Checking credentials
DEBUG 2019-07-06 01:51:21,361: 	 Found proxy file /tmp/x509up_u93529
DEBUG 2019-07-06 01:51:21,361: 	 Getting proxy life time left
DEBUG 2019-07-06 01:51:22,069: 	 Executing : 
 command : voms-proxy-info -file /tmp/x509up_u93529 -timeleft
 output : 80582

 error: 
 retcode : 0
DEBUG 2019-07-06 01:51:22,775: 	 Executing : 
 command : voms-proxy-info -file /tmp/x509up_u93529 -actimeleft
 output : 80581

 error: 
 retcode : 0
DEBUG 2019-07-06 01:51:22,775: 	 Proxy lifetime 80582 secs is different from voms extension lifetime 80581 secs for proxy: /tmp/x509up_u93529
DEBUG 2019-07-06 01:51:22,775: 	 Proxy valid for 22:23:01 hours
DEBUG 2019-07-06 01:51:22,957: 	 Registering user credentials for server /DC=ch/DC=cern/OU=computers/CN=vocms(052|058|030|0118|0105|0109).cern.ch|/DC=ch/DC=cern/OU=computers/CN=crab-(preprod|prod)-tw(02|01).cern.ch
DEBUG 2019-07-06 01:51:23,065: 	 Executing : 
 command : openssl x509 -in ~/.globus/usercert.pem -subject -noout
 output : subject= /DC=ch/DC=cern/OU=Organic Units/OU=Users/CN=xuyan/CN=803661/CN=Xuli Yan

 error: 
 retcode : 0
DEBUG 2019-07-06 01:51:23,066: 	 Getting myproxy life time left for myproxy.cern.ch
DEBUG 2019-07-06 01:51:23,066: 	 Calculating hash of /DC=ch/DC=cern/OU=Organic Units/OU=Users/CN=xuyan/CN=803661/CN=Xuli Yan_cmsweb.cern.ch for credential name
DEBUG 2019-07-06 01:51:23,269: 	 Executing : 
 command : myproxy-info -l b1772a5c240352d6d735b714aa331919d3f56592 -s myproxy.cern.ch
 output : username: b1772a5c240352d6d735b714aa331919d3f56592
owner: /DC=ch/DC=cern/OU=Organic Units/OU=Users/CN=xuyan/CN=803661/CN=Xuli Yan
  renewal policy: /DC=ch/DC=cern/OU=computers/CN=vocms(052|058|030|0118|0105|0109).cern.ch|/DC=ch/DC=cern/OU=computers/CN=crab-(preprod|prod)-tw(02|01).cern.ch
  trusted retrieval policy: /DC=ch/DC=cern/OU=computers/CN=vocms(052|058|030|0118|0105|0109).cern.ch|/DC=ch/DC=cern/OU=computers/CN=crab-(preprod|prod)-tw(02|01).cern.ch
  timeleft: 592:00:17  (24.7 days)

 error: 
 retcode : 0
DEBUG 2019-07-06 01:51:23,271: 	 Myproxy is valid: 2131217
DEBUG 2019-07-06 01:51:23,272: 	 Command use: status
DEBUG 2019-07-06 01:51:23,272: 	 Options use: ['-d', 'crab_jobs_signalJul05/crab_Wgamma949SignalFinal_v5_Jul05/']
DEBUG 2019-07-06 01:51:23,428: 	 CRABClient version: 3.3.1904
DEBUG 2019-07-06 01:51:23,429: 	 Instance is prod
DEBUG 2019-07-06 01:51:23,429: 	 Server base url is cmsweb.cern.ch
DEBUG 2019-07-06 01:51:23,429: 	 Command url /crabserver/prod/workflow
DEBUG 2019-07-06 01:51:23,587: 	 Got information from server oracle database: {u'result': [u'190705_222120:xuyan_crab_Wgamma949SignalFinal_v5_Jul05', u'None', u'None', u'SUBMITTED', u'SUBMIT', u'2019-07-05 22:21:21.010975', u'None', u'2019-07-05 22:22:39.140494', u'None', u'CMSSW_9_4_9', u'slc6_amd64_gcc630', u'/PythiaChargedResonance_WGToJJG_M1600_width5/RunIIFall17MiniAODv2-PU2017_12Apr2018_94X_mc2017_realistic_v14-v1/MINIAODSIM', u'F', u'0', u'[]', u'[]', u'FileBased', u"{'splitOnRun': False, 'halt_job_on_file_boundaries': False, 'files_per_job': 1, 'runs': [], 'lumis': []}", u'd3bbf06a4675b8769fea3ffe7426461e73d804028876a48d302ad435f6a08d1f.tar.gz', u'https://cmsweb.cern.ch/crabcache', u'xuyan', u'/DC=ch/DC=cern/OU=Organic Units/OU=Users/CN=xuyan/CN=803661/CN=Xuli Yan', u'cms', u'None', u'None', u'Wgamma949SignalFinal_v5_Jul05-00000000000000000000000000000000', u'F', u'T3_US_Brown', u'https://cmsweb.cern.ch/dbs/prod/global/DBSReader', u'https://cmsweb.cern.ch/dbs/prod/phys03/DBSWriter', u'F', u'[]', u"['flatTuple.root']", u'[]', u'Analysis', u'pythia', u'None', u'{}', u'[]', u'T', u'crab-prod-tw01', u'[]', u'1250', u'1', u'2000', u'10', u'None', u'[]', u'http://vocms0194.cern.ch/mon/cms365/190705_222120:xuyan_crab_Wgamma949SignalFinal_v5_Jul05', u'None', u'[]', u'[]', u'https://cmsweb.cern.ch/crabserver/prod', u'cmsgwms-collector-global.cern.ch:9620,cmssrv221.fnal.gov:9620', u'crab3@vocms0194.cern.ch', u'F', u'[]', u'T', u'/store/user/xuyan/', u'F', u'None', u'F', u'None', u'PythiaChargedResonance_WGToJJG_M1600_width5', u'None', u'11e0f7ca4c608c7878be2ab131d4818ab4176d93a94aa7b6216c2f8f358938e4.tar.gz', u'40745338', u'filetransfers', u'F', u'137.138.152.58', u'0.0', u'None'], u'desc': {u'columns': [u'tm_taskname', u'tm_activity', u'panda_jobset_id', u'tm_task_status', u'tm_task_command', u'tm_start_time', u'tm_start_injection', u'tm_end_injection', u'tm_task_failure', u'tm_job_sw', u'tm_job_arch', u'tm_input_dataset', u'tm_nonvalid_input_dataset', u'tm_use_parent', u'tm_site_whitelist', u'tm_site_blacklist', u'tm_split_algo', u'tm_split_args', u'tm_user_sandbox', u'tm_cache_url', u'tm_username', u'tm_user_dn', u'tm_user_vo', u'tm_user_role', u'tm_user_group', u'tm_publish_name', u'tm_publish_groupname', u'tm_asyncdest', u'tm_dbs_url', u'tm_publish_dbs_url', u'tm_publication', u'tm_outfiles', u'tm_tfile_outfiles', u'tm_edm_outfiles', u'tm_job_type', u'tm_generator', u'tm_events_per_lumi', u'tm_arguments', u'panda_resubmitted_jobs', u'tm_save_logs', u'tw_name', u'tm_user_infiles', u'tm_maxjobruntime', u'tm_numcores', u'tm_maxmemory', u'tm_priority', u'tm_output_dataset', u'tm_task_warnings', u'tm_user_webdir', u'tm_scriptexe', u'tm_scriptargs', u'tm_extrajdl', u'tm_asourl', u'tm_collector', u'tm_schedd', u'tm_dry_run', u'tm_user_files', u'tm_transfer_outputs', u'tm_output_lfn', u'tm_ignore_locality', u'tm_fail_limit', u'tm_one_event_mode', u'tm_secondary_input_dataset', u'tm_primary_dataset', u'tm_last_publication', u'tm_debug_files', u'clusterid', u'tm_asodb', u'tm_ignore_global_blacklist', u'tm_submitter_ip_addr', u'tm_totalunits', u'tm_ddm_reqid']}}
INFO 2019-07-06 01:51:23,588: 	 CRAB project directory:		/afs/cern.ch/work/x/xuyan/work5/DEV/CMSSW_9_4_9/src/VgammaTuplizer/Ntuplizer/crab_jobs_signalJul05/crab_Wgamma949SignalFinal_v5_Jul05
INFO 2019-07-06 01:51:23,589: 	 Task name:			190705_222120:xuyan_crab_Wgamma949SignalFinal_v5_Jul05
INFO 2019-07-06 01:51:23,589: 	 Grid scheduler - Task Worker:	crab3@vocms0194.cern.ch - crab-prod-tw01
INFO 2019-07-06 01:51:23,589: 	 Status on the CRAB server:	SUBMITTED
INFO 2019-07-06 01:51:23,589: 	 Task URL to use for HELP:	https://cmsweb.cern.ch/crabserver/ui/task/190705_222120%3Axuyan_crab_Wgamma949SignalFinal_v5_Jul05
INFO 2019-07-06 01:51:23,589: 	 Dashboard monitoring URL:	http://dashb-cms-job.cern.ch/dashboard/templates/task-analysis/#user=xuyan&refresh=0&table=Jobs&p=1&records=25&activemenu=2&status=&site=&tid=190705_222120%3Axuyan_crab_Wgamma949SignalFinal_v5_Jul05
INFO 2019-07-06 01:51:23,589: 	 New dashboard monitoring URL:	https://monit-grafana.cern.ch/d/cmsTMDetail/cms-task-monitoring-task-view?orgId=11&var-user=xuyan&var-task=190705_222120%3Axuyan_crab_Wgamma949SignalFinal_v5_Jul05
INFO 2019-07-06 01:51:23,589: 	 In case of issues with the new dashboard, please provide feedback to hn-cms-computing-tools@cern.ch
DEBUG 2019-07-06 01:51:23,589: 	 The CRAB server submitted your task to the Grid scheduler (cluster ID: 40745338)
DEBUG 2019-07-06 01:51:23,589: 	 Webdir is located at http://vocms0194.cern.ch/mon/cms365/190705_222120:xuyan_crab_Wgamma949SignalFinal_v5_Jul05
DEBUG 2019-07-06 01:51:23,782: 	 Proxied webdir is located at https://cmsweb.cern.ch/scheddmon/0194/cms365/190705_222120:xuyan_crab_Wgamma949SignalFinal_v5_Jul05
DEBUG 2019-07-06 01:51:23,782: 	 Retrieving 'status_cache' file from https://cmsweb.cern.ch/scheddmon/0194/cms365/190705_222120:xuyan_crab_Wgamma949SignalFinal_v5_Jul05/status_cache
DEBUG 2019-07-06 01:51:23,984: 	 Got information from status cache file: {'1': {'Retries': 0, 'WallDurations': [9.0, 1025.0], 'StartTimes': [1562365941.0], 'SubmitTimes': [1562365375.0], 'JobIds': ['40745340.0'], 'EndTimes': [1562366966.0], 'Restarts': 0, 'RecordedSite': True, 'State': 'finished', 'ResidentSetSize': [1119736], 'TotalUserCpuTimeHistory': [717], 'SiteHistory': ['Unknown', 'T2_US_Vanderbilt'], 'TotalSysCpuTimeHistory': [20]}, '3': {'Retries': 0, 'WallDurations': [8.0, 652.0], 'StartTimes': [1562366063.0], 'SubmitTimes': [1562365375.0], 'JobIds': ['40745341.0'], 'EndTimes': [1562366715.0], 'Restarts': 0, 'RecordedSite': True, 'State': 'finished', 'ResidentSetSize': [1113900], 'TotalUserCpuTimeHistory': [329], 'SiteHistory': ['Unknown', 'T2_US_Purdue'], 'TotalSysCpuTimeHistory': [7]}, '2': {'Retries': 0, 'WallDurations': [8.0, 605.0], 'StartTimes': [1562366142.0], 'SubmitTimes': [1562365375.0], 'JobIds': ['40745343.0'], 'EndTimes': [1562366747.0], 'Restarts': 0, 'RecordedSite': True, 'State': 'finished', 'ResidentSetSize': [1112056], 'TotalUserCpuTimeHistory': [444], 'SiteHistory': ['Unknown', 'T2_US_Caltech'], 'TotalSysCpuTimeHistory': [7]}, '4': {'Retries': 0, 'WallDurations': [8.0, 1078.0], 'StartTimes': [1562365942.0], 'SubmitTimes': [1562365375.0], 'JobIds': ['40745342.0'], 'EndTimes': [1562367020.0], 'Restarts': 0, 'RecordedSite': True, 'State': 'finished', 'ResidentSetSize': [1142096], 'TotalUserCpuTimeHistory': [952], 'SiteHistory': ['Unknown', 'T2_US_UCSD'], 'TotalSysCpuTimeHistory': [14]}}
INFO 2019-07-06 01:51:23,984: 	 Status on the scheduler:	COMPLETED
INFO 2019-07-06 01:51:23,984: 	 
Jobs status:                    finished     		100.0% (4/4)
INFO 2019-07-06 01:51:23,984: 	 
No publication information (publication has been disabled in the CRAB configuration file)
INFO 2019-07-06 01:51:23,984: 	 
Warning: the max jobs runtime is less than 30% of the task requested value (1250 min), please consider to request a lower value for failed jobs (allowed through crab resubmit) and/or improve the jobs splitting (e.g. config.Data.splitting = 'Automatic') in a new task.
INFO 2019-07-06 01:51:23,985: 	 
Summary of run jobs:
 * Memory: 1115MB min, 1115MB max, 1096MB ave
 * Runtime: 0:10:05 min, 0:17:58 max, 0:14:00 ave
 * CPU eff: 52% min, 90% max, 74% ave
 * Waste: 0:00:33 (1% of total)

INFO 2019-07-06 01:51:24,009: 	 Log file is /afs/cern.ch/work/x/xuyan/work5/DEV/CMSSW_9_4_9/src/VgammaTuplizer/Ntuplizer/crab_jobs_signalJul05/crab_Wgamma949SignalFinal_v5_Jul05/crab.log
