 process source filenames cms.Source("PoolSource",
    fileNames = cms.untracked.vstring('/store/data/Run2017F/SinglePhoton/MINIAOD/31Mar2018-v1/90000/FE0443CC-A337-E811-881E-0CC47A7C351E.root')
)

RECLUSTERING PUPPI with latest tune from CMSSW_8_0_20
*************************************** GLOBAL TAG *************************************************
94X_mc2017_realistic_v14
****************************************************************************************************
jec unc file for ak8  JEC/Fall17_17Nov2017_V32_MC_Uncertainty_AK8PFPuppi.txt
doing corrections to jets on th fly True, to met on the fly False
>>>>>>>>>>>>>>>>>>>>>>>>>>>>>>>>>>>>>>>>>>>>>>>>
>>>>>>>>>>>>>>>>>>>>>>>>>>>>>>>>>>>>>>>>>>>>>>>>
Fatjet Collection:  slimmedJetsAK8
PuppiJet Collection:  slimmedJetsAK8
>>>>>>>>>>>>>>>>>>>>>>>>>>>>>>>>>>>>>>>>>>>>>>>>
>>>>>>>>>>>>>>>>>>>>>>>>>>>>>>>>>>>>>>>>>>>>>>>>
LoadMVA_WPs_run2_2017: performed::::
ak8GenJets, NjettinessGenAK8, genParticlesForJets, ak8GenJetsPruned, ak8GenJetsSoftDrop, ak8GenJetsPrunedMass, ak8GenJetsSoftDropMass, genJetsAK8, selectedGenJetsAK8, patJetsAk8PuppiJets, selectedPatJetsAk8PuppiJets, patJetPartonMatchAk8PuppiJets, patJetGenJetMatchAk8PuppiJets, patJetPartonsLegacy, patJetPartonAssociationLegacyAk8PuppiJets, patJetFlavourAssociationLegacyAk8PuppiJets, patJetPartons, patJetFlavourAssociationAk8PuppiJets, pfImpactParameterTagInfosAk8PuppiJets, pfInclusiveSecondaryVertexFinderTagInfosAk8PuppiJets, pfDeepCSVTagInfosAk8PuppiJets, pfBoostedDoubleSVAK8TagInfosAk8PuppiJets, pfImpactParameterAK8TagInfosAk8PuppiJets, pfInclusiveSecondaryVertexFinderAK8TagInfosAk8PuppiJets, pfCombinedInclusiveSecondaryVertexV2BJetTagsAk8PuppiJets, pfDeepCSVJetTagsAk8PuppiJets, pfBoostedDoubleSecondaryVertexAK8BJetTagsAk8PuppiJets, pfDeepCSVDiscriminatorsJetTagsAk8PuppiJets, patJetCorrFactorsAk8PuppiJets, patJetsAk8PuppiJetsSoftDrop, selectedPatJetsAk8PuppiJetsSoftDrop, patJetPartonMatchAk8PuppiJetsSoftDrop, patJetGenJetMatchAk8PuppiJetsSoftDrop, patJetPartonAssociationLegacyAk8PuppiJetsSoftDrop, patJetFlavourAssociationLegacyAk8PuppiJetsSoftDrop, patJetFlavourAssociationAk8PuppiJetsSoftDrop, pfImpactParameterTagInfosAk8PuppiJetsSoftDrop, pfInclusiveSecondaryVertexFinderTagInfosAk8PuppiJetsSoftDrop, pfDeepCSVTagInfosAk8PuppiJetsSoftDrop, pfBoostedDoubleSVAK8TagInfosAk8PuppiJetsSoftDrop, pfImpactParameterAK8TagInfosAk8PuppiJetsSoftDrop, pfInclusiveSecondaryVertexFinderAK8TagInfosAk8PuppiJetsSoftDrop, pfCombinedInclusiveSecondaryVertexV2BJetTagsAk8PuppiJetsSoftDrop, pfDeepCSVJetTagsAk8PuppiJetsSoftDrop, pfBoostedDoubleSecondaryVertexAK8BJetTagsAk8PuppiJetsSoftDrop, pfDeepCSVDiscriminatorsJetTagsAk8PuppiJetsSoftDrop, patJetCorrFactorsAk8PuppiJetsSoftDrop, patJetsAk8PuppiJetsSoftDropSubjets, selectedPatJetsAk8PuppiJetsSoftDropSubjets, patJetPartonMatchAk8PuppiJetsSoftDropSubjets, patJetGenJetMatchAk8PuppiJetsSoftDropSubjets, patJetPartonAssociationLegacyAk8PuppiJetsSoftDropSubjets, patJetFlavourAssociationLegacyAk8PuppiJetsSoftDropSubjets, patJetFlavourAssociationAk8PuppiJetsSoftDropSubjets, pfImpactParameterTagInfosAk8PuppiJetsSoftDropSubjets, pfInclusiveSecondaryVertexFinderTagInfosAk8PuppiJetsSoftDropSubjets, pfDeepCSVTagInfosAk8PuppiJetsSoftDropSubjets, pfBoostedDoubleSVAK8TagInfosAk8PuppiJetsSoftDropSubjets, pfImpactParameterAK8TagInfosAk8PuppiJetsSoftDropSubjets, pfInclusiveSecondaryVertexFinderAK8TagInfosAk8PuppiJetsSoftDropSubjets, pfCombinedInclusiveSecondaryVertexV2BJetTagsAk8PuppiJetsSoftDropSubjets, pfDeepCSVJetTagsAk8PuppiJetsSoftDropSubjets, pfBoostedDoubleSecondaryVertexAK8BJetTagsAk8PuppiJetsSoftDropSubjets, pfDeepCSVDiscriminatorsJetTagsAk8PuppiJetsSoftDropSubjets, patJetCorrFactorsAk8PuppiJetsSoftDropSubjets, patJetsAk8PuppiJetsPruned, selectedPatJetsAk8PuppiJetsPruned, patJetPartonMatchAk8PuppiJetsPruned, patJetGenJetMatchAk8PuppiJetsPruned, patJetPartonAssociationLegacyAk8PuppiJetsPruned, patJetFlavourAssociationLegacyAk8PuppiJetsPruned, patJetFlavourAssociationAk8PuppiJetsPruned, pfImpactParameterTagInfosAk8PuppiJetsPruned, pfInclusiveSecondaryVertexFinderTagInfosAk8PuppiJetsPruned, pfDeepCSVTagInfosAk8PuppiJetsPruned, pfBoostedDoubleSVAK8TagInfosAk8PuppiJetsPruned, pfImpactParameterAK8TagInfosAk8PuppiJetsPruned, pfInclusiveSecondaryVertexFinderAK8TagInfosAk8PuppiJetsPruned, pfCombinedInclusiveSecondaryVertexV2BJetTagsAk8PuppiJetsPruned, pfDeepCSVJetTagsAk8PuppiJetsPruned, pfBoostedDoubleSecondaryVertexAK8BJetTagsAk8PuppiJetsPruned, pfDeepCSVDiscriminatorsJetTagsAk8PuppiJetsPruned, patJetCorrFactorsAk8PuppiJetsPruned, patJetsAk8PuppiJetsPrunedSubjets, selectedPatJetsAk8PuppiJetsPrunedSubjets, patJetPartonMatchAk8PuppiJetsPrunedSubjets, patJetGenJetMatchAk8PuppiJetsPrunedSubjets, patJetPartonAssociationLegacyAk8PuppiJetsPrunedSubjets, patJetFlavourAssociationLegacyAk8PuppiJetsPrunedSubjets, patJetFlavourAssociationAk8PuppiJetsPrunedSubjets, pfImpactParameterTagInfosAk8PuppiJetsPrunedSubjets, pfInclusiveSecondaryVertexFinderTagInfosAk8PuppiJetsPrunedSubjets, pfDeepCSVTagInfosAk8PuppiJetsPrunedSubjets, pfBoostedDoubleSVAK8TagInfosAk8PuppiJetsPrunedSubjets, pfImpactParameterAK8TagInfosAk8PuppiJetsPrunedSubjets, pfInclusiveSecondaryVertexFinderAK8TagInfosAk8PuppiJetsPrunedSubjets, pfCombinedInclusiveSecondaryVertexV2BJetTagsAk8PuppiJetsPrunedSubjets, pfDeepCSVJetTagsAk8PuppiJetsPrunedSubjets, pfBoostedDoubleSecondaryVertexAK8BJetTagsAk8PuppiJetsPrunedSubjets, pfDeepCSVDiscriminatorsJetTagsAk8PuppiJetsPrunedSubjets, patJetCorrFactorsAk8PuppiJetsPrunedSubjets, electronMVAVariableHelper, electronMVAValueMapProducer, egmGsfElectronIDs, electronRegressionValueMapProducer, heepIDVarValueMaps
DEBUG 2019-08-14 12:09:41,057: 	 Executing command: 'submit'
DEBUG 2019-08-14 12:09:41,057: 	 Found CRAB cache file /afs/cern.ch/user/x/xuyan/.crab3
DEBUG 2019-08-14 12:09:41,068: 	 Checking credentials
DEBUG 2019-08-14 12:09:41,070: 	 Found proxy file /tmp/x509up_u93529
DEBUG 2019-08-14 12:09:41,070: 	 Getting proxy life time left
DEBUG 2019-08-14 12:09:41,977: 	 Executing : 
 command : voms-proxy-info -file /tmp/x509up_u93529 -timeleft
 output : 81936

 error: 
 retcode : 0
DEBUG 2019-08-14 12:09:42,984: 	 Executing : 
 command : voms-proxy-info -file /tmp/x509up_u93529 -actimeleft
 output : 81935

 error: 
 retcode : 0
DEBUG 2019-08-14 12:09:42,985: 	 Proxy lifetime 81936 secs is different from voms extension lifetime 81935 secs for proxy: /tmp/x509up_u93529
DEBUG 2019-08-14 12:09:42,985: 	 Proxy valid for 22:45:35 hours
INFO 2019-08-14 12:09:42,987: 	 Will use CRAB configuration file crabconfigs/crab_Signal.py
DEBUG 2019-08-14 12:09:42,987: 	 Loading CRAB configuration file.
DEBUG 2019-08-14 12:09:48,699: 	 Will use CRAB Analysis plugin (i.e. will run an analysis job type).
DEBUG 2019-08-14 12:09:48,825: 	 Executing : 
 command : openssl x509 -in ~/.globus/usercert.pem -subject -noout
 output : subject= /DC=ch/DC=cern/OU=Organic Units/OU=Users/CN=xuyan/CN=803661/CN=Xuli Yan

 error: 
 retcode : 0
DEBUG 2019-08-14 12:09:48,825: 	 Checking credentials
DEBUG 2019-08-14 12:09:48,827: 	 Found proxy file /tmp/x509up_u93529
DEBUG 2019-08-14 12:09:48,827: 	 Getting proxy life time left
DEBUG 2019-08-14 12:09:49,736: 	 Executing : 
 command : voms-proxy-info -file /tmp/x509up_u93529 -timeleft
 output : 81928

 error: 
 retcode : 0
DEBUG 2019-08-14 12:09:50,645: 	 Executing : 
 command : voms-proxy-info -file /tmp/x509up_u93529 -actimeleft
 output : 81927

 error: 
 retcode : 0
DEBUG 2019-08-14 12:09:50,645: 	 Proxy lifetime 81928 secs is different from voms extension lifetime 81927 secs for proxy: /tmp/x509up_u93529
DEBUG 2019-08-14 12:09:50,645: 	 Proxy valid for 22:45:27 hours
DEBUG 2019-08-14 12:09:51,752: 	 Executing : 
 command : env X509_USER_PROXY=/tmp/x509up_u93529 voms-proxy-info -fqan
 output : /cms/Role=NULL/Capability=NULL

 error: 
 retcode : 0
DEBUG 2019-08-14 12:09:51,928: 	 Registering user credentials for server /DC=ch/DC=cern/OU=computers/CN=vocms(052|058|030|0118|0105|0109).cern.ch|/DC=ch/DC=cern/OU=computers/CN=crab-(preprod|prod)-tw(02|01).cern.ch
DEBUG 2019-08-14 12:09:52,039: 	 Executing : 
 command : openssl x509 -in ~/.globus/usercert.pem -subject -noout
 output : subject= /DC=ch/DC=cern/OU=Organic Units/OU=Users/CN=xuyan/CN=803661/CN=Xuli Yan

 error: 
 retcode : 0
DEBUG 2019-08-14 12:09:52,039: 	 Getting myproxy life time left for myproxy.cern.ch
DEBUG 2019-08-14 12:09:52,039: 	 Calculating hash of /DC=ch/DC=cern/OU=Organic Units/OU=Users/CN=xuyan/CN=803661/CN=Xuli Yan_cmsweb.cern.ch for credential name
DEBUG 2019-08-14 12:09:52,343: 	 Executing : 
 command : myproxy-info -l b1772a5c240352d6d735b714aa331919d3f56592 -s myproxy.cern.ch
 output : username: b1772a5c240352d6d735b714aa331919d3f56592
owner: /DC=ch/DC=cern/OU=Organic Units/OU=Users/CN=xuyan/CN=803661/CN=Xuli Yan
  renewal policy: /DC=ch/DC=cern/OU=computers/CN=vocms(052|058|030|0118|0105|0109).cern.ch|/DC=ch/DC=cern/OU=computers/CN=crab-(preprod|prod)-tw(02|01).cern.ch
  trusted retrieval policy: /DC=ch/DC=cern/OU=computers/CN=vocms(052|058|030|0118|0105|0109).cern.ch|/DC=ch/DC=cern/OU=computers/CN=crab-(preprod|prod)-tw(02|01).cern.ch
  timeleft: 433:53:28  (18.1 days)

 error: 
 retcode : 0
DEBUG 2019-08-14 12:09:52,344: 	 Myproxy is valid: 1562008
DEBUG 2019-08-14 12:09:52,344: 	 Command use: submit
DEBUG 2019-08-14 12:09:52,345: 	 Options use: ['-c', 'crabconfigs/crab_Signal.py']
DEBUG 2019-08-14 12:09:52,482: 	 CRABClient version: 3.3.1904
DEBUG 2019-08-14 12:09:52,482: 	 Instance is prod
DEBUG 2019-08-14 12:09:52,482: 	 Server base url is cmsweb.cern.ch
DEBUG 2019-08-14 12:09:52,482: 	 Command url /crabserver/prod/workflow
DEBUG 2019-08-14 12:09:52,482: 	 Started submission
DEBUG 2019-08-14 12:09:52,482: 	 Working on /afs/cern.ch/work/x/xuyan/work5/PROD17/CMSSW_9_4_9/src/VgammaTuplizer/Ntuplizer/crab_jobs_signalAug14/crab_Wgamma949Signal900_Aug14
DEBUG 2019-08-14 12:09:52,670: 	 Loading required information from the environment
DEBUG 2019-08-14 12:09:52,670: 	 Found CMSSW_9_4_9 for slc6_amd64_gcc630 with base /afs/cern.ch/work/x/xuyan/work5/PROD17/CMSSW_9_4_9
DEBUG 2019-08-14 12:09:52,670: 	 Loading required information from the environment
DEBUG 2019-08-14 12:09:52,670: 	 Found CMSSW_9_4_9 for slc6_amd64_gcc630 with base /afs/cern.ch/work/x/xuyan/work5/PROD17/CMSSW_9_4_9
DEBUG 2019-08-14 12:09:52,722: 	 UNIQUE NAME: tarUUID 1b4a110a-7c1e-4679-af7b-b0411f184b4c 
DEBUG 2019-08-14 12:09:52,723: 	 self.config: from WMCore.Configuration import Configuration
config = Configuration()
config.section_('General')
config.General.transferLogs = True
config.General.transferOutputs = True
config.General.workArea = 'crab_jobs_signalAug14'
config.General.requestName = 'Wgamma949Signal900_Aug14'
config.section_('JobType')
config.JobType.psetName = 'config_generic.py'
config.JobType.pluginName = 'Analysis'
config.JobType.sendExternalFolder = True
config.section_('Data')
config.Data.inputDataset = '/PythiaChargedResonance_WGToJJG_M900_width5/RunIIFall17MiniAODv2-PU2017_12Apr2018_94X_mc2017_realistic_v14-v1/MINIAODSIM'
config.Data.outputDatasetTag = 'Wgamma949Signal900_Aug14'
config.Data.publication = False
config.Data.unitsPerJob = 10
config.Data.inputDBS = 'global'
config.Data.splitting = 'FileBased'
config.Data.outLFNDirBase = '/store/user/xuyan/'
config.section_('Site')
config.Site.storageSite = 'T3_US_Brown'
config.section_('User')
config.section_('Debug')

DEBUG 2019-08-14 12:09:52,723: 	 self.config.JobType.psetName: config_generic.py
INFO 2019-08-14 12:09:52,723: 	 Importing CMSSW configuration config_generic.py
INFO 2019-08-14 12:09:54,471: 	 Finished importing CMSSW configuration config_generic.py
DEBUG 2019-08-14 12:09:54,471: 	 Writing CMSSW configuration to /afs/cern.ch/work/x/xuyan/work5/PROD17/CMSSW_9_4_9/src/VgammaTuplizer/Ntuplizer/crab_jobs_signalAug14/crab_Wgamma949Signal900_Aug14/inputs/PSet.py
DEBUG 2019-08-14 12:09:55,086: 	 The following EDM output files will be collected: []
DEBUG 2019-08-14 12:09:55,086: 	 The following TFile output files will be collected: ['flatTuple.root']
DEBUG 2019-08-14 12:09:55,086: 	 The following user output files will be collected: []
DEBUG 2019-08-14 12:09:55,086: 	 Loading required information from the environment
DEBUG 2019-08-14 12:09:55,086: 	 Found CMSSW_9_4_9 for slc6_amd64_gcc630 with base /afs/cern.ch/work/x/xuyan/work5/PROD17/CMSSW_9_4_9
DEBUG 2019-08-14 12:09:55,086: 	 Making tarball in /afs/cern.ch/work/x/xuyan/work5/PROD17/CMSSW_9_4_9/src/VgammaTuplizer/Ntuplizer/crab_jobs_signalAug14/crab_Wgamma949Signal900_Aug14/inputs/1b4a110a-7c1e-4679-af7b-b0411f184b4cdefault.tgz
DEBUG 2019-08-14 12:09:55,098: 	 Checking directory /afs/cern.ch/work/x/xuyan/work5/PROD17/CMSSW_9_4_9/lib
DEBUG 2019-08-14 12:09:55,098: 	 Adding directory /afs/cern.ch/work/x/xuyan/work5/PROD17/CMSSW_9_4_9/lib to tarball
DEBUG 2019-08-14 12:09:59,160: 	 Checking directory /afs/cern.ch/work/x/xuyan/work5/PROD17/CMSSW_9_4_9/biglib
DEBUG 2019-08-14 12:09:59,160: 	 Adding directory /afs/cern.ch/work/x/xuyan/work5/PROD17/CMSSW_9_4_9/biglib to tarball
DEBUG 2019-08-14 12:09:59,160: 	 Checking directory /afs/cern.ch/work/x/xuyan/work5/PROD17/CMSSW_9_4_9/module
DEBUG 2019-08-14 12:09:59,161: 	 Checking directory /afs/cern.ch/work/x/xuyan/work5/PROD17/CMSSW_9_4_9/external
DEBUG 2019-08-14 12:09:59,161: 	 Adding directory /afs/cern.ch/work/x/xuyan/work5/PROD17/CMSSW_9_4_9/external to tarball
DEBUG 2019-08-14 12:10:00,196: 	 Adding data directory /afs/cern.ch/work/x/xuyan/work5/PROD17/CMSSW_9_4_9/src/VgammaTuplizer/Ntuplizer/data to tarball
DEBUG 2019-08-14 12:10:23,985: 	 Adding data directory /afs/cern.ch/work/x/xuyan/work5/PROD17/CMSSW_9_4_9/src/VgammaTuplizer/Ntuplizer/interface to tarball
DEBUG 2019-08-14 12:10:23,995: 	 Adding data directory /afs/cern.ch/work/x/xuyan/work5/PROD17/CMSSW_9_4_9/src/DQMOffline/Trigger/data to tarball
DEBUG 2019-08-14 12:10:23,998: 	 Adding data directory /afs/cern.ch/work/x/xuyan/work5/PROD17/CMSSW_9_4_9/src/DQMOffline/Trigger/interface to tarball
DEBUG 2019-08-14 12:10:24,155: 	 Adding data directory /afs/cern.ch/work/x/xuyan/work5/PROD17/CMSSW_9_4_9/src/PhysicsTools/NanoAOD/interface to tarball
DEBUG 2019-08-14 12:10:24,158: 	 Adding data directory /afs/cern.ch/work/x/xuyan/work5/PROD17/CMSSW_9_4_9/src/PhysicsTools/PatAlgos/interface to tarball
DEBUG 2019-08-14 12:10:24,172: 	 Adding data directory /afs/cern.ch/work/x/xuyan/work5/PROD17/CMSSW_9_4_9/src/PhysicsTools/SelectorUtils/interface to tarball
DEBUG 2019-08-14 12:10:24,181: 	 Adding data directory /afs/cern.ch/work/x/xuyan/work5/PROD17/CMSSW_9_4_9/src/RecoEgamma/EgammaTools/data to tarball
DEBUG 2019-08-14 12:10:24,184: 	 Adding data directory /afs/cern.ch/work/x/xuyan/work5/PROD17/CMSSW_9_4_9/src/RecoEgamma/EgammaTools/interface to tarball
DEBUG 2019-08-14 12:10:24,193: 	 Adding data directory /afs/cern.ch/work/x/xuyan/work5/PROD17/CMSSW_9_4_9/src/RecoEgamma/ElectronIdentification/data to tarball
DEBUG 2019-08-14 12:10:30,217: 	 Adding data directory /afs/cern.ch/work/x/xuyan/work5/PROD17/CMSSW_9_4_9/src/RecoEgamma/ElectronIdentification/interface to tarball
DEBUG 2019-08-14 12:10:30,225: 	 Adding data directory /afs/cern.ch/work/x/xuyan/work5/PROD17/CMSSW_9_4_9/src/RecoEgamma/PhotonIdentification/data to tarball
DEBUG 2019-08-14 12:10:35,909: 	 Adding data directory /afs/cern.ch/work/x/xuyan/work5/PROD17/CMSSW_9_4_9/src/RecoEgamma/PhotonIdentification/interface to tarball
DEBUG 2019-08-14 12:10:35,912: 	 Adding data directory /afs/cern.ch/work/x/xuyan/work5/PROD17/CMSSW_9_4_9/src/RecoEgamma/EgammaElectronAlgos/interface to tarball
DEBUG 2019-08-14 12:10:35,922: 	 Adding data directory /afs/cern.ch/work/x/xuyan/work5/PROD17/CMSSW_9_4_9/src/RecoParticleFlow/PFProducer/data to tarball
DEBUG 2019-08-14 12:10:35,923: 	 Adding data directory /afs/cern.ch/work/x/xuyan/work5/PROD17/CMSSW_9_4_9/src/RecoParticleFlow/PFProducer/interface to tarball
DEBUG 2019-08-14 12:10:37,552: 	 Uploading archive /afs/cern.ch/work/x/xuyan/work5/PROD17/CMSSW_9_4_9/src/VgammaTuplizer/Ntuplizer/crab_jobs_signalAug14/crab_Wgamma949Signal900_Aug14/inputs/1b4a110a-7c1e-4679-af7b-b0411f184b4cdefault.tgz (74 MB) to the CRAB cache. Using URI https://cmsweb.cern.ch/crabcache
DEBUG 2019-08-14 12:11:33,966: 	 Loading required information from the environment
DEBUG 2019-08-14 12:11:33,966: 	 Found CMSSW_9_4_9 for slc6_amd64_gcc630 with base /afs/cern.ch/work/x/xuyan/work5/PROD17/CMSSW_9_4_9
DEBUG 2019-08-14 12:11:33,966: 	 Making tarball in /afs/cern.ch/work/x/xuyan/work5/PROD17/CMSSW_9_4_9/src/VgammaTuplizer/Ntuplizer/crab_jobs_signalAug14/crab_Wgamma949Signal900_Aug14/inputs/debugFiles.tgz
DEBUG 2019-08-14 12:11:33,980: 	 Uploading archive /afs/cern.ch/work/x/xuyan/work5/PROD17/CMSSW_9_4_9/src/VgammaTuplizer/Ntuplizer/crab_jobs_signalAug14/crab_Wgamma949Signal900_Aug14/inputs/debugFiles.tgz (13 KB) to the CRAB cache. Using URI https://cmsweb.cern.ch/crabcache
DEBUG 2019-08-14 12:11:34,272: 	 Result uploading input files: 4808e7a419209013a7e4adba274b296182a61cc984db2187f8d9b10f56d2aeff.tar.gz 
INFO 2019-08-14 12:11:34,272: 	 Sending the request to the server
DEBUG 2019-08-14 12:11:34,272: 	 Submitting {'maxjobruntime': 1250, 'extrajdl': [], 'ignorelocality': 0, 'savelogsflag': 1, 'useparent': 0, 'asyncdest': 'T3_US_Brown', 'algoargs': 10, 'cachefilename': '4808e7a419209013a7e4adba274b296182a61cc984db2187f8d9b10f56d2aeff.tar.gz', 'numcores': 1, 'addoutputfiles': [], 'generator': 'pythia', 'maxmemory': 2000, 'publishdbsurl': 'https://cmsweb.cern.ch/dbs/prod/phys03/DBSWriter', 'priority': 10, 'jobsw': 'CMSSW_9_4_9', 'edmoutfiles': [], 'userfiles': [], 'primarydataset': '', 'inputdata': '/PythiaChargedResonance_WGToJJG_M900_width5/RunIIFall17MiniAODv2-PU2017_12Apr2018_94X_mc2017_realistic_v14-v1/MINIAODSIM', 'lfn': '/store/user/xuyan/', 'dryrun': 0, 'workflow': 'crab_Wgamma949Signal900_Aug14', 'cacheurl': u'https://cmsweb.cern.ch/crabcache', 'nonprodsw': 0, 'tfileoutfiles': ['flatTuple.root'], 'oneEventMode': 0, 'debugfilename': '5b30fab1f3920a00e2db0491ed02ceefe7774091b014c26cc442e73c8d6793a3.tar.gz', 'saveoutput': 1, 'publication': 0, 'jobarch': 'slc6_amd64_gcc630', 'totalunits': 0, 'splitalgo': 'FileBased', 'ignoreglobalblacklist': 0, 'nonvaliddata': 0, 'dbsurl': 'https://cmsweb.cern.ch/dbs/prod/global/DBSReader', 'publishgroupname': 0, 'jobtype': 'Analysis', 'publishname2': 'Wgamma949Signal900_Aug14'} 
DEBUG 2019-08-14 12:11:34,273: 	 Encoded submit request: maxjobruntime=1250&ignorelocality=0&savelogsflag=1&useparent=0&asyncdest=T3_US_Brown&algoargs=10&cachefilename=4808e7a419209013a7e4adba274b296182a61cc984db2187f8d9b10f56d2aeff.tar.gz&numcores=1&generator=pythia&maxmemory=2000&publishdbsurl=https%3A%2F%2Fcmsweb.cern.ch%2Fdbs%2Fprod%2Fphys03%2FDBSWriter&priority=10&jobsw=CMSSW_9_4_9&primarydataset=&inputdata=%2FPythiaChargedResonance_WGToJJG_M900_width5%2FRunIIFall17MiniAODv2-PU2017_12Apr2018_94X_mc2017_realistic_v14-v1%2FMINIAODSIM&lfn=%2Fstore%2Fuser%2Fxuyan%2F&dryrun=0&workflow=crab_Wgamma949Signal900_Aug14&cacheurl=https%3A%2F%2Fcmsweb.cern.ch%2Fcrabcache&nonprodsw=0&oneEventMode=0&debugfilename=5b30fab1f3920a00e2db0491ed02ceefe7774091b014c26cc442e73c8d6793a3.tar.gz&saveoutput=1&publication=0&jobarch=slc6_amd64_gcc630&totalunits=0&splitalgo=FileBased&ignoreglobalblacklist=0&nonvaliddata=0&dbsurl=https%3A%2F%2Fcmsweb.cern.ch%2Fdbs%2Fprod%2Fglobal%2FDBSReader&publishgroupname=0&jobtype=Analysis&publishname2=Wgamma949Signal900_Aug14&tfileoutfiles=flatTuple.root
DEBUG 2019-08-14 12:11:34,631: 	 Result: {u'result': [{u'RequestName': u'190814_101134:xuyan_crab_Wgamma949Signal900_Aug14'}]}
INFO 2019-08-14 12:11:34,640: 	 Success: Your task has been delivered to the CRAB3 server.
INFO 2019-08-14 12:11:34,641: 	 Task name: 190814_101134:xuyan_crab_Wgamma949Signal900_Aug14
INFO 2019-08-14 12:11:34,641: 	 Project dir: crab_jobs_signalAug14/crab_Wgamma949Signal900_Aug14
INFO 2019-08-14 12:11:34,641: 	 Please use 'crab status -d crab_jobs_signalAug14/crab_Wgamma949Signal900_Aug14' to check how the submission process proceeds.
DEBUG 2019-08-14 12:11:34,641: 	 About to return
INFO 2019-08-14 12:11:34,645: 	 Log file is /afs/cern.ch/work/x/xuyan/work5/PROD17/CMSSW_9_4_9/src/VgammaTuplizer/Ntuplizer/crab_jobs_signalAug14/crab_Wgamma949Signal900_Aug14/crab.log
DEBUG 2019-08-15 09:23:02,071: 	 Executing command: 'status'
DEBUG 2019-08-15 09:23:02,072: 	 Found CRAB cache file /afs/cern.ch/user/x/xuyan/.crab3
DEBUG 2019-08-15 09:23:02,113: 	 Checking credentials
DEBUG 2019-08-15 09:23:02,113: 	 Found proxy file /tmp/x509up_u93529
DEBUG 2019-08-15 09:23:02,114: 	 Getting proxy life time left
DEBUG 2019-08-15 09:23:02,820: 	 Executing : 
 command : voms-proxy-info -file /tmp/x509up_u93529 -timeleft
 output : 85703

 error: 
 retcode : 0
DEBUG 2019-08-15 09:23:03,526: 	 Executing : 
 command : voms-proxy-info -file /tmp/x509up_u93529 -actimeleft
 output : 85702

 error: 
 retcode : 0
DEBUG 2019-08-15 09:23:03,526: 	 Proxy lifetime 85703 secs is different from voms extension lifetime 85702 secs for proxy: /tmp/x509up_u93529
DEBUG 2019-08-15 09:23:03,526: 	 Proxy valid for 23:48:22 hours
DEBUG 2019-08-15 09:23:03,734: 	 Executing : 
 command : openssl x509 -in ~/.globus/usercert.pem -subject -noout
 output : subject= /DC=ch/DC=cern/OU=Organic Units/OU=Users/CN=xuyan/CN=803661/CN=Xuli Yan

 error: 
 retcode : 0
DEBUG 2019-08-15 09:23:03,735: 	 Checking credentials
DEBUG 2019-08-15 09:23:03,735: 	 Found proxy file /tmp/x509up_u93529
DEBUG 2019-08-15 09:23:03,735: 	 Getting proxy life time left
DEBUG 2019-08-15 09:23:04,440: 	 Executing : 
 command : voms-proxy-info -file /tmp/x509up_u93529 -timeleft
 output : 85701

 error: 
 retcode : 0
DEBUG 2019-08-15 09:23:05,246: 	 Executing : 
 command : voms-proxy-info -file /tmp/x509up_u93529 -actimeleft
 output : 85700

 error: 
 retcode : 0
DEBUG 2019-08-15 09:23:05,246: 	 Proxy lifetime 85701 secs is different from voms extension lifetime 85700 secs for proxy: /tmp/x509up_u93529
DEBUG 2019-08-15 09:23:05,246: 	 Proxy valid for 23:48:20 hours
DEBUG 2019-08-15 09:23:05,378: 	 Registering user credentials for server /DC=ch/DC=cern/OU=computers/CN=vocms(052|058|030|0118|0105|0109).cern.ch|/DC=ch/DC=cern/OU=computers/CN=crab-(preprod|prod)-tw(02|01).cern.ch
DEBUG 2019-08-15 09:23:05,488: 	 Executing : 
 command : openssl x509 -in ~/.globus/usercert.pem -subject -noout
 output : subject= /DC=ch/DC=cern/OU=Organic Units/OU=Users/CN=xuyan/CN=803661/CN=Xuli Yan

 error: 
 retcode : 0
DEBUG 2019-08-15 09:23:05,488: 	 Getting myproxy life time left for myproxy.cern.ch
DEBUG 2019-08-15 09:23:05,488: 	 Calculating hash of /DC=ch/DC=cern/OU=Organic Units/OU=Users/CN=xuyan/CN=803661/CN=Xuli Yan_cmsweb.cern.ch for credential name
DEBUG 2019-08-15 09:23:05,692: 	 Executing : 
 command : myproxy-info -l b1772a5c240352d6d735b714aa331919d3f56592 -s myproxy.cern.ch
 output : username: b1772a5c240352d6d735b714aa331919d3f56592
owner: /DC=ch/DC=cern/OU=Organic Units/OU=Users/CN=xuyan/CN=803661/CN=Xuli Yan
  renewal policy: /DC=ch/DC=cern/OU=computers/CN=vocms(052|058|030|0118|0105|0109).cern.ch|/DC=ch/DC=cern/OU=computers/CN=crab-(preprod|prod)-tw(02|01).cern.ch
  trusted retrieval policy: /DC=ch/DC=cern/OU=computers/CN=vocms(052|058|030|0118|0105|0109).cern.ch|/DC=ch/DC=cern/OU=computers/CN=crab-(preprod|prod)-tw(02|01).cern.ch
  timeleft: 412:40:15  (17.2 days)

 error: 
 retcode : 0
DEBUG 2019-08-15 09:23:05,693: 	 Myproxy is valid: 1485615
DEBUG 2019-08-15 09:23:05,694: 	 Command use: status
DEBUG 2019-08-15 09:23:05,694: 	 Options use: ['-d', 'crab_jobs_signalAug14/crab_Wgamma949Signal900_Aug14/']
DEBUG 2019-08-15 09:23:05,882: 	 CRABClient version: 3.3.1904
DEBUG 2019-08-15 09:23:05,882: 	 Instance is prod
DEBUG 2019-08-15 09:23:05,882: 	 Server base url is cmsweb.cern.ch
DEBUG 2019-08-15 09:23:05,882: 	 Command url /crabserver/prod/workflow
DEBUG 2019-08-15 09:23:06,039: 	 Got information from server oracle database: {u'result': [u'190814_101134:xuyan_crab_Wgamma949Signal900_Aug14', u'None', u'None', u'SUBMITTED', u'SUBMIT', u'2019-08-14 10:11:34.622429', u'None', u'2019-08-14 10:12:17.770005', u'None', u'CMSSW_9_4_9', u'slc6_amd64_gcc630', u'/PythiaChargedResonance_WGToJJG_M900_width5/RunIIFall17MiniAODv2-PU2017_12Apr2018_94X_mc2017_realistic_v14-v1/MINIAODSIM', u'F', u'0', u'[]', u'[]', u'FileBased', u"{'splitOnRun': False, 'halt_job_on_file_boundaries': False, 'files_per_job': 10, 'runs': [], 'lumis': []}", u'4808e7a419209013a7e4adba274b296182a61cc984db2187f8d9b10f56d2aeff.tar.gz', u'https://cmsweb.cern.ch/crabcache', u'xuyan', u'/DC=ch/DC=cern/OU=Organic Units/OU=Users/CN=xuyan/CN=803661/CN=Xuli Yan', u'cms', u'None', u'None', u'Wgamma949Signal900_Aug14-00000000000000000000000000000000', u'F', u'T3_US_Brown', u'https://cmsweb.cern.ch/dbs/prod/global/DBSReader', u'https://cmsweb.cern.ch/dbs/prod/phys03/DBSWriter', u'F', u'[]', u"['flatTuple.root']", u'[]', u'Analysis', u'pythia', u'None', u'{}', u'[]', u'T', u'crab-prod-tw01', u'[]', u'1250', u'1', u'2000', u'10', u'None', u'[]', u'http://vocms0195.cern.ch/mon/cms365/190814_101134:xuyan_crab_Wgamma949Signal900_Aug14', u'None', u'[]', u'[]', u'https://cmsweb.cern.ch/crabserver/prod', u'cmsgwms-collector-global.cern.ch:9620,cmssrv623.fnal.gov:9620', u'crab3@vocms0195.cern.ch', u'F', u'[]', u'T', u'/store/user/xuyan/', u'F', u'None', u'F', u'None', u'PythiaChargedResonance_WGToJJG_M900_width5', u'None', u'5b30fab1f3920a00e2db0491ed02ceefe7774091b014c26cc442e73c8d6793a3.tar.gz', u'42083961', u'filetransfers', u'F', u'137.138.152.58', u'0.0', u'None'], u'desc': {u'columns': [u'tm_taskname', u'tm_activity', u'panda_jobset_id', u'tm_task_status', u'tm_task_command', u'tm_start_time', u'tm_start_injection', u'tm_end_injection', u'tm_task_failure', u'tm_job_sw', u'tm_job_arch', u'tm_input_dataset', u'tm_nonvalid_input_dataset', u'tm_use_parent', u'tm_site_whitelist', u'tm_site_blacklist', u'tm_split_algo', u'tm_split_args', u'tm_user_sandbox', u'tm_cache_url', u'tm_username', u'tm_user_dn', u'tm_user_vo', u'tm_user_role', u'tm_user_group', u'tm_publish_name', u'tm_publish_groupname', u'tm_asyncdest', u'tm_dbs_url', u'tm_publish_dbs_url', u'tm_publication', u'tm_outfiles', u'tm_tfile_outfiles', u'tm_edm_outfiles', u'tm_job_type', u'tm_generator', u'tm_events_per_lumi', u'tm_arguments', u'panda_resubmitted_jobs', u'tm_save_logs', u'tw_name', u'tm_user_infiles', u'tm_maxjobruntime', u'tm_numcores', u'tm_maxmemory', u'tm_priority', u'tm_output_dataset', u'tm_task_warnings', u'tm_user_webdir', u'tm_scriptexe', u'tm_scriptargs', u'tm_extrajdl', u'tm_asourl', u'tm_collector', u'tm_schedd', u'tm_dry_run', u'tm_user_files', u'tm_transfer_outputs', u'tm_output_lfn', u'tm_ignore_locality', u'tm_fail_limit', u'tm_one_event_mode', u'tm_secondary_input_dataset', u'tm_primary_dataset', u'tm_last_publication', u'tm_debug_files', u'clusterid', u'tm_asodb', u'tm_ignore_global_blacklist', u'tm_submitter_ip_addr', u'tm_totalunits', u'tm_ddm_reqid']}}
INFO 2019-08-15 09:23:06,039: 	 CRAB project directory:		/afs/cern.ch/work/x/xuyan/work5/PROD17/CMSSW_9_4_9/src/VgammaTuplizer/Ntuplizer/crab_jobs_signalAug14/crab_Wgamma949Signal900_Aug14
INFO 2019-08-15 09:23:06,039: 	 Task name:			190814_101134:xuyan_crab_Wgamma949Signal900_Aug14
INFO 2019-08-15 09:23:06,039: 	 Grid scheduler - Task Worker:	crab3@vocms0195.cern.ch - crab-prod-tw01
INFO 2019-08-15 09:23:06,040: 	 Status on the CRAB server:	SUBMITTED
INFO 2019-08-15 09:23:06,040: 	 Task URL to use for HELP:	https://cmsweb.cern.ch/crabserver/ui/task/190814_101134%3Axuyan_crab_Wgamma949Signal900_Aug14
INFO 2019-08-15 09:23:06,040: 	 Dashboard monitoring URL:	http://dashb-cms-job.cern.ch/dashboard/templates/task-analysis/#user=xuyan&refresh=0&table=Jobs&p=1&records=25&activemenu=2&status=&site=&tid=190814_101134%3Axuyan_crab_Wgamma949Signal900_Aug14
INFO 2019-08-15 09:23:06,040: 	 New dashboard monitoring URL:	https://monit-grafana.cern.ch/d/cmsTMDetail/cms-task-monitoring-task-view?orgId=11&var-user=xuyan&var-task=190814_101134%3Axuyan_crab_Wgamma949Signal900_Aug14
INFO 2019-08-15 09:23:06,040: 	 In case of issues with the new dashboard, please provide feedback to hn-cms-computing-tools@cern.ch
DEBUG 2019-08-15 09:23:06,040: 	 The CRAB server submitted your task to the Grid scheduler (cluster ID: 42083961)
DEBUG 2019-08-15 09:23:06,040: 	 Webdir is located at http://vocms0195.cern.ch/mon/cms365/190814_101134:xuyan_crab_Wgamma949Signal900_Aug14
DEBUG 2019-08-15 09:23:06,180: 	 Proxied webdir is located at https://cmsweb.cern.ch/scheddmon/0195/cms365/190814_101134:xuyan_crab_Wgamma949Signal900_Aug14
DEBUG 2019-08-15 09:23:06,180: 	 Retrieving 'status_cache' file from https://cmsweb.cern.ch/scheddmon/0195/cms365/190814_101134:xuyan_crab_Wgamma949Signal900_Aug14/status_cache
DEBUG 2019-08-15 09:23:06,810: 	 Got information from status cache file: {'1': {'Retries': 0, 'WallDurations': [9.0, 3851.0], 'StartTimes': [1565777896.0], 'SubmitTimes': [1565777557.0], 'JobIds': ['42083963.0'], 'EndTimes': [1565781747.0], 'Restarts': 0, 'RecordedSite': True, 'State': 'finished', 'ResidentSetSize': [1210232], 'TotalUserCpuTimeHistory': [3140], 'SiteHistory': ['Unknown', 'T1_US_FNAL'], 'TotalSysCpuTimeHistory': [110]}}
INFO 2019-08-15 09:23:06,810: 	 Status on the scheduler:	COMPLETED
INFO 2019-08-15 09:23:06,810: 	 
Jobs status:                    finished     		100.0% (1/1)
INFO 2019-08-15 09:23:06,810: 	 
No publication information (publication has been disabled in the CRAB configuration file)
INFO 2019-08-15 09:23:06,810: 	 
Warning: the max jobs runtime is less than 30% of the task requested value (1250 min), please consider to request a lower value for failed jobs (allowed through crab resubmit) and/or improve the jobs splitting (e.g. config.Data.splitting = 'Automatic') in a new task.
INFO 2019-08-15 09:23:06,810: 	 
Summary of run jobs:
 * Memory: 1181MB min, 1181MB max, 1182MB ave
 * Runtime: 1:04:11 min, 1:04:11 max, 1:04:11 ave
 * CPU eff: 84% min, 84% max, 84% ave
 * Waste: 0:00:09 (0% of total)

INFO 2019-08-15 09:23:06,844: 	 Log file is /afs/cern.ch/work/x/xuyan/work5/PROD17/CMSSW_9_4_9/src/VgammaTuplizer/Ntuplizer/crab_jobs_signalAug14/crab_Wgamma949Signal900_Aug14/crab.log
