 process source filenames cms.Source("PoolSource",
    fileNames = cms.untracked.vstring('/store/mc/RunIIFall17MiniAODv2/PythiaChargedResonance_WGToJJG_M1600_width5/MINIAODSIM/PU2017_12Apr2018_94X_mc2017_realistic_v14-v1/100000/B45E79A3-9432-E911-8FF5-AC1F6B0DE294.root', 
        '/store/mc/RunIIFall17MiniAODv2/PythiaChargedResonance_WGToJJG_M1600_width5/MINIAODSIM/PU2017_12Apr2018_94X_mc2017_realistic_v14-v1/10000/4C1BB0B2-B12A-E911-BCA9-90B11C443C96.root', 
        '/store/mc/RunIIFall17MiniAODv2/PythiaChargedResonance_WGToJJG_M1600_width5/MINIAODSIM/PU2017_12Apr2018_94X_mc2017_realistic_v14-v1/10000/282884EF-B22A-E911-861D-00259090829A.root', 
        '/store/mc/RunIIFall17MiniAODv2/PythiaChargedResonance_WGToJJG_M1600_width5/MINIAODSIM/PU2017_12Apr2018_94X_mc2017_realistic_v14-v1/10000/8AA76743-B32A-E911-98E2-24BE05CEEC21.root')
)

RECLUSTERING PUPPI with latest tune from CMSSW_8_0_20
*************************************** GLOBAL TAG *************************************************
94X_mc2017_realistic_v17
****************************************************************************************************
jec unc file for ak8  JEC/Fall17_17Nov2017_V32_MC_Uncertainty_AK8PFPuppi.txt
doing corrections to jets on th fly True, to met on the fly False
>>>>>>>>>>>>>>>>>>>>>>>>>>>>>>>>>>>>>>>>>>>>>>>>
>>>>>>>>>>>>>>>>>>>>>>>>>>>>>>>>>>>>>>>>>>>>>>>>
Fatjet Collection:  slimmedJetsAK8
PuppiJet Collection:  packedJetsAk8PuppiJets
>>>>>>>>>>>>>>>>>>>>>>>>>>>>>>>>>>>>>>>>>>>>>>>>
>>>>>>>>>>>>>>>>>>>>>>>>>>>>>>>>>>>>>>>>>>>>>>>>
LoadMVA_WPs_run2_2017: performed::::
ak8GenJets, NjettinessGenAK8, genParticlesForJets, ak8GenJetsPruned, ak8GenJetsSoftDrop, ak8GenJetsPrunedMass, ak8GenJetsSoftDropMass, genJetsAK8, selectedGenJetsAK8, patJetsAk8PuppiJets, selectedPatJetsAk8PuppiJets, patJetPartonMatchAk8PuppiJets, patJetGenJetMatchAk8PuppiJets, patJetPartonsLegacy, patJetPartonAssociationLegacyAk8PuppiJets, patJetFlavourAssociationLegacyAk8PuppiJets, patJetPartons, patJetFlavourAssociationAk8PuppiJets, pfImpactParameterTagInfosAk8PuppiJets, pfInclusiveSecondaryVertexFinderTagInfosAk8PuppiJets, pfDeepCSVTagInfosAk8PuppiJets, pfBoostedDoubleSVAK8TagInfosAk8PuppiJets, pfImpactParameterAK8TagInfosAk8PuppiJets, pfInclusiveSecondaryVertexFinderAK8TagInfosAk8PuppiJets, pfCombinedInclusiveSecondaryVertexV2BJetTagsAk8PuppiJets, pfDeepCSVJetTagsAk8PuppiJets, pfBoostedDoubleSecondaryVertexAK8BJetTagsAk8PuppiJets, pfDeepCSVDiscriminatorsJetTagsAk8PuppiJets, patJetCorrFactorsAk8PuppiJets, patJetsAk8PuppiJetsSoftDrop, selectedPatJetsAk8PuppiJetsSoftDrop, patJetPartonMatchAk8PuppiJetsSoftDrop, patJetGenJetMatchAk8PuppiJetsSoftDrop, patJetPartonAssociationLegacyAk8PuppiJetsSoftDrop, patJetFlavourAssociationLegacyAk8PuppiJetsSoftDrop, patJetFlavourAssociationAk8PuppiJetsSoftDrop, pfImpactParameterTagInfosAk8PuppiJetsSoftDrop, pfInclusiveSecondaryVertexFinderTagInfosAk8PuppiJetsSoftDrop, pfDeepCSVTagInfosAk8PuppiJetsSoftDrop, pfBoostedDoubleSVAK8TagInfosAk8PuppiJetsSoftDrop, pfImpactParameterAK8TagInfosAk8PuppiJetsSoftDrop, pfInclusiveSecondaryVertexFinderAK8TagInfosAk8PuppiJetsSoftDrop, pfCombinedInclusiveSecondaryVertexV2BJetTagsAk8PuppiJetsSoftDrop, pfDeepCSVJetTagsAk8PuppiJetsSoftDrop, pfBoostedDoubleSecondaryVertexAK8BJetTagsAk8PuppiJetsSoftDrop, pfDeepCSVDiscriminatorsJetTagsAk8PuppiJetsSoftDrop, patJetCorrFactorsAk8PuppiJetsSoftDrop, patJetsAk8PuppiJetsSoftDropSubjets, selectedPatJetsAk8PuppiJetsSoftDropSubjets, patJetPartonMatchAk8PuppiJetsSoftDropSubjets, patJetGenJetMatchAk8PuppiJetsSoftDropSubjets, patJetPartonAssociationLegacyAk8PuppiJetsSoftDropSubjets, patJetFlavourAssociationLegacyAk8PuppiJetsSoftDropSubjets, patJetFlavourAssociationAk8PuppiJetsSoftDropSubjets, pfImpactParameterTagInfosAk8PuppiJetsSoftDropSubjets, pfInclusiveSecondaryVertexFinderTagInfosAk8PuppiJetsSoftDropSubjets, pfDeepCSVTagInfosAk8PuppiJetsSoftDropSubjets, pfBoostedDoubleSVAK8TagInfosAk8PuppiJetsSoftDropSubjets, pfImpactParameterAK8TagInfosAk8PuppiJetsSoftDropSubjets, pfInclusiveSecondaryVertexFinderAK8TagInfosAk8PuppiJetsSoftDropSubjets, pfCombinedInclusiveSecondaryVertexV2BJetTagsAk8PuppiJetsSoftDropSubjets, pfDeepCSVJetTagsAk8PuppiJetsSoftDropSubjets, pfBoostedDoubleSecondaryVertexAK8BJetTagsAk8PuppiJetsSoftDropSubjets, pfDeepCSVDiscriminatorsJetTagsAk8PuppiJetsSoftDropSubjets, patJetCorrFactorsAk8PuppiJetsSoftDropSubjets, patJetsAk8PuppiJetsPruned, selectedPatJetsAk8PuppiJetsPruned, patJetPartonMatchAk8PuppiJetsPruned, patJetGenJetMatchAk8PuppiJetsPruned, patJetPartonAssociationLegacyAk8PuppiJetsPruned, patJetFlavourAssociationLegacyAk8PuppiJetsPruned, patJetFlavourAssociationAk8PuppiJetsPruned, pfImpactParameterTagInfosAk8PuppiJetsPruned, pfInclusiveSecondaryVertexFinderTagInfosAk8PuppiJetsPruned, pfDeepCSVTagInfosAk8PuppiJetsPruned, pfBoostedDoubleSVAK8TagInfosAk8PuppiJetsPruned, pfImpactParameterAK8TagInfosAk8PuppiJetsPruned, pfInclusiveSecondaryVertexFinderAK8TagInfosAk8PuppiJetsPruned, pfCombinedInclusiveSecondaryVertexV2BJetTagsAk8PuppiJetsPruned, pfDeepCSVJetTagsAk8PuppiJetsPruned, pfBoostedDoubleSecondaryVertexAK8BJetTagsAk8PuppiJetsPruned, pfDeepCSVDiscriminatorsJetTagsAk8PuppiJetsPruned, patJetCorrFactorsAk8PuppiJetsPruned, patJetsAk8PuppiJetsPrunedSubjets, selectedPatJetsAk8PuppiJetsPrunedSubjets, patJetPartonMatchAk8PuppiJetsPrunedSubjets, patJetGenJetMatchAk8PuppiJetsPrunedSubjets, patJetPartonAssociationLegacyAk8PuppiJetsPrunedSubjets, patJetFlavourAssociationLegacyAk8PuppiJetsPrunedSubjets, patJetFlavourAssociationAk8PuppiJetsPrunedSubjets, pfImpactParameterTagInfosAk8PuppiJetsPrunedSubjets, pfInclusiveSecondaryVertexFinderTagInfosAk8PuppiJetsPrunedSubjets, pfDeepCSVTagInfosAk8PuppiJetsPrunedSubjets, pfBoostedDoubleSVAK8TagInfosAk8PuppiJetsPrunedSubjets, pfImpactParameterAK8TagInfosAk8PuppiJetsPrunedSubjets, pfInclusiveSecondaryVertexFinderAK8TagInfosAk8PuppiJetsPrunedSubjets, pfCombinedInclusiveSecondaryVertexV2BJetTagsAk8PuppiJetsPrunedSubjets, pfDeepCSVJetTagsAk8PuppiJetsPrunedSubjets, pfBoostedDoubleSecondaryVertexAK8BJetTagsAk8PuppiJetsPrunedSubjets, pfDeepCSVDiscriminatorsJetTagsAk8PuppiJetsPrunedSubjets, patJetCorrFactorsAk8PuppiJetsPrunedSubjets, electronMVAVariableHelper, electronMVAValueMapProducer, egmGsfElectronIDs, electronRegressionValueMapProducer, heepIDVarValueMaps
DEBUG 2019-07-05 14:43:44,503: 	 Executing command: 'submit'
DEBUG 2019-07-05 14:43:44,503: 	 Found CRAB cache file /afs/cern.ch/user/x/xuyan/.crab3
DEBUG 2019-07-05 14:43:44,513: 	 Checking credentials
DEBUG 2019-07-05 14:43:44,514: 	 Found proxy file /tmp/x509up_u93529
DEBUG 2019-07-05 14:43:44,514: 	 Getting proxy life time left
DEBUG 2019-07-05 14:43:45,522: 	 Executing : 
 command : voms-proxy-info -file /tmp/x509up_u93529 -timeleft
 output : 43196

 error: 
 retcode : 0
DEBUG 2019-07-05 14:43:46,441: 	 Executing : 
 command : voms-proxy-info -file /tmp/x509up_u93529 -actimeleft
 output : 43195

 error: 
 retcode : 0
DEBUG 2019-07-05 14:43:46,441: 	 Proxy lifetime 43196 secs is different from voms extension lifetime 43195 secs for proxy: /tmp/x509up_u93529
DEBUG 2019-07-05 14:43:46,442: 	 Proxy valid for 11:59:55 hours
INFO 2019-07-05 14:43:46,443: 	 Will use CRAB configuration file crabconfigs/crab_Signal.py
DEBUG 2019-07-05 14:43:46,443: 	 Loading CRAB configuration file.
DEBUG 2019-07-05 14:43:49,993: 	 Will use CRAB Analysis plugin (i.e. will run an analysis job type).
DEBUG 2019-07-05 14:43:50,163: 	 Executing : 
 command : openssl x509 -in ~/.globus/usercert.pem -subject -noout
 output : subject= /DC=ch/DC=cern/OU=Organic Units/OU=Users/CN=xuyan/CN=803661/CN=Xuli Yan

 error: 
 retcode : 0
DEBUG 2019-07-05 14:43:50,164: 	 Checking credentials
DEBUG 2019-07-05 14:43:50,164: 	 Found proxy file /tmp/x509up_u93529
DEBUG 2019-07-05 14:43:50,164: 	 Getting proxy life time left
DEBUG 2019-07-05 14:43:51,279: 	 Executing : 
 command : voms-proxy-info -file /tmp/x509up_u93529 -timeleft
 output : 43190

 error: 
 retcode : 0
DEBUG 2019-07-05 14:43:53,223: 	 Executing : 
 command : voms-proxy-info -file /tmp/x509up_u93529 -actimeleft
 output : 43188

 error: 
 retcode : 0
DEBUG 2019-07-05 14:43:53,224: 	 Proxy lifetime 43190 secs is different from voms extension lifetime 43188 secs for proxy: /tmp/x509up_u93529
DEBUG 2019-07-05 14:43:53,224: 	 Proxy valid for 11:59:48 hours
DEBUG 2019-07-05 14:43:54,550: 	 Executing : 
 command : env X509_USER_PROXY=/tmp/x509up_u93529 voms-proxy-info -fqan
 output : /cms/Role=NULL/Capability=NULL

 error: 
 retcode : 0
DEBUG 2019-07-05 14:43:54,725: 	 Registering user credentials for server /DC=ch/DC=cern/OU=computers/CN=vocms(052|058|030|0118|0105|0109).cern.ch|/DC=ch/DC=cern/OU=computers/CN=crab-(preprod|prod)-tw(02|01).cern.ch
DEBUG 2019-07-05 14:43:54,840: 	 Executing : 
 command : openssl x509 -in ~/.globus/usercert.pem -subject -noout
 output : subject= /DC=ch/DC=cern/OU=Organic Units/OU=Users/CN=xuyan/CN=803661/CN=Xuli Yan

 error: 
 retcode : 0
DEBUG 2019-07-05 14:43:54,840: 	 Getting myproxy life time left for myproxy.cern.ch
DEBUG 2019-07-05 14:43:54,840: 	 Calculating hash of /DC=ch/DC=cern/OU=Organic Units/OU=Users/CN=xuyan/CN=803661/CN=Xuli Yan_cmsweb.cern.ch for credential name
DEBUG 2019-07-05 14:43:55,146: 	 Executing : 
 command : myproxy-info -l b1772a5c240352d6d735b714aa331919d3f56592 -s myproxy.cern.ch
 output : username: b1772a5c240352d6d735b714aa331919d3f56592
owner: /DC=ch/DC=cern/OU=Organic Units/OU=Users/CN=xuyan/CN=803661/CN=Xuli Yan
  renewal policy: /DC=ch/DC=cern/OU=computers/CN=vocms(052|058|030|0118|0105|0109).cern.ch|/DC=ch/DC=cern/OU=computers/CN=crab-(preprod|prod)-tw(02|01).cern.ch
  trusted retrieval policy: /DC=ch/DC=cern/OU=computers/CN=vocms(052|058|030|0118|0105|0109).cern.ch|/DC=ch/DC=cern/OU=computers/CN=crab-(preprod|prod)-tw(02|01).cern.ch
  timeleft: 603:07:45  (25.1 days)

 error: 
 retcode : 0
DEBUG 2019-07-05 14:43:55,147: 	 Myproxy is valid: 2171265
DEBUG 2019-07-05 14:43:55,148: 	 Command use: submit
DEBUG 2019-07-05 14:43:55,148: 	 Options use: ['-c', 'crabconfigs/crab_Signal.py']
DEBUG 2019-07-05 14:43:55,327: 	 CRABClient version: 3.3.1904
DEBUG 2019-07-05 14:43:55,327: 	 Instance is prod
DEBUG 2019-07-05 14:43:55,327: 	 Server base url is cmsweb.cern.ch
DEBUG 2019-07-05 14:43:55,327: 	 Command url /crabserver/prod/workflow
DEBUG 2019-07-05 14:43:55,327: 	 Started submission
DEBUG 2019-07-05 14:43:55,327: 	 Working on /afs/cern.ch/work/x/xuyan/work5/DEV/CMSSW_9_4_9/src/VgammaTuplizer/Ntuplizer/crab_jobs_signalJul04/crab_Wgamma949SignalFinal_v3_Jul04
DEBUG 2019-07-05 14:43:55,687: 	 Loading required information from the environment
DEBUG 2019-07-05 14:43:55,687: 	 Found CMSSW_9_4_9 for slc6_amd64_gcc630 with base /afs/cern.ch/work/x/xuyan/work5/DEV/CMSSW_9_4_9
DEBUG 2019-07-05 14:43:55,687: 	 Loading required information from the environment
DEBUG 2019-07-05 14:43:55,687: 	 Found CMSSW_9_4_9 for slc6_amd64_gcc630 with base /afs/cern.ch/work/x/xuyan/work5/DEV/CMSSW_9_4_9
DEBUG 2019-07-05 14:43:55,726: 	 UNIQUE NAME: tarUUID c8e1d8b5-a59e-4603-be4c-79c965c529d4 
DEBUG 2019-07-05 14:43:55,727: 	 self.config: from WMCore.Configuration import Configuration
config = Configuration()
config.section_('General')
config.General.transferLogs = True
config.General.transferOutputs = True
config.General.workArea = 'crab_jobs_signalJul04'
config.General.requestName = 'Wgamma949SignalFinal_v3_Jul04'
config.section_('JobType')
config.JobType.psetName = 'config_generic.py'
config.JobType.pluginName = 'Analysis'
config.JobType.sendExternalFolder = True
config.section_('Data')
config.Data.inputDataset = '/PythiaChargedResonance_WGToJJG_M1600_width5/RunIIFall17MiniAODv2-PU2017_12Apr2018_94X_mc2017_realistic_v14-v1/MINIAODSIM'
config.Data.outputDatasetTag = 'Wgamma949SignalFinal_v3_Jul04'
config.Data.publication = False
config.Data.unitsPerJob = 1
config.Data.inputDBS = 'global'
config.Data.splitting = 'FileBased'
config.Data.outLFNDirBase = '/store/user/xuyan/'
config.section_('Site')
config.Site.storageSite = 'T3_US_Brown'
config.section_('User')
config.section_('Debug')

DEBUG 2019-07-05 14:43:55,727: 	 self.config.JobType.psetName: config_generic.py
INFO 2019-07-05 14:43:55,727: 	 Importing CMSSW configuration config_generic.py
INFO 2019-07-05 14:43:59,472: 	 Finished importing CMSSW configuration config_generic.py
DEBUG 2019-07-05 14:43:59,473: 	 Writing CMSSW configuration to /afs/cern.ch/work/x/xuyan/work5/DEV/CMSSW_9_4_9/src/VgammaTuplizer/Ntuplizer/crab_jobs_signalJul04/crab_Wgamma949SignalFinal_v3_Jul04/inputs/PSet.py
DEBUG 2019-07-05 14:44:00,109: 	 The following EDM output files will be collected: []
DEBUG 2019-07-05 14:44:00,110: 	 The following TFile output files will be collected: ['flatTuple.root']
DEBUG 2019-07-05 14:44:00,110: 	 The following user output files will be collected: []
DEBUG 2019-07-05 14:44:00,110: 	 Loading required information from the environment
DEBUG 2019-07-05 14:44:00,110: 	 Found CMSSW_9_4_9 for slc6_amd64_gcc630 with base /afs/cern.ch/work/x/xuyan/work5/DEV/CMSSW_9_4_9
DEBUG 2019-07-05 14:44:00,110: 	 Making tarball in /afs/cern.ch/work/x/xuyan/work5/DEV/CMSSW_9_4_9/src/VgammaTuplizer/Ntuplizer/crab_jobs_signalJul04/crab_Wgamma949SignalFinal_v3_Jul04/inputs/c8e1d8b5-a59e-4603-be4c-79c965c529d4default.tgz
DEBUG 2019-07-05 14:44:00,140: 	 Checking directory /afs/cern.ch/work/x/xuyan/work5/DEV/CMSSW_9_4_9/lib
DEBUG 2019-07-05 14:44:00,141: 	 Adding directory /afs/cern.ch/work/x/xuyan/work5/DEV/CMSSW_9_4_9/lib to tarball
DEBUG 2019-07-05 14:44:05,388: 	 Checking directory /afs/cern.ch/work/x/xuyan/work5/DEV/CMSSW_9_4_9/biglib
DEBUG 2019-07-05 14:44:05,389: 	 Adding directory /afs/cern.ch/work/x/xuyan/work5/DEV/CMSSW_9_4_9/biglib to tarball
DEBUG 2019-07-05 14:44:05,390: 	 Checking directory /afs/cern.ch/work/x/xuyan/work5/DEV/CMSSW_9_4_9/module
DEBUG 2019-07-05 14:44:05,391: 	 Checking directory /afs/cern.ch/work/x/xuyan/work5/DEV/CMSSW_9_4_9/external
DEBUG 2019-07-05 14:44:05,391: 	 Adding directory /afs/cern.ch/work/x/xuyan/work5/DEV/CMSSW_9_4_9/external to tarball
DEBUG 2019-07-05 14:44:07,884: 	 Adding data directory /afs/cern.ch/work/x/xuyan/work5/DEV/CMSSW_9_4_9/src/DQMOffline/Trigger/data to tarball
DEBUG 2019-07-05 14:44:07,932: 	 Adding data directory /afs/cern.ch/work/x/xuyan/work5/DEV/CMSSW_9_4_9/src/DQMOffline/Trigger/interface to tarball
DEBUG 2019-07-05 14:44:08,312: 	 Adding data directory /afs/cern.ch/work/x/xuyan/work5/DEV/CMSSW_9_4_9/src/PhysicsTools/NanoAOD/interface to tarball
DEBUG 2019-07-05 14:44:08,362: 	 Adding data directory /afs/cern.ch/work/x/xuyan/work5/DEV/CMSSW_9_4_9/src/PhysicsTools/PatAlgos/interface to tarball
DEBUG 2019-07-05 14:44:08,556: 	 Adding data directory /afs/cern.ch/work/x/xuyan/work5/DEV/CMSSW_9_4_9/src/PhysicsTools/SelectorUtils/interface to tarball
DEBUG 2019-07-05 14:44:08,820: 	 Adding data directory /afs/cern.ch/work/x/xuyan/work5/DEV/CMSSW_9_4_9/src/VgammaTuplizer/Ntuplizer/interface to tarball
DEBUG 2019-07-05 14:44:08,907: 	 Adding data directory /afs/cern.ch/work/x/xuyan/work5/DEV/CMSSW_9_4_9/src/VgammaTuplizer/Ntuplizer/data to tarball
DEBUG 2019-07-05 14:44:56,454: 	 Adding data directory /afs/cern.ch/work/x/xuyan/work5/DEV/CMSSW_9_4_9/src/RecoEgamma/EgammaTools/data to tarball
DEBUG 2019-07-05 14:44:56,685: 	 Adding data directory /afs/cern.ch/work/x/xuyan/work5/DEV/CMSSW_9_4_9/src/RecoEgamma/EgammaTools/interface to tarball
DEBUG 2019-07-05 14:44:56,816: 	 Adding data directory /afs/cern.ch/work/x/xuyan/work5/DEV/CMSSW_9_4_9/src/RecoEgamma/ElectronIdentification/data to tarball
DEBUG 2019-07-05 14:45:04,724: 	 Adding data directory /afs/cern.ch/work/x/xuyan/work5/DEV/CMSSW_9_4_9/src/RecoEgamma/ElectronIdentification/interface to tarball
DEBUG 2019-07-05 14:45:07,209: 	 Adding data directory /afs/cern.ch/work/x/xuyan/work5/DEV/CMSSW_9_4_9/src/RecoEgamma/PhotonIdentification/data to tarball
DEBUG 2019-07-05 14:45:13,996: 	 Adding data directory /afs/cern.ch/work/x/xuyan/work5/DEV/CMSSW_9_4_9/src/RecoEgamma/PhotonIdentification/interface to tarball
DEBUG 2019-07-05 14:45:14,244: 	 Adding data directory /afs/cern.ch/work/x/xuyan/work5/DEV/CMSSW_9_4_9/src/RecoEgamma/EgammaElectronAlgos/interface to tarball
DEBUG 2019-07-05 14:45:14,313: 	 Adding data directory /afs/cern.ch/work/x/xuyan/work5/DEV/CMSSW_9_4_9/src/RecoParticleFlow/PFProducer/data to tarball
DEBUG 2019-07-05 14:45:14,316: 	 Adding data directory /afs/cern.ch/work/x/xuyan/work5/DEV/CMSSW_9_4_9/src/RecoParticleFlow/PFProducer/interface to tarball
DEBUG 2019-07-05 14:45:14,566: 	 Adding data directory /afs/cern.ch/work/x/xuyan/work5/DEV/CMSSW_9_4_9/src/WGammaAnalyzer/Selection/data to tarball
DEBUG 2019-07-05 14:45:14,756: 	 Adding data directory /afs/cern.ch/work/x/xuyan/work5/DEV/CMSSW_9_4_9/src/WGammaAnalyzer/Utils/interface to tarball
DEBUG 2019-07-05 14:45:15,961: 	 Uploading archive /afs/cern.ch/work/x/xuyan/work5/DEV/CMSSW_9_4_9/src/VgammaTuplizer/Ntuplizer/crab_jobs_signalJul04/crab_Wgamma949SignalFinal_v3_Jul04/inputs/c8e1d8b5-a59e-4603-be4c-79c965c529d4default.tgz (79 MB) to the CRAB cache. Using URI https://cmsweb.cern.ch/crabcache
DEBUG 2019-07-05 14:46:21,285: 	 Loading required information from the environment
DEBUG 2019-07-05 14:46:21,286: 	 Found CMSSW_9_4_9 for slc6_amd64_gcc630 with base /afs/cern.ch/work/x/xuyan/work5/DEV/CMSSW_9_4_9
DEBUG 2019-07-05 14:46:21,286: 	 Making tarball in /afs/cern.ch/work/x/xuyan/work5/DEV/CMSSW_9_4_9/src/VgammaTuplizer/Ntuplizer/crab_jobs_signalJul04/crab_Wgamma949SignalFinal_v3_Jul04/inputs/debugFiles.tgz
DEBUG 2019-07-05 14:46:21,374: 	 Uploading archive /afs/cern.ch/work/x/xuyan/work5/DEV/CMSSW_9_4_9/src/VgammaTuplizer/Ntuplizer/crab_jobs_signalJul04/crab_Wgamma949SignalFinal_v3_Jul04/inputs/debugFiles.tgz (14 KB) to the CRAB cache. Using URI https://cmsweb.cern.ch/crabcache
DEBUG 2019-07-05 14:46:21,600: 	 Result uploading input files: 498e4c1d4f98645dfcffbdf76b68ade5aac099b3598dc5763d8e47f830f34f41.tar.gz 
INFO 2019-07-05 14:46:21,604: 	 Sending the request to the server
DEBUG 2019-07-05 14:46:21,605: 	 Submitting {'maxjobruntime': 1250, 'extrajdl': [], 'ignorelocality': 0, 'savelogsflag': 1, 'useparent': 0, 'asyncdest': 'T3_US_Brown', 'algoargs': 1, 'cachefilename': '498e4c1d4f98645dfcffbdf76b68ade5aac099b3598dc5763d8e47f830f34f41.tar.gz', 'numcores': 1, 'addoutputfiles': [], 'generator': 'pythia', 'maxmemory': 2000, 'publishdbsurl': 'https://cmsweb.cern.ch/dbs/prod/phys03/DBSWriter', 'priority': 10, 'jobsw': 'CMSSW_9_4_9', 'edmoutfiles': [], 'userfiles': [], 'primarydataset': '', 'inputdata': '/PythiaChargedResonance_WGToJJG_M1600_width5/RunIIFall17MiniAODv2-PU2017_12Apr2018_94X_mc2017_realistic_v14-v1/MINIAODSIM', 'lfn': '/store/user/xuyan/', 'dryrun': 0, 'workflow': 'crab_Wgamma949SignalFinal_v3_Jul04', 'cacheurl': u'https://cmsweb.cern.ch/crabcache', 'nonprodsw': 0, 'tfileoutfiles': ['flatTuple.root'], 'oneEventMode': 0, 'debugfilename': 'a60d00fcbbd69a377e635f19b4a6605de667e5dba0343b4080f855895ccb03b4.tar.gz', 'saveoutput': 1, 'publication': 0, 'jobarch': 'slc6_amd64_gcc630', 'totalunits': 0, 'splitalgo': 'FileBased', 'ignoreglobalblacklist': 0, 'nonvaliddata': 0, 'dbsurl': 'https://cmsweb.cern.ch/dbs/prod/global/DBSReader', 'publishgroupname': 0, 'jobtype': 'Analysis', 'publishname2': 'Wgamma949SignalFinal_v3_Jul04'} 
DEBUG 2019-07-05 14:46:21,605: 	 Encoded submit request: maxjobruntime=1250&ignorelocality=0&savelogsflag=1&useparent=0&asyncdest=T3_US_Brown&algoargs=1&cachefilename=498e4c1d4f98645dfcffbdf76b68ade5aac099b3598dc5763d8e47f830f34f41.tar.gz&numcores=1&generator=pythia&maxmemory=2000&publishdbsurl=https%3A%2F%2Fcmsweb.cern.ch%2Fdbs%2Fprod%2Fphys03%2FDBSWriter&priority=10&jobsw=CMSSW_9_4_9&primarydataset=&inputdata=%2FPythiaChargedResonance_WGToJJG_M1600_width5%2FRunIIFall17MiniAODv2-PU2017_12Apr2018_94X_mc2017_realistic_v14-v1%2FMINIAODSIM&lfn=%2Fstore%2Fuser%2Fxuyan%2F&dryrun=0&workflow=crab_Wgamma949SignalFinal_v3_Jul04&cacheurl=https%3A%2F%2Fcmsweb.cern.ch%2Fcrabcache&nonprodsw=0&oneEventMode=0&debugfilename=a60d00fcbbd69a377e635f19b4a6605de667e5dba0343b4080f855895ccb03b4.tar.gz&saveoutput=1&publication=0&jobarch=slc6_amd64_gcc630&totalunits=0&splitalgo=FileBased&ignoreglobalblacklist=0&nonvaliddata=0&dbsurl=https%3A%2F%2Fcmsweb.cern.ch%2Fdbs%2Fprod%2Fglobal%2FDBSReader&publishgroupname=0&jobtype=Analysis&publishname2=Wgamma949SignalFinal_v3_Jul04&tfileoutfiles=flatTuple.root
DEBUG 2019-07-05 14:46:22,087: 	 Result: {u'result': [{u'RequestName': u'190705_124621:xuyan_crab_Wgamma949SignalFinal_v3_Jul04'}]}
INFO 2019-07-05 14:46:22,093: 	 Success: Your task has been delivered to the CRAB3 server.
INFO 2019-07-05 14:46:22,093: 	 Task name: 190705_124621:xuyan_crab_Wgamma949SignalFinal_v3_Jul04
INFO 2019-07-05 14:46:22,093: 	 Project dir: crab_jobs_signalJul04/crab_Wgamma949SignalFinal_v3_Jul04
INFO 2019-07-05 14:46:22,093: 	 Please use 'crab status -d crab_jobs_signalJul04/crab_Wgamma949SignalFinal_v3_Jul04' to check how the submission process proceeds.
DEBUG 2019-07-05 14:46:22,094: 	 About to return
INFO 2019-07-05 14:46:22,100: 	 Log file is /afs/cern.ch/work/x/xuyan/work5/DEV/CMSSW_9_4_9/src/VgammaTuplizer/Ntuplizer/crab_jobs_signalJul04/crab_Wgamma949SignalFinal_v3_Jul04/crab.log
DEBUG 2019-07-05 15:49:53,872: 	 Executing command: 'status'
DEBUG 2019-07-05 15:49:53,873: 	 Found CRAB cache file /afs/cern.ch/user/x/xuyan/.crab3
DEBUG 2019-07-05 15:49:53,892: 	 Checking credentials
DEBUG 2019-07-05 15:49:53,893: 	 Found proxy file /tmp/x509up_u93529
DEBUG 2019-07-05 15:49:53,893: 	 Getting proxy life time left
DEBUG 2019-07-05 15:49:54,929: 	 Executing : 
 command : voms-proxy-info -file /tmp/x509up_u93529 -timeleft
 output : 39227

 error: 
 retcode : 0
DEBUG 2019-07-05 15:49:56,046: 	 Executing : 
 command : voms-proxy-info -file /tmp/x509up_u93529 -actimeleft
 output : 39226

 error: 
 retcode : 0
DEBUG 2019-07-05 15:49:56,046: 	 Proxy lifetime 39227 secs is different from voms extension lifetime 39226 secs for proxy: /tmp/x509up_u93529
DEBUG 2019-07-05 15:49:56,046: 	 Proxy valid for 10:53:46 hours
DEBUG 2019-07-05 15:49:56,163: 	 Executing : 
 command : openssl x509 -in ~/.globus/usercert.pem -subject -noout
 output : subject= /DC=ch/DC=cern/OU=Organic Units/OU=Users/CN=xuyan/CN=803661/CN=Xuli Yan

 error: 
 retcode : 0
DEBUG 2019-07-05 15:49:56,164: 	 Checking credentials
DEBUG 2019-07-05 15:49:56,165: 	 Found proxy file /tmp/x509up_u93529
DEBUG 2019-07-05 15:49:56,165: 	 Getting proxy life time left
DEBUG 2019-07-05 15:49:57,083: 	 Executing : 
 command : voms-proxy-info -file /tmp/x509up_u93529 -timeleft
 output : 39225

 error: 
 retcode : 0
DEBUG 2019-07-05 15:49:59,227: 	 Executing : 
 command : voms-proxy-info -file /tmp/x509up_u93529 -actimeleft
 output : 39222

 error: 
 retcode : 0
DEBUG 2019-07-05 15:49:59,227: 	 Proxy lifetime 39225 secs is different from voms extension lifetime 39222 secs for proxy: /tmp/x509up_u93529
DEBUG 2019-07-05 15:49:59,227: 	 Proxy valid for 10:53:42 hours
DEBUG 2019-07-05 15:49:59,385: 	 Registering user credentials for server /DC=ch/DC=cern/OU=computers/CN=vocms(052|058|030|0118|0105|0109).cern.ch|/DC=ch/DC=cern/OU=computers/CN=crab-(preprod|prod)-tw(02|01).cern.ch
DEBUG 2019-07-05 15:49:59,500: 	 Executing : 
 command : openssl x509 -in ~/.globus/usercert.pem -subject -noout
 output : subject= /DC=ch/DC=cern/OU=Organic Units/OU=Users/CN=xuyan/CN=803661/CN=Xuli Yan

 error: 
 retcode : 0
DEBUG 2019-07-05 15:49:59,501: 	 Getting myproxy life time left for myproxy.cern.ch
DEBUG 2019-07-05 15:49:59,501: 	 Calculating hash of /DC=ch/DC=cern/OU=Organic Units/OU=Users/CN=xuyan/CN=803661/CN=Xuli Yan_cmsweb.cern.ch for credential name
DEBUG 2019-07-05 15:49:59,812: 	 Executing : 
 command : myproxy-info -l b1772a5c240352d6d735b714aa331919d3f56592 -s myproxy.cern.ch
 output : username: b1772a5c240352d6d735b714aa331919d3f56592
owner: /DC=ch/DC=cern/OU=Organic Units/OU=Users/CN=xuyan/CN=803661/CN=Xuli Yan
  renewal policy: /DC=ch/DC=cern/OU=computers/CN=vocms(052|058|030|0118|0105|0109).cern.ch|/DC=ch/DC=cern/OU=computers/CN=crab-(preprod|prod)-tw(02|01).cern.ch
  trusted retrieval policy: /DC=ch/DC=cern/OU=computers/CN=vocms(052|058|030|0118|0105|0109).cern.ch|/DC=ch/DC=cern/OU=computers/CN=crab-(preprod|prod)-tw(02|01).cern.ch
  timeleft: 602:01:41  (25.1 days)

 error: 
 retcode : 0
DEBUG 2019-07-05 15:49:59,813: 	 Myproxy is valid: 2167301
DEBUG 2019-07-05 15:49:59,814: 	 Command use: status
DEBUG 2019-07-05 15:49:59,814: 	 Options use: ['-d', 'crab_jobs_signalJul04/crab_Wgamma949SignalFinal_v3_Jul04/']
DEBUG 2019-07-05 15:49:59,915: 	 CRABClient version: 3.3.1904
DEBUG 2019-07-05 15:49:59,916: 	 Instance is prod
DEBUG 2019-07-05 15:49:59,916: 	 Server base url is cmsweb.cern.ch
DEBUG 2019-07-05 15:49:59,916: 	 Command url /crabserver/prod/workflow
DEBUG 2019-07-05 15:50:00,054: 	 Got information from server oracle database: {u'result': [u'190705_124621:xuyan_crab_Wgamma949SignalFinal_v3_Jul04', u'None', u'None', u'SUBMITTED', u'SUBMIT', u'2019-07-05 12:46:22.077900', u'None', u'2019-07-05 12:47:19.619763', u'None', u'CMSSW_9_4_9', u'slc6_amd64_gcc630', u'/PythiaChargedResonance_WGToJJG_M1600_width5/RunIIFall17MiniAODv2-PU2017_12Apr2018_94X_mc2017_realistic_v14-v1/MINIAODSIM', u'F', u'0', u'[]', u'[]', u'FileBased', u"{'splitOnRun': False, 'halt_job_on_file_boundaries': False, 'files_per_job': 1, 'runs': [], 'lumis': []}", u'498e4c1d4f98645dfcffbdf76b68ade5aac099b3598dc5763d8e47f830f34f41.tar.gz', u'https://cmsweb.cern.ch/crabcache', u'xuyan', u'/DC=ch/DC=cern/OU=Organic Units/OU=Users/CN=xuyan/CN=803661/CN=Xuli Yan', u'cms', u'None', u'None', u'Wgamma949SignalFinal_v3_Jul04-00000000000000000000000000000000', u'F', u'T3_US_Brown', u'https://cmsweb.cern.ch/dbs/prod/global/DBSReader', u'https://cmsweb.cern.ch/dbs/prod/phys03/DBSWriter', u'F', u'[]', u"['flatTuple.root']", u'[]', u'Analysis', u'pythia', u'None', u'{}', u'[]', u'T', u'crab-prod-tw01', u'[]', u'1250', u'1', u'2000', u'10', u'None', u'[]', u'http://vocms0120.cern.ch/mon/cms365/190705_124621:xuyan_crab_Wgamma949SignalFinal_v3_Jul04', u'None', u'[]', u'[]', u'https://cmsweb.cern.ch/crabserver/prod', u'cmsgwms-collector-global.cern.ch:9620,cmssrv221.fnal.gov:9620', u'crab3@vocms0120.cern.ch', u'F', u'[]', u'T', u'/store/user/xuyan/', u'F', u'None', u'F', u'None', u'PythiaChargedResonance_WGToJJG_M1600_width5', u'None', u'a60d00fcbbd69a377e635f19b4a6605de667e5dba0343b4080f855895ccb03b4.tar.gz', u'39223670', u'filetransfers', u'F', u'188.184.31.200', u'0.0', u'None'], u'desc': {u'columns': [u'tm_taskname', u'tm_activity', u'panda_jobset_id', u'tm_task_status', u'tm_task_command', u'tm_start_time', u'tm_start_injection', u'tm_end_injection', u'tm_task_failure', u'tm_job_sw', u'tm_job_arch', u'tm_input_dataset', u'tm_nonvalid_input_dataset', u'tm_use_parent', u'tm_site_whitelist', u'tm_site_blacklist', u'tm_split_algo', u'tm_split_args', u'tm_user_sandbox', u'tm_cache_url', u'tm_username', u'tm_user_dn', u'tm_user_vo', u'tm_user_role', u'tm_user_group', u'tm_publish_name', u'tm_publish_groupname', u'tm_asyncdest', u'tm_dbs_url', u'tm_publish_dbs_url', u'tm_publication', u'tm_outfiles', u'tm_tfile_outfiles', u'tm_edm_outfiles', u'tm_job_type', u'tm_generator', u'tm_events_per_lumi', u'tm_arguments', u'panda_resubmitted_jobs', u'tm_save_logs', u'tw_name', u'tm_user_infiles', u'tm_maxjobruntime', u'tm_numcores', u'tm_maxmemory', u'tm_priority', u'tm_output_dataset', u'tm_task_warnings', u'tm_user_webdir', u'tm_scriptexe', u'tm_scriptargs', u'tm_extrajdl', u'tm_asourl', u'tm_collector', u'tm_schedd', u'tm_dry_run', u'tm_user_files', u'tm_transfer_outputs', u'tm_output_lfn', u'tm_ignore_locality', u'tm_fail_limit', u'tm_one_event_mode', u'tm_secondary_input_dataset', u'tm_primary_dataset', u'tm_last_publication', u'tm_debug_files', u'clusterid', u'tm_asodb', u'tm_ignore_global_blacklist', u'tm_submitter_ip_addr', u'tm_totalunits', u'tm_ddm_reqid']}}
INFO 2019-07-05 15:50:00,054: 	 CRAB project directory:		/afs/cern.ch/work/x/xuyan/work5/DEV/CMSSW_9_4_9/src/VgammaTuplizer/Ntuplizer/crab_jobs_signalJul04/crab_Wgamma949SignalFinal_v3_Jul04
INFO 2019-07-05 15:50:00,055: 	 Task name:			190705_124621:xuyan_crab_Wgamma949SignalFinal_v3_Jul04
INFO 2019-07-05 15:50:00,055: 	 Grid scheduler - Task Worker:	crab3@vocms0120.cern.ch - crab-prod-tw01
INFO 2019-07-05 15:50:00,055: 	 Status on the CRAB server:	SUBMITTED
INFO 2019-07-05 15:50:00,055: 	 Task URL to use for HELP:	https://cmsweb.cern.ch/crabserver/ui/task/190705_124621%3Axuyan_crab_Wgamma949SignalFinal_v3_Jul04
INFO 2019-07-05 15:50:00,055: 	 Dashboard monitoring URL:	http://dashb-cms-job.cern.ch/dashboard/templates/task-analysis/#user=xuyan&refresh=0&table=Jobs&p=1&records=25&activemenu=2&status=&site=&tid=190705_124621%3Axuyan_crab_Wgamma949SignalFinal_v3_Jul04
INFO 2019-07-05 15:50:00,055: 	 New dashboard monitoring URL:	https://monit-grafana.cern.ch/d/cmsTMDetail/cms-task-monitoring-task-view?orgId=11&var-user=xuyan&var-task=190705_124621%3Axuyan_crab_Wgamma949SignalFinal_v3_Jul04
INFO 2019-07-05 15:50:00,055: 	 In case of issues with the new dashboard, please provide feedback to hn-cms-computing-tools@cern.ch
DEBUG 2019-07-05 15:50:00,055: 	 The CRAB server submitted your task to the Grid scheduler (cluster ID: 39223670)
DEBUG 2019-07-05 15:50:00,055: 	 Webdir is located at http://vocms0120.cern.ch/mon/cms365/190705_124621:xuyan_crab_Wgamma949SignalFinal_v3_Jul04
DEBUG 2019-07-05 15:50:00,243: 	 Proxied webdir is located at https://cmsweb.cern.ch/scheddmon/0120/cms365/190705_124621:xuyan_crab_Wgamma949SignalFinal_v3_Jul04
DEBUG 2019-07-05 15:50:00,243: 	 Retrieving 'status_cache' file from https://cmsweb.cern.ch/scheddmon/0120/cms365/190705_124621:xuyan_crab_Wgamma949SignalFinal_v3_Jul04/status_cache
DEBUG 2019-07-05 15:50:00,352: 	 Got information from status cache file: {'1': {'Retries': 0, 'WallDurations': [10.0, 567.0], 'StartTimes': [1562331316.0], 'SubmitTimes': [1562330853.0], 'JobIds': ['39223673.0'], 'EndTimes': [1562331883.0], 'Restarts': 0, 'RecordedSite': True, 'State': 'finished', 'ResidentSetSize': [1247564], 'TotalUserCpuTimeHistory': [431], 'SiteHistory': ['Unknown', 'T2_US_Florida'], 'TotalSysCpuTimeHistory': [4]}, '3': {'Retries': 1, 'WallDurations': [9.0, 648.0, 8.0, 208.73816800117493], 'StartTimes': [1562331321.0, 1562334343.0], 'SubmitTimes': [1562330853.0, 1562333837.0], 'JobIds': ['39223675.0', '39226927.0'], 'EndTimes': [1562331969.0], 'Restarts': 0, 'RecordedSite': True, 'State': 'running', 'ResidentSetSize': [1249968, 19116], 'TotalUserCpuTimeHistory': [433, 0.0], 'SiteHistory': ['Unknown', 'T2_US_Florida', 'Unknown', 'T2_US_Vanderbilt'], 'TotalSysCpuTimeHistory': [4, 0.0]}, '2': {'Retries': 0, 'WallDurations': [9.0, 1028.0], 'StartTimes': [1562331332.0], 'SubmitTimes': [1562330854.0], 'JobIds': ['39223676.0'], 'EndTimes': [1562332360.0], 'Restarts': 0, 'RecordedSite': True, 'State': 'finished', 'ResidentSetSize': [1248388], 'TotalUserCpuTimeHistory': [768], 'SiteHistory': ['Unknown', 'T2_US_Florida'], 'TotalSysCpuTimeHistory': [10]}, '4': {'Retries': 0, 'WallDurations': [9.0, 1801.0], 'StartTimes': [1562331342.0], 'SubmitTimes': [1562330853.0], 'JobIds': ['39223674.0'], 'EndTimes': [1562333143.0], 'Restarts': 0, 'RecordedSite': True, 'State': 'transferring', 'ResidentSetSize': [1252400], 'TotalUserCpuTimeHistory': [1519], 'SiteHistory': ['Unknown', 'T2_US_Florida'], 'TotalSysCpuTimeHistory': [18]}}
INFO 2019-07-05 15:50:00,352: 	 Status on the scheduler:	SUBMITTED
INFO 2019-07-05 15:50:00,352: 	 
Jobs status:                    finished     		 50.0% (2/4)
INFO 2019-07-05 15:50:00,353: 	 				running      		 25.0% (1/4)
INFO 2019-07-05 15:50:00,353: 	 				transferring 		 25.0% (1/4)
INFO 2019-07-05 15:50:00,353: 	 
No publication information (publication has been disabled in the CRAB configuration file)
INFO 2019-07-05 15:50:00,353: 	 
Warning: the max jobs runtime is less than 30% of the task requested value (1250 min), please consider to request a lower value for failed jobs (allowed through crab resubmit) and/or improve the jobs splitting (e.g. config.Data.splitting = 'Automatic') in a new task.
INFO 2019-07-05 15:50:00,353: 	 
Summary of run jobs:
 * Memory: 18MB min, 1223MB max, 1220MB ave
 * Runtime: 0:03:28 min, 0:30:01 max, 0:18:52 ave
 * CPU eff: 76% min, 85% max, 81% ave
 * Waste: 0:00:28 (1% of total)

INFO 2019-07-05 15:50:00,407: 	 Log file is /afs/cern.ch/work/x/xuyan/work5/DEV/CMSSW_9_4_9/src/VgammaTuplizer/Ntuplizer/crab_jobs_signalJul04/crab_Wgamma949SignalFinal_v3_Jul04/crab.log
DEBUG 2019-07-05 15:56:34,846: 	 Executing command: 'status'
DEBUG 2019-07-05 15:56:34,846: 	 Found CRAB cache file /afs/cern.ch/user/x/xuyan/.crab3
DEBUG 2019-07-05 15:56:34,863: 	 Checking credentials
DEBUG 2019-07-05 15:56:34,864: 	 Found proxy file /tmp/x509up_u93529
DEBUG 2019-07-05 15:56:34,865: 	 Getting proxy life time left
DEBUG 2019-07-05 15:56:35,873: 	 Executing : 
 command : voms-proxy-info -file /tmp/x509up_u93529 -timeleft
 output : 38826

 error: 
 retcode : 0
DEBUG 2019-07-05 15:56:36,897: 	 Executing : 
 command : voms-proxy-info -file /tmp/x509up_u93529 -actimeleft
 output : 38825

 error: 
 retcode : 0
DEBUG 2019-07-05 15:56:36,898: 	 Proxy lifetime 38826 secs is different from voms extension lifetime 38825 secs for proxy: /tmp/x509up_u93529
DEBUG 2019-07-05 15:56:36,898: 	 Proxy valid for 10:47:05 hours
DEBUG 2019-07-05 15:56:37,013: 	 Executing : 
 command : openssl x509 -in ~/.globus/usercert.pem -subject -noout
 output : subject= /DC=ch/DC=cern/OU=Organic Units/OU=Users/CN=xuyan/CN=803661/CN=Xuli Yan

 error: 
 retcode : 0
DEBUG 2019-07-05 15:56:37,014: 	 Checking credentials
DEBUG 2019-07-05 15:56:37,014: 	 Found proxy file /tmp/x509up_u93529
DEBUG 2019-07-05 15:56:37,014: 	 Getting proxy life time left
DEBUG 2019-07-05 15:56:38,428: 	 Executing : 
 command : voms-proxy-info -file /tmp/x509up_u93529 -timeleft
 output : 38823

 error: 
 retcode : 0
DEBUG 2019-07-05 15:56:39,451: 	 Executing : 
 command : voms-proxy-info -file /tmp/x509up_u93529 -actimeleft
 output : 38822

 error: 
 retcode : 0
DEBUG 2019-07-05 15:56:39,452: 	 Proxy lifetime 38823 secs is different from voms extension lifetime 38822 secs for proxy: /tmp/x509up_u93529
DEBUG 2019-07-05 15:56:39,452: 	 Proxy valid for 10:47:02 hours
DEBUG 2019-07-05 15:56:44,042: 	 Registering user credentials for server /DC=ch/DC=cern/OU=computers/CN=vocms(052|058|030|0118|0105|0109).cern.ch|/DC=ch/DC=cern/OU=computers/CN=crab-(preprod|prod)-tw(02|01).cern.ch
DEBUG 2019-07-05 15:56:44,156: 	 Executing : 
 command : openssl x509 -in ~/.globus/usercert.pem -subject -noout
 output : subject= /DC=ch/DC=cern/OU=Organic Units/OU=Users/CN=xuyan/CN=803661/CN=Xuli Yan

 error: 
 retcode : 0
DEBUG 2019-07-05 15:56:44,157: 	 Getting myproxy life time left for myproxy.cern.ch
DEBUG 2019-07-05 15:56:44,157: 	 Calculating hash of /DC=ch/DC=cern/OU=Organic Units/OU=Users/CN=xuyan/CN=803661/CN=Xuli Yan_cmsweb.cern.ch for credential name
DEBUG 2019-07-05 15:56:44,573: 	 Executing : 
 command : myproxy-info -l b1772a5c240352d6d735b714aa331919d3f56592 -s myproxy.cern.ch
 output : username: b1772a5c240352d6d735b714aa331919d3f56592
owner: /DC=ch/DC=cern/OU=Organic Units/OU=Users/CN=xuyan/CN=803661/CN=Xuli Yan
  renewal policy: /DC=ch/DC=cern/OU=computers/CN=vocms(052|058|030|0118|0105|0109).cern.ch|/DC=ch/DC=cern/OU=computers/CN=crab-(preprod|prod)-tw(02|01).cern.ch
  trusted retrieval policy: /DC=ch/DC=cern/OU=computers/CN=vocms(052|058|030|0118|0105|0109).cern.ch|/DC=ch/DC=cern/OU=computers/CN=crab-(preprod|prod)-tw(02|01).cern.ch
  timeleft: 601:54:56  (25.1 days)

 error: 
 retcode : 0
DEBUG 2019-07-05 15:56:44,576: 	 Myproxy is valid: 2166896
DEBUG 2019-07-05 15:56:44,577: 	 Command use: status
DEBUG 2019-07-05 15:56:44,577: 	 Options use: ['-d', 'crab_jobs_signalJul04/crab_Wgamma949SignalFinal_v3_Jul04/']
DEBUG 2019-07-05 15:56:49,569: 	 CRABClient version: 3.3.1904
DEBUG 2019-07-05 15:56:49,569: 	 Instance is prod
DEBUG 2019-07-05 15:56:49,569: 	 Server base url is cmsweb.cern.ch
DEBUG 2019-07-05 15:56:49,569: 	 Command url /crabserver/prod/workflow
DEBUG 2019-07-05 15:56:53,200: 	 Got information from server oracle database: {u'result': [u'190705_124621:xuyan_crab_Wgamma949SignalFinal_v3_Jul04', u'None', u'None', u'SUBMITTED', u'SUBMIT', u'2019-07-05 12:46:22.077900', u'None', u'2019-07-05 12:47:19.619763', u'None', u'CMSSW_9_4_9', u'slc6_amd64_gcc630', u'/PythiaChargedResonance_WGToJJG_M1600_width5/RunIIFall17MiniAODv2-PU2017_12Apr2018_94X_mc2017_realistic_v14-v1/MINIAODSIM', u'F', u'0', u'[]', u'[]', u'FileBased', u"{'splitOnRun': False, 'halt_job_on_file_boundaries': False, 'files_per_job': 1, 'runs': [], 'lumis': []}", u'498e4c1d4f98645dfcffbdf76b68ade5aac099b3598dc5763d8e47f830f34f41.tar.gz', u'https://cmsweb.cern.ch/crabcache', u'xuyan', u'/DC=ch/DC=cern/OU=Organic Units/OU=Users/CN=xuyan/CN=803661/CN=Xuli Yan', u'cms', u'None', u'None', u'Wgamma949SignalFinal_v3_Jul04-00000000000000000000000000000000', u'F', u'T3_US_Brown', u'https://cmsweb.cern.ch/dbs/prod/global/DBSReader', u'https://cmsweb.cern.ch/dbs/prod/phys03/DBSWriter', u'F', u'[]', u"['flatTuple.root']", u'[]', u'Analysis', u'pythia', u'None', u'{}', u'[]', u'T', u'crab-prod-tw01', u'[]', u'1250', u'1', u'2000', u'10', u'None', u'[]', u'http://vocms0120.cern.ch/mon/cms365/190705_124621:xuyan_crab_Wgamma949SignalFinal_v3_Jul04', u'None', u'[]', u'[]', u'https://cmsweb.cern.ch/crabserver/prod', u'cmsgwms-collector-global.cern.ch:9620,cmssrv221.fnal.gov:9620', u'crab3@vocms0120.cern.ch', u'F', u'[]', u'T', u'/store/user/xuyan/', u'F', u'None', u'F', u'None', u'PythiaChargedResonance_WGToJJG_M1600_width5', u'None', u'a60d00fcbbd69a377e635f19b4a6605de667e5dba0343b4080f855895ccb03b4.tar.gz', u'39223670', u'filetransfers', u'F', u'188.184.31.200', u'0.0', u'None'], u'desc': {u'columns': [u'tm_taskname', u'tm_activity', u'panda_jobset_id', u'tm_task_status', u'tm_task_command', u'tm_start_time', u'tm_start_injection', u'tm_end_injection', u'tm_task_failure', u'tm_job_sw', u'tm_job_arch', u'tm_input_dataset', u'tm_nonvalid_input_dataset', u'tm_use_parent', u'tm_site_whitelist', u'tm_site_blacklist', u'tm_split_algo', u'tm_split_args', u'tm_user_sandbox', u'tm_cache_url', u'tm_username', u'tm_user_dn', u'tm_user_vo', u'tm_user_role', u'tm_user_group', u'tm_publish_name', u'tm_publish_groupname', u'tm_asyncdest', u'tm_dbs_url', u'tm_publish_dbs_url', u'tm_publication', u'tm_outfiles', u'tm_tfile_outfiles', u'tm_edm_outfiles', u'tm_job_type', u'tm_generator', u'tm_events_per_lumi', u'tm_arguments', u'panda_resubmitted_jobs', u'tm_save_logs', u'tw_name', u'tm_user_infiles', u'tm_maxjobruntime', u'tm_numcores', u'tm_maxmemory', u'tm_priority', u'tm_output_dataset', u'tm_task_warnings', u'tm_user_webdir', u'tm_scriptexe', u'tm_scriptargs', u'tm_extrajdl', u'tm_asourl', u'tm_collector', u'tm_schedd', u'tm_dry_run', u'tm_user_files', u'tm_transfer_outputs', u'tm_output_lfn', u'tm_ignore_locality', u'tm_fail_limit', u'tm_one_event_mode', u'tm_secondary_input_dataset', u'tm_primary_dataset', u'tm_last_publication', u'tm_debug_files', u'clusterid', u'tm_asodb', u'tm_ignore_global_blacklist', u'tm_submitter_ip_addr', u'tm_totalunits', u'tm_ddm_reqid']}}
INFO 2019-07-05 15:56:53,203: 	 CRAB project directory:		/afs/cern.ch/work/x/xuyan/work5/DEV/CMSSW_9_4_9/src/VgammaTuplizer/Ntuplizer/crab_jobs_signalJul04/crab_Wgamma949SignalFinal_v3_Jul04
INFO 2019-07-05 15:56:53,203: 	 Task name:			190705_124621:xuyan_crab_Wgamma949SignalFinal_v3_Jul04
INFO 2019-07-05 15:56:53,203: 	 Grid scheduler - Task Worker:	crab3@vocms0120.cern.ch - crab-prod-tw01
INFO 2019-07-05 15:56:53,204: 	 Status on the CRAB server:	SUBMITTED
INFO 2019-07-05 15:56:53,204: 	 Task URL to use for HELP:	https://cmsweb.cern.ch/crabserver/ui/task/190705_124621%3Axuyan_crab_Wgamma949SignalFinal_v3_Jul04
INFO 2019-07-05 15:56:53,204: 	 Dashboard monitoring URL:	http://dashb-cms-job.cern.ch/dashboard/templates/task-analysis/#user=xuyan&refresh=0&table=Jobs&p=1&records=25&activemenu=2&status=&site=&tid=190705_124621%3Axuyan_crab_Wgamma949SignalFinal_v3_Jul04
INFO 2019-07-05 15:56:53,204: 	 New dashboard monitoring URL:	https://monit-grafana.cern.ch/d/cmsTMDetail/cms-task-monitoring-task-view?orgId=11&var-user=xuyan&var-task=190705_124621%3Axuyan_crab_Wgamma949SignalFinal_v3_Jul04
INFO 2019-07-05 15:56:53,204: 	 In case of issues with the new dashboard, please provide feedback to hn-cms-computing-tools@cern.ch
DEBUG 2019-07-05 15:56:53,204: 	 The CRAB server submitted your task to the Grid scheduler (cluster ID: 39223670)
DEBUG 2019-07-05 15:56:53,204: 	 Webdir is located at http://vocms0120.cern.ch/mon/cms365/190705_124621:xuyan_crab_Wgamma949SignalFinal_v3_Jul04
DEBUG 2019-07-05 15:56:56,796: 	 Proxied webdir is located at https://cmsweb.cern.ch/scheddmon/0120/cms365/190705_124621:xuyan_crab_Wgamma949SignalFinal_v3_Jul04
DEBUG 2019-07-05 15:56:56,796: 	 Retrieving 'status_cache' file from https://cmsweb.cern.ch/scheddmon/0120/cms365/190705_124621:xuyan_crab_Wgamma949SignalFinal_v3_Jul04/status_cache
DEBUG 2019-07-05 15:56:59,368: 	 Got information from status cache file: {'1': {'Retries': 0, 'WallDurations': [10.0, 567.0], 'StartTimes': [1562331316.0], 'SubmitTimes': [1562330853.0], 'JobIds': ['39223673.0'], 'EndTimes': [1562331883.0], 'Restarts': 0, 'RecordedSite': True, 'State': 'finished', 'ResidentSetSize': [1247564], 'TotalUserCpuTimeHistory': [431], 'SiteHistory': ['Unknown', 'T2_US_Florida'], 'TotalSysCpuTimeHistory': [4]}, '3': {'Retries': 1, 'WallDurations': [9.0, 648.0, 8.0, 308.0], 'StartTimes': [1562331321.0, 1562334343.0], 'SubmitTimes': [1562330853.0, 1562333837.0], 'JobIds': ['39223675.0', '39226927.0'], 'EndTimes': [1562331969.0], 'Restarts': 0, 'RecordedSite': True, 'State': 'running', 'ResidentSetSize': [1249968, 831380], 'TotalUserCpuTimeHistory': [433, 228.0], 'SiteHistory': ['Unknown', 'T2_US_Florida', 'Unknown', 'T2_US_Vanderbilt'], 'TotalSysCpuTimeHistory': [4, 7.0]}, '2': {'Retries': 0, 'WallDurations': [9.0, 1028.0], 'StartTimes': [1562331332.0], 'SubmitTimes': [1562330854.0], 'JobIds': ['39223676.0'], 'EndTimes': [1562332360.0], 'Restarts': 0, 'RecordedSite': True, 'State': 'finished', 'ResidentSetSize': [1248388], 'TotalUserCpuTimeHistory': [768], 'SiteHistory': ['Unknown', 'T2_US_Florida'], 'TotalSysCpuTimeHistory': [10]}, '4': {'Retries': 0, 'WallDurations': [9.0, 1801.0], 'StartTimes': [1562331342.0], 'SubmitTimes': [1562330853.0], 'JobIds': ['39223674.0'], 'EndTimes': [1562333143.0], 'Restarts': 0, 'RecordedSite': True, 'State': 'transferring', 'ResidentSetSize': [1252400], 'TotalUserCpuTimeHistory': [1519], 'SiteHistory': ['Unknown', 'T2_US_Florida'], 'TotalSysCpuTimeHistory': [18]}}
INFO 2019-07-05 15:56:59,368: 	 Status on the scheduler:	SUBMITTED
INFO 2019-07-05 15:56:59,368: 	 
Jobs status:                    finished     		 50.0% (2/4)
INFO 2019-07-05 15:56:59,368: 	 				running      		 25.0% (1/4)
INFO 2019-07-05 15:56:59,368: 	 				transferring 		 25.0% (1/4)
INFO 2019-07-05 15:56:59,368: 	 
No publication information (publication has been disabled in the CRAB configuration file)
INFO 2019-07-05 15:56:59,369: 	 
Warning: the max jobs runtime is less than 30% of the task requested value (1250 min), please consider to request a lower value for failed jobs (allowed through crab resubmit) and/or improve the jobs splitting (e.g. config.Data.splitting = 'Automatic') in a new task.
INFO 2019-07-05 15:56:59,369: 	 
Summary of run jobs:
 * Memory: 811MB min, 1223MB max, 1220MB ave
 * Runtime: 0:05:08 min, 0:30:01 max, 0:18:52 ave
 * CPU eff: 76% min, 85% max, 81% ave
 * Waste: 0:00:28 (1% of total)

INFO 2019-07-05 15:56:59,426: 	 Log file is /afs/cern.ch/work/x/xuyan/work5/DEV/CMSSW_9_4_9/src/VgammaTuplizer/Ntuplizer/crab_jobs_signalJul04/crab_Wgamma949SignalFinal_v3_Jul04/crab.log
