 process source filenames cms.Source("PoolSource",
    fileNames = cms.untracked.vstring('/store/mc/RunIIFall17MiniAODv2/PythiaChargedResonance_WGToJJG_M1600_width5/MINIAODSIM/PU2017_12Apr2018_94X_mc2017_realistic_v14-v1/100000/B45E79A3-9432-E911-8FF5-AC1F6B0DE294.root', 
        '/store/mc/RunIIFall17MiniAODv2/PythiaChargedResonance_WGToJJG_M1600_width5/MINIAODSIM/PU2017_12Apr2018_94X_mc2017_realistic_v14-v1/10000/4C1BB0B2-B12A-E911-BCA9-90B11C443C96.root', 
        '/store/mc/RunIIFall17MiniAODv2/PythiaChargedResonance_WGToJJG_M1600_width5/MINIAODSIM/PU2017_12Apr2018_94X_mc2017_realistic_v14-v1/10000/282884EF-B22A-E911-861D-00259090829A.root', 
        '/store/mc/RunIIFall17MiniAODv2/PythiaChargedResonance_WGToJJG_M1600_width5/MINIAODSIM/PU2017_12Apr2018_94X_mc2017_realistic_v14-v1/10000/8AA76743-B32A-E911-98E2-24BE05CEEC21.root')
)

RECLUSTERING PUPPI with latest tune from CMSSW_8_0_20
*************************************** GLOBAL TAG *************************************************
94X_mc2017_realistic_v17
****************************************************************************************************
jec unc file for ak8  JEC/Fall17_17Nov2017_V32_MC_Uncertainty_AK8PFPuppi.txt
doing corrections to jets on th fly True, to met on the fly False
>>>>>>>>>>>>>>>>>>>>>>>>>>>>>>>>>>>>>>>>>>>>>>>>
>>>>>>>>>>>>>>>>>>>>>>>>>>>>>>>>>>>>>>>>>>>>>>>>
Fatjet Collection:  slimmedJetsAK8
PuppiJet Collection:  packedJetsAk8PuppiJets
>>>>>>>>>>>>>>>>>>>>>>>>>>>>>>>>>>>>>>>>>>>>>>>>
>>>>>>>>>>>>>>>>>>>>>>>>>>>>>>>>>>>>>>>>>>>>>>>>
LoadMVA_WPs_run2_2017: performed::::
ak8GenJets, NjettinessGenAK8, genParticlesForJets, ak8GenJetsPruned, ak8GenJetsSoftDrop, ak8GenJetsPrunedMass, ak8GenJetsSoftDropMass, genJetsAK8, selectedGenJetsAK8, patJetsAk8PuppiJets, selectedPatJetsAk8PuppiJets, patJetPartonMatchAk8PuppiJets, patJetGenJetMatchAk8PuppiJets, patJetPartonsLegacy, patJetPartonAssociationLegacyAk8PuppiJets, patJetFlavourAssociationLegacyAk8PuppiJets, patJetPartons, patJetFlavourAssociationAk8PuppiJets, pfImpactParameterTagInfosAk8PuppiJets, pfInclusiveSecondaryVertexFinderTagInfosAk8PuppiJets, pfDeepCSVTagInfosAk8PuppiJets, pfBoostedDoubleSVAK8TagInfosAk8PuppiJets, pfImpactParameterAK8TagInfosAk8PuppiJets, pfInclusiveSecondaryVertexFinderAK8TagInfosAk8PuppiJets, pfCombinedInclusiveSecondaryVertexV2BJetTagsAk8PuppiJets, pfDeepCSVJetTagsAk8PuppiJets, pfBoostedDoubleSecondaryVertexAK8BJetTagsAk8PuppiJets, pfDeepCSVDiscriminatorsJetTagsAk8PuppiJets, patJetCorrFactorsAk8PuppiJets, patJetsAk8PuppiJetsSoftDrop, selectedPatJetsAk8PuppiJetsSoftDrop, patJetPartonMatchAk8PuppiJetsSoftDrop, patJetGenJetMatchAk8PuppiJetsSoftDrop, patJetPartonAssociationLegacyAk8PuppiJetsSoftDrop, patJetFlavourAssociationLegacyAk8PuppiJetsSoftDrop, patJetFlavourAssociationAk8PuppiJetsSoftDrop, pfImpactParameterTagInfosAk8PuppiJetsSoftDrop, pfInclusiveSecondaryVertexFinderTagInfosAk8PuppiJetsSoftDrop, pfDeepCSVTagInfosAk8PuppiJetsSoftDrop, pfBoostedDoubleSVAK8TagInfosAk8PuppiJetsSoftDrop, pfImpactParameterAK8TagInfosAk8PuppiJetsSoftDrop, pfInclusiveSecondaryVertexFinderAK8TagInfosAk8PuppiJetsSoftDrop, pfCombinedInclusiveSecondaryVertexV2BJetTagsAk8PuppiJetsSoftDrop, pfDeepCSVJetTagsAk8PuppiJetsSoftDrop, pfBoostedDoubleSecondaryVertexAK8BJetTagsAk8PuppiJetsSoftDrop, pfDeepCSVDiscriminatorsJetTagsAk8PuppiJetsSoftDrop, patJetCorrFactorsAk8PuppiJetsSoftDrop, patJetsAk8PuppiJetsSoftDropSubjets, selectedPatJetsAk8PuppiJetsSoftDropSubjets, patJetPartonMatchAk8PuppiJetsSoftDropSubjets, patJetGenJetMatchAk8PuppiJetsSoftDropSubjets, patJetPartonAssociationLegacyAk8PuppiJetsSoftDropSubjets, patJetFlavourAssociationLegacyAk8PuppiJetsSoftDropSubjets, patJetFlavourAssociationAk8PuppiJetsSoftDropSubjets, pfImpactParameterTagInfosAk8PuppiJetsSoftDropSubjets, pfInclusiveSecondaryVertexFinderTagInfosAk8PuppiJetsSoftDropSubjets, pfDeepCSVTagInfosAk8PuppiJetsSoftDropSubjets, pfBoostedDoubleSVAK8TagInfosAk8PuppiJetsSoftDropSubjets, pfImpactParameterAK8TagInfosAk8PuppiJetsSoftDropSubjets, pfInclusiveSecondaryVertexFinderAK8TagInfosAk8PuppiJetsSoftDropSubjets, pfCombinedInclusiveSecondaryVertexV2BJetTagsAk8PuppiJetsSoftDropSubjets, pfDeepCSVJetTagsAk8PuppiJetsSoftDropSubjets, pfBoostedDoubleSecondaryVertexAK8BJetTagsAk8PuppiJetsSoftDropSubjets, pfDeepCSVDiscriminatorsJetTagsAk8PuppiJetsSoftDropSubjets, patJetCorrFactorsAk8PuppiJetsSoftDropSubjets, patJetsAk8PuppiJetsPruned, selectedPatJetsAk8PuppiJetsPruned, patJetPartonMatchAk8PuppiJetsPruned, patJetGenJetMatchAk8PuppiJetsPruned, patJetPartonAssociationLegacyAk8PuppiJetsPruned, patJetFlavourAssociationLegacyAk8PuppiJetsPruned, patJetFlavourAssociationAk8PuppiJetsPruned, pfImpactParameterTagInfosAk8PuppiJetsPruned, pfInclusiveSecondaryVertexFinderTagInfosAk8PuppiJetsPruned, pfDeepCSVTagInfosAk8PuppiJetsPruned, pfBoostedDoubleSVAK8TagInfosAk8PuppiJetsPruned, pfImpactParameterAK8TagInfosAk8PuppiJetsPruned, pfInclusiveSecondaryVertexFinderAK8TagInfosAk8PuppiJetsPruned, pfCombinedInclusiveSecondaryVertexV2BJetTagsAk8PuppiJetsPruned, pfDeepCSVJetTagsAk8PuppiJetsPruned, pfBoostedDoubleSecondaryVertexAK8BJetTagsAk8PuppiJetsPruned, pfDeepCSVDiscriminatorsJetTagsAk8PuppiJetsPruned, patJetCorrFactorsAk8PuppiJetsPruned, patJetsAk8PuppiJetsPrunedSubjets, selectedPatJetsAk8PuppiJetsPrunedSubjets, patJetPartonMatchAk8PuppiJetsPrunedSubjets, patJetGenJetMatchAk8PuppiJetsPrunedSubjets, patJetPartonAssociationLegacyAk8PuppiJetsPrunedSubjets, patJetFlavourAssociationLegacyAk8PuppiJetsPrunedSubjets, patJetFlavourAssociationAk8PuppiJetsPrunedSubjets, pfImpactParameterTagInfosAk8PuppiJetsPrunedSubjets, pfInclusiveSecondaryVertexFinderTagInfosAk8PuppiJetsPrunedSubjets, pfDeepCSVTagInfosAk8PuppiJetsPrunedSubjets, pfBoostedDoubleSVAK8TagInfosAk8PuppiJetsPrunedSubjets, pfImpactParameterAK8TagInfosAk8PuppiJetsPrunedSubjets, pfInclusiveSecondaryVertexFinderAK8TagInfosAk8PuppiJetsPrunedSubjets, pfCombinedInclusiveSecondaryVertexV2BJetTagsAk8PuppiJetsPrunedSubjets, pfDeepCSVJetTagsAk8PuppiJetsPrunedSubjets, pfBoostedDoubleSecondaryVertexAK8BJetTagsAk8PuppiJetsPrunedSubjets, pfDeepCSVDiscriminatorsJetTagsAk8PuppiJetsPrunedSubjets, patJetCorrFactorsAk8PuppiJetsPrunedSubjets, electronMVAVariableHelper, electronMVAValueMapProducer, egmGsfElectronIDs, electronRegressionValueMapProducer, heepIDVarValueMaps
DEBUG 2019-07-06 11:02:31,371: 	 Executing command: 'submit'
DEBUG 2019-07-06 11:02:31,373: 	 Found CRAB cache file /afs/cern.ch/user/x/xuyan/.crab3
DEBUG 2019-07-06 11:02:31,385: 	 Checking credentials
DEBUG 2019-07-06 11:02:31,386: 	 Found proxy file /tmp/x509up_u93529
DEBUG 2019-07-06 11:02:31,386: 	 Getting proxy life time left
DEBUG 2019-07-06 11:02:32,291: 	 Executing : 
 command : voms-proxy-info -file /tmp/x509up_u93529 -timeleft
 output : 42715

 error: 
 retcode : 0
DEBUG 2019-07-06 11:02:33,100: 	 Executing : 
 command : voms-proxy-info -file /tmp/x509up_u93529 -actimeleft
 output : 42714

 error: 
 retcode : 0
DEBUG 2019-07-06 11:02:33,100: 	 Proxy lifetime 42715 secs is different from voms extension lifetime 42714 secs for proxy: /tmp/x509up_u93529
DEBUG 2019-07-06 11:02:33,100: 	 Proxy valid for 11:51:54 hours
INFO 2019-07-06 11:02:33,101: 	 Will use CRAB configuration file crabconfigs/crab_Signal.py
DEBUG 2019-07-06 11:02:33,101: 	 Loading CRAB configuration file.
DEBUG 2019-07-06 11:02:36,493: 	 Will use CRAB Analysis plugin (i.e. will run an analysis job type).
DEBUG 2019-07-06 11:02:36,621: 	 Executing : 
 command : openssl x509 -in ~/.globus/usercert.pem -subject -noout
 output : subject= /DC=ch/DC=cern/OU=Organic Units/OU=Users/CN=xuyan/CN=803661/CN=Xuli Yan

 error: 
 retcode : 0
DEBUG 2019-07-06 11:02:36,621: 	 Checking credentials
DEBUG 2019-07-06 11:02:36,622: 	 Found proxy file /tmp/x509up_u93529
DEBUG 2019-07-06 11:02:36,622: 	 Getting proxy life time left
DEBUG 2019-07-06 11:02:37,334: 	 Executing : 
 command : voms-proxy-info -file /tmp/x509up_u93529 -timeleft
 output : 42710

 error: 
 retcode : 0
DEBUG 2019-07-06 11:02:38,041: 	 Executing : 
 command : voms-proxy-info -file /tmp/x509up_u93529 -actimeleft
 output : 42709

 error: 
 retcode : 0
DEBUG 2019-07-06 11:02:38,041: 	 Proxy lifetime 42710 secs is different from voms extension lifetime 42709 secs for proxy: /tmp/x509up_u93529
DEBUG 2019-07-06 11:02:38,041: 	 Proxy valid for 11:51:49 hours
DEBUG 2019-07-06 11:02:38,746: 	 Executing : 
 command : env X509_USER_PROXY=/tmp/x509up_u93529 voms-proxy-info -fqan
 output : /cms/Role=NULL/Capability=NULL

 error: 
 retcode : 0
DEBUG 2019-07-06 11:02:38,944: 	 Registering user credentials for server /DC=ch/DC=cern/OU=computers/CN=vocms(052|058|030|0118|0105|0109).cern.ch|/DC=ch/DC=cern/OU=computers/CN=crab-(preprod|prod)-tw(02|01).cern.ch
DEBUG 2019-07-06 11:02:39,057: 	 Executing : 
 command : openssl x509 -in ~/.globus/usercert.pem -subject -noout
 output : subject= /DC=ch/DC=cern/OU=Organic Units/OU=Users/CN=xuyan/CN=803661/CN=Xuli Yan

 error: 
 retcode : 0
DEBUG 2019-07-06 11:02:39,057: 	 Getting myproxy life time left for myproxy.cern.ch
DEBUG 2019-07-06 11:02:39,058: 	 Calculating hash of /DC=ch/DC=cern/OU=Organic Units/OU=Users/CN=xuyan/CN=803661/CN=Xuli Yan_cmsweb.cern.ch for credential name
DEBUG 2019-07-06 11:02:39,363: 	 Executing : 
 command : myproxy-info -l b1772a5c240352d6d735b714aa331919d3f56592 -s myproxy.cern.ch
 output : username: b1772a5c240352d6d735b714aa331919d3f56592
owner: /DC=ch/DC=cern/OU=Organic Units/OU=Users/CN=xuyan/CN=803661/CN=Xuli Yan
  renewal policy: /DC=ch/DC=cern/OU=computers/CN=vocms(052|058|030|0118|0105|0109).cern.ch|/DC=ch/DC=cern/OU=computers/CN=crab-(preprod|prod)-tw(02|01).cern.ch
  trusted retrieval policy: /DC=ch/DC=cern/OU=computers/CN=vocms(052|058|030|0118|0105|0109).cern.ch|/DC=ch/DC=cern/OU=computers/CN=crab-(preprod|prod)-tw(02|01).cern.ch
  timeleft: 582:49:01  (24.3 days)

 error: 
 retcode : 0
DEBUG 2019-07-06 11:02:39,364: 	 Myproxy is valid: 2098141
DEBUG 2019-07-06 11:02:39,364: 	 Command use: submit
DEBUG 2019-07-06 11:02:39,364: 	 Options use: ['-c', 'crabconfigs/crab_Signal.py']
DEBUG 2019-07-06 11:02:39,488: 	 CRABClient version: 3.3.1904
DEBUG 2019-07-06 11:02:39,489: 	 Instance is prod
DEBUG 2019-07-06 11:02:39,489: 	 Server base url is cmsweb.cern.ch
DEBUG 2019-07-06 11:02:39,489: 	 Command url /crabserver/prod/workflow
DEBUG 2019-07-06 11:02:39,489: 	 Started submission
DEBUG 2019-07-06 11:02:39,489: 	 Working on /afs/cern.ch/work/x/xuyan/work5/DEV/CMSSW_9_4_9/src/VgammaTuplizer/Ntuplizer/crab_jobs_signalJul06/crab_Wgamma949SignalFinal_v6_Jul06
DEBUG 2019-07-06 11:02:39,719: 	 Loading required information from the environment
DEBUG 2019-07-06 11:02:39,719: 	 Found CMSSW_9_4_9 for slc6_amd64_gcc630 with base /afs/cern.ch/work/x/xuyan/work5/DEV/CMSSW_9_4_9
DEBUG 2019-07-06 11:02:39,719: 	 Loading required information from the environment
DEBUG 2019-07-06 11:02:39,720: 	 Found CMSSW_9_4_9 for slc6_amd64_gcc630 with base /afs/cern.ch/work/x/xuyan/work5/DEV/CMSSW_9_4_9
DEBUG 2019-07-06 11:02:39,741: 	 UNIQUE NAME: tarUUID bf78f237-459a-47d8-941e-f51bf123541f 
DEBUG 2019-07-06 11:02:39,742: 	 self.config: from WMCore.Configuration import Configuration
config = Configuration()
config.section_('General')
config.General.transferLogs = True
config.General.transferOutputs = True
config.General.workArea = 'crab_jobs_signalJul06'
config.General.requestName = 'Wgamma949SignalFinal_v6_Jul06'
config.section_('JobType')
config.JobType.psetName = 'config_generic.py'
config.JobType.pluginName = 'Analysis'
config.JobType.sendExternalFolder = True
config.section_('Data')
config.Data.inputDataset = '/PythiaChargedResonance_WGToJJG_M1600_width5/RunIIFall17MiniAODv2-PU2017_12Apr2018_94X_mc2017_realistic_v14-v1/MINIAODSIM'
config.Data.outputDatasetTag = 'Wgamma949SignalFinal_v6_Jul06'
config.Data.publication = False
config.Data.unitsPerJob = 1
config.Data.inputDBS = 'global'
config.Data.splitting = 'FileBased'
config.Data.outLFNDirBase = '/store/user/xuyan/'
config.section_('Site')
config.Site.storageSite = 'T3_US_Brown'
config.section_('User')
config.section_('Debug')

DEBUG 2019-07-06 11:02:39,742: 	 self.config.JobType.psetName: config_generic.py
INFO 2019-07-06 11:02:39,742: 	 Importing CMSSW configuration config_generic.py
INFO 2019-07-06 11:02:41,616: 	 Finished importing CMSSW configuration config_generic.py
DEBUG 2019-07-06 11:02:41,616: 	 Writing CMSSW configuration to /afs/cern.ch/work/x/xuyan/work5/DEV/CMSSW_9_4_9/src/VgammaTuplizer/Ntuplizer/crab_jobs_signalJul06/crab_Wgamma949SignalFinal_v6_Jul06/inputs/PSet.py
DEBUG 2019-07-06 11:02:42,212: 	 The following EDM output files will be collected: []
DEBUG 2019-07-06 11:02:42,212: 	 The following TFile output files will be collected: ['flatTuple.root']
DEBUG 2019-07-06 11:02:42,212: 	 The following user output files will be collected: []
DEBUG 2019-07-06 11:02:42,212: 	 Loading required information from the environment
DEBUG 2019-07-06 11:02:42,212: 	 Found CMSSW_9_4_9 for slc6_amd64_gcc630 with base /afs/cern.ch/work/x/xuyan/work5/DEV/CMSSW_9_4_9
DEBUG 2019-07-06 11:02:42,213: 	 Making tarball in /afs/cern.ch/work/x/xuyan/work5/DEV/CMSSW_9_4_9/src/VgammaTuplizer/Ntuplizer/crab_jobs_signalJul06/crab_Wgamma949SignalFinal_v6_Jul06/inputs/bf78f237-459a-47d8-941e-f51bf123541fdefault.tgz
DEBUG 2019-07-06 11:02:42,267: 	 Checking directory /afs/cern.ch/work/x/xuyan/work5/DEV/CMSSW_9_4_9/lib
DEBUG 2019-07-06 11:02:42,267: 	 Adding directory /afs/cern.ch/work/x/xuyan/work5/DEV/CMSSW_9_4_9/lib to tarball
DEBUG 2019-07-06 11:02:46,902: 	 Checking directory /afs/cern.ch/work/x/xuyan/work5/DEV/CMSSW_9_4_9/biglib
DEBUG 2019-07-06 11:02:46,902: 	 Adding directory /afs/cern.ch/work/x/xuyan/work5/DEV/CMSSW_9_4_9/biglib to tarball
DEBUG 2019-07-06 11:02:46,903: 	 Checking directory /afs/cern.ch/work/x/xuyan/work5/DEV/CMSSW_9_4_9/module
DEBUG 2019-07-06 11:02:46,903: 	 Checking directory /afs/cern.ch/work/x/xuyan/work5/DEV/CMSSW_9_4_9/external
DEBUG 2019-07-06 11:02:46,903: 	 Adding directory /afs/cern.ch/work/x/xuyan/work5/DEV/CMSSW_9_4_9/external to tarball
DEBUG 2019-07-06 11:02:48,671: 	 Adding data directory /afs/cern.ch/work/x/xuyan/work5/DEV/CMSSW_9_4_9/src/DQMOffline/Trigger/data to tarball
DEBUG 2019-07-06 11:02:48,723: 	 Adding data directory /afs/cern.ch/work/x/xuyan/work5/DEV/CMSSW_9_4_9/src/DQMOffline/Trigger/interface to tarball
DEBUG 2019-07-06 11:02:48,921: 	 Adding data directory /afs/cern.ch/work/x/xuyan/work5/DEV/CMSSW_9_4_9/src/PhysicsTools/NanoAOD/interface to tarball
DEBUG 2019-07-06 11:02:48,950: 	 Adding data directory /afs/cern.ch/work/x/xuyan/work5/DEV/CMSSW_9_4_9/src/PhysicsTools/PatAlgos/interface to tarball
DEBUG 2019-07-06 11:02:49,032: 	 Adding data directory /afs/cern.ch/work/x/xuyan/work5/DEV/CMSSW_9_4_9/src/PhysicsTools/SelectorUtils/interface to tarball
DEBUG 2019-07-06 11:02:49,216: 	 Adding data directory /afs/cern.ch/work/x/xuyan/work5/DEV/CMSSW_9_4_9/src/VgammaTuplizer/Ntuplizer/interface to tarball
DEBUG 2019-07-06 11:02:49,401: 	 Adding data directory /afs/cern.ch/work/x/xuyan/work5/DEV/CMSSW_9_4_9/src/VgammaTuplizer/Ntuplizer/data to tarball
DEBUG 2019-07-06 11:03:30,845: 	 Adding data directory /afs/cern.ch/work/x/xuyan/work5/DEV/CMSSW_9_4_9/src/RecoEgamma/EgammaTools/data to tarball
DEBUG 2019-07-06 11:03:31,015: 	 Adding data directory /afs/cern.ch/work/x/xuyan/work5/DEV/CMSSW_9_4_9/src/RecoEgamma/EgammaTools/interface to tarball
DEBUG 2019-07-06 11:03:31,115: 	 Adding data directory /afs/cern.ch/work/x/xuyan/work5/DEV/CMSSW_9_4_9/src/RecoEgamma/ElectronIdentification/data to tarball
DEBUG 2019-07-06 11:03:37,615: 	 Adding data directory /afs/cern.ch/work/x/xuyan/work5/DEV/CMSSW_9_4_9/src/RecoEgamma/ElectronIdentification/interface to tarball
DEBUG 2019-07-06 11:03:37,703: 	 Adding data directory /afs/cern.ch/work/x/xuyan/work5/DEV/CMSSW_9_4_9/src/RecoEgamma/PhotonIdentification/data to tarball
DEBUG 2019-07-06 11:03:43,777: 	 Adding data directory /afs/cern.ch/work/x/xuyan/work5/DEV/CMSSW_9_4_9/src/RecoEgamma/PhotonIdentification/interface to tarball
DEBUG 2019-07-06 11:03:44,006: 	 Adding data directory /afs/cern.ch/work/x/xuyan/work5/DEV/CMSSW_9_4_9/src/RecoEgamma/EgammaElectronAlgos/interface to tarball
DEBUG 2019-07-06 11:03:44,060: 	 Adding data directory /afs/cern.ch/work/x/xuyan/work5/DEV/CMSSW_9_4_9/src/RecoParticleFlow/PFProducer/data to tarball
DEBUG 2019-07-06 11:03:44,063: 	 Adding data directory /afs/cern.ch/work/x/xuyan/work5/DEV/CMSSW_9_4_9/src/RecoParticleFlow/PFProducer/interface to tarball
DEBUG 2019-07-06 11:03:44,233: 	 Adding data directory /afs/cern.ch/work/x/xuyan/work5/DEV/CMSSW_9_4_9/src/WGammaAnalyzer/Selection/data to tarball
DEBUG 2019-07-06 11:03:44,336: 	 Adding data directory /afs/cern.ch/work/x/xuyan/work5/DEV/CMSSW_9_4_9/src/WGammaAnalyzer/Utils/interface to tarball
DEBUG 2019-07-06 11:03:45,367: 	 Uploading archive /afs/cern.ch/work/x/xuyan/work5/DEV/CMSSW_9_4_9/src/VgammaTuplizer/Ntuplizer/crab_jobs_signalJul06/crab_Wgamma949SignalFinal_v6_Jul06/inputs/bf78f237-459a-47d8-941e-f51bf123541fdefault.tgz (79 MB) to the CRAB cache. Using URI https://cmsweb.cern.ch/crabcache
DEBUG 2019-07-06 11:04:46,442: 	 Loading required information from the environment
DEBUG 2019-07-06 11:04:46,443: 	 Found CMSSW_9_4_9 for slc6_amd64_gcc630 with base /afs/cern.ch/work/x/xuyan/work5/DEV/CMSSW_9_4_9
DEBUG 2019-07-06 11:04:46,443: 	 Making tarball in /afs/cern.ch/work/x/xuyan/work5/DEV/CMSSW_9_4_9/src/VgammaTuplizer/Ntuplizer/crab_jobs_signalJul06/crab_Wgamma949SignalFinal_v6_Jul06/inputs/debugFiles.tgz
DEBUG 2019-07-06 11:04:46,486: 	 Uploading archive /afs/cern.ch/work/x/xuyan/work5/DEV/CMSSW_9_4_9/src/VgammaTuplizer/Ntuplizer/crab_jobs_signalJul06/crab_Wgamma949SignalFinal_v6_Jul06/inputs/debugFiles.tgz (14 KB) to the CRAB cache. Using URI https://cmsweb.cern.ch/crabcache
DEBUG 2019-07-06 11:04:46,707: 	 Result uploading input files: d197bc4632510062cea8a563387a642460c014429f79ba1baa333aa01c3de9fa.tar.gz 
INFO 2019-07-06 11:04:46,708: 	 Sending the request to the server
DEBUG 2019-07-06 11:04:46,708: 	 Submitting {'maxjobruntime': 1250, 'extrajdl': [], 'ignorelocality': 0, 'savelogsflag': 1, 'useparent': 0, 'asyncdest': 'T3_US_Brown', 'algoargs': 1, 'cachefilename': 'd197bc4632510062cea8a563387a642460c014429f79ba1baa333aa01c3de9fa.tar.gz', 'numcores': 1, 'addoutputfiles': [], 'generator': 'pythia', 'maxmemory': 2000, 'publishdbsurl': 'https://cmsweb.cern.ch/dbs/prod/phys03/DBSWriter', 'priority': 10, 'jobsw': 'CMSSW_9_4_9', 'edmoutfiles': [], 'userfiles': [], 'primarydataset': '', 'inputdata': '/PythiaChargedResonance_WGToJJG_M1600_width5/RunIIFall17MiniAODv2-PU2017_12Apr2018_94X_mc2017_realistic_v14-v1/MINIAODSIM', 'lfn': '/store/user/xuyan/', 'dryrun': 0, 'workflow': 'crab_Wgamma949SignalFinal_v6_Jul06', 'cacheurl': u'https://cmsweb.cern.ch/crabcache', 'nonprodsw': 0, 'tfileoutfiles': ['flatTuple.root'], 'oneEventMode': 0, 'debugfilename': 'cfb1482ec41965b068f8dddf8790b995ecb29970de742ef45742e2ef622b196a.tar.gz', 'saveoutput': 1, 'publication': 0, 'jobarch': 'slc6_amd64_gcc630', 'totalunits': 0, 'splitalgo': 'FileBased', 'ignoreglobalblacklist': 0, 'nonvaliddata': 0, 'dbsurl': 'https://cmsweb.cern.ch/dbs/prod/global/DBSReader', 'publishgroupname': 0, 'jobtype': 'Analysis', 'publishname2': 'Wgamma949SignalFinal_v6_Jul06'} 
DEBUG 2019-07-06 11:04:46,708: 	 Encoded submit request: maxjobruntime=1250&ignorelocality=0&savelogsflag=1&useparent=0&asyncdest=T3_US_Brown&algoargs=1&cachefilename=d197bc4632510062cea8a563387a642460c014429f79ba1baa333aa01c3de9fa.tar.gz&numcores=1&generator=pythia&maxmemory=2000&publishdbsurl=https%3A%2F%2Fcmsweb.cern.ch%2Fdbs%2Fprod%2Fphys03%2FDBSWriter&priority=10&jobsw=CMSSW_9_4_9&primarydataset=&inputdata=%2FPythiaChargedResonance_WGToJJG_M1600_width5%2FRunIIFall17MiniAODv2-PU2017_12Apr2018_94X_mc2017_realistic_v14-v1%2FMINIAODSIM&lfn=%2Fstore%2Fuser%2Fxuyan%2F&dryrun=0&workflow=crab_Wgamma949SignalFinal_v6_Jul06&cacheurl=https%3A%2F%2Fcmsweb.cern.ch%2Fcrabcache&nonprodsw=0&oneEventMode=0&debugfilename=cfb1482ec41965b068f8dddf8790b995ecb29970de742ef45742e2ef622b196a.tar.gz&saveoutput=1&publication=0&jobarch=slc6_amd64_gcc630&totalunits=0&splitalgo=FileBased&ignoreglobalblacklist=0&nonvaliddata=0&dbsurl=https%3A%2F%2Fcmsweb.cern.ch%2Fdbs%2Fprod%2Fglobal%2FDBSReader&publishgroupname=0&jobtype=Analysis&publishname2=Wgamma949SignalFinal_v6_Jul06&tfileoutfiles=flatTuple.root
DEBUG 2019-07-06 11:04:47,270: 	 Result: {u'result': [{u'RequestName': u'190706_090446:xuyan_crab_Wgamma949SignalFinal_v6_Jul06'}]}
INFO 2019-07-06 11:04:47,272: 	 Success: Your task has been delivered to the CRAB3 server.
INFO 2019-07-06 11:04:47,273: 	 Task name: 190706_090446:xuyan_crab_Wgamma949SignalFinal_v6_Jul06
INFO 2019-07-06 11:04:47,273: 	 Project dir: crab_jobs_signalJul06/crab_Wgamma949SignalFinal_v6_Jul06
INFO 2019-07-06 11:04:47,273: 	 Please use 'crab status -d crab_jobs_signalJul06/crab_Wgamma949SignalFinal_v6_Jul06' to check how the submission process proceeds.
DEBUG 2019-07-06 11:04:47,274: 	 About to return
INFO 2019-07-06 11:04:47,279: 	 Log file is /afs/cern.ch/work/x/xuyan/work5/DEV/CMSSW_9_4_9/src/VgammaTuplizer/Ntuplizer/crab_jobs_signalJul06/crab_Wgamma949SignalFinal_v6_Jul06/crab.log
DEBUG 2019-07-06 11:17:16,754: 	 Executing command: 'status'
DEBUG 2019-07-06 11:17:16,754: 	 Found CRAB cache file /afs/cern.ch/user/x/xuyan/.crab3
DEBUG 2019-07-06 11:17:16,767: 	 Checking credentials
DEBUG 2019-07-06 11:17:16,768: 	 Found proxy file /tmp/x509up_u93529
DEBUG 2019-07-06 11:17:16,768: 	 Getting proxy life time left
DEBUG 2019-07-06 11:17:17,675: 	 Executing : 
 command : voms-proxy-info -file /tmp/x509up_u93529 -timeleft
 output : 41830

 error: 
 retcode : 0
DEBUG 2019-07-06 11:17:18,481: 	 Executing : 
 command : voms-proxy-info -file /tmp/x509up_u93529 -actimeleft
 output : 41829

 error: 
 retcode : 0
DEBUG 2019-07-06 11:17:18,481: 	 Proxy lifetime 41830 secs is different from voms extension lifetime 41829 secs for proxy: /tmp/x509up_u93529
DEBUG 2019-07-06 11:17:18,481: 	 Proxy valid for 11:37:09 hours
DEBUG 2019-07-06 11:17:18,602: 	 Executing : 
 command : openssl x509 -in ~/.globus/usercert.pem -subject -noout
 output : subject= /DC=ch/DC=cern/OU=Organic Units/OU=Users/CN=xuyan/CN=803661/CN=Xuli Yan

 error: 
 retcode : 0
DEBUG 2019-07-06 11:17:18,602: 	 Checking credentials
DEBUG 2019-07-06 11:17:18,604: 	 Found proxy file /tmp/x509up_u93529
DEBUG 2019-07-06 11:17:18,604: 	 Getting proxy life time left
DEBUG 2019-07-06 11:17:19,311: 	 Executing : 
 command : voms-proxy-info -file /tmp/x509up_u93529 -timeleft
 output : 41828

 error: 
 retcode : 0
ERROR 2019-07-06 11:17:19,598: 	 Keyboard Interrupted
DEBUG 2019-07-06 11:17:23,125: 	 Executing command: 'status'
DEBUG 2019-07-06 11:17:23,125: 	 Found CRAB cache file /afs/cern.ch/user/x/xuyan/.crab3
DEBUG 2019-07-06 11:17:23,134: 	 Checking credentials
DEBUG 2019-07-06 11:17:23,135: 	 Found proxy file /tmp/x509up_u93529
DEBUG 2019-07-06 11:17:23,135: 	 Getting proxy life time left
DEBUG 2019-07-06 11:17:23,945: 	 Executing : 
 command : voms-proxy-info -file /tmp/x509up_u93529 -timeleft
 output : 41824

 error: 
 retcode : 0
DEBUG 2019-07-06 11:17:24,762: 	 Executing : 
 command : voms-proxy-info -file /tmp/x509up_u93529 -actimeleft
 output : 41823

 error: 
 retcode : 0
DEBUG 2019-07-06 11:17:24,762: 	 Proxy lifetime 41824 secs is different from voms extension lifetime 41823 secs for proxy: /tmp/x509up_u93529
DEBUG 2019-07-06 11:17:24,762: 	 Proxy valid for 11:37:03 hours
DEBUG 2019-07-06 11:17:24,881: 	 Executing : 
 command : openssl x509 -in ~/.globus/usercert.pem -subject -noout
 output : subject= /DC=ch/DC=cern/OU=Organic Units/OU=Users/CN=xuyan/CN=803661/CN=Xuli Yan

 error: 
 retcode : 0
DEBUG 2019-07-06 11:17:24,882: 	 Checking credentials
DEBUG 2019-07-06 11:17:24,882: 	 Found proxy file /tmp/x509up_u93529
DEBUG 2019-07-06 11:17:24,882: 	 Getting proxy life time left
DEBUG 2019-07-06 11:17:25,688: 	 Executing : 
 command : voms-proxy-info -file /tmp/x509up_u93529 -timeleft
 output : 41822

 error: 
 retcode : 0
DEBUG 2019-07-06 11:17:26,495: 	 Executing : 
 command : voms-proxy-info -file /tmp/x509up_u93529 -actimeleft
 output : 41821

 error: 
 retcode : 0
DEBUG 2019-07-06 11:17:26,495: 	 Proxy lifetime 41822 secs is different from voms extension lifetime 41821 secs for proxy: /tmp/x509up_u93529
DEBUG 2019-07-06 11:17:26,495: 	 Proxy valid for 11:37:01 hours
DEBUG 2019-07-06 11:17:26,661: 	 Registering user credentials for server /DC=ch/DC=cern/OU=computers/CN=vocms(052|058|030|0118|0105|0109).cern.ch|/DC=ch/DC=cern/OU=computers/CN=crab-(preprod|prod)-tw(02|01).cern.ch
DEBUG 2019-07-06 11:17:26,773: 	 Executing : 
 command : openssl x509 -in ~/.globus/usercert.pem -subject -noout
 output : subject= /DC=ch/DC=cern/OU=Organic Units/OU=Users/CN=xuyan/CN=803661/CN=Xuli Yan

 error: 
 retcode : 0
DEBUG 2019-07-06 11:17:26,773: 	 Getting myproxy life time left for myproxy.cern.ch
DEBUG 2019-07-06 11:17:26,774: 	 Calculating hash of /DC=ch/DC=cern/OU=Organic Units/OU=Users/CN=xuyan/CN=803661/CN=Xuli Yan_cmsweb.cern.ch for credential name
DEBUG 2019-07-06 11:17:26,980: 	 Executing : 
 command : myproxy-info -l b1772a5c240352d6d735b714aa331919d3f56592 -s myproxy.cern.ch
 output : username: b1772a5c240352d6d735b714aa331919d3f56592
owner: /DC=ch/DC=cern/OU=Organic Units/OU=Users/CN=xuyan/CN=803661/CN=Xuli Yan
  renewal policy: /DC=ch/DC=cern/OU=computers/CN=vocms(052|058|030|0118|0105|0109).cern.ch|/DC=ch/DC=cern/OU=computers/CN=crab-(preprod|prod)-tw(02|01).cern.ch
  trusted retrieval policy: /DC=ch/DC=cern/OU=computers/CN=vocms(052|058|030|0118|0105|0109).cern.ch|/DC=ch/DC=cern/OU=computers/CN=crab-(preprod|prod)-tw(02|01).cern.ch
  timeleft: 582:34:14  (24.3 days)

 error: 
 retcode : 0
DEBUG 2019-07-06 11:17:26,981: 	 Myproxy is valid: 2097254
DEBUG 2019-07-06 11:17:26,982: 	 Command use: status
DEBUG 2019-07-06 11:17:26,982: 	 Options use: ['-d', 'crab_jobs_signalJul06/crab_Wgamma949SignalFinal_v6_Jul06']
DEBUG 2019-07-06 11:17:27,121: 	 CRABClient version: 3.3.1904
DEBUG 2019-07-06 11:17:27,121: 	 Instance is prod
DEBUG 2019-07-06 11:17:27,121: 	 Server base url is cmsweb.cern.ch
DEBUG 2019-07-06 11:17:27,121: 	 Command url /crabserver/prod/workflow
DEBUG 2019-07-06 11:17:27,256: 	 Got information from server oracle database: {u'result': [u'190706_090446:xuyan_crab_Wgamma949SignalFinal_v6_Jul06', u'None', u'None', u'SUBMITTED', u'SUBMIT', u'2019-07-06 09:04:47.238025', u'None', u'2019-07-06 09:05:31.769533', u'None', u'CMSSW_9_4_9', u'slc6_amd64_gcc630', u'/PythiaChargedResonance_WGToJJG_M1600_width5/RunIIFall17MiniAODv2-PU2017_12Apr2018_94X_mc2017_realistic_v14-v1/MINIAODSIM', u'F', u'0', u'[]', u'[]', u'FileBased', u"{'splitOnRun': False, 'halt_job_on_file_boundaries': False, 'files_per_job': 1, 'runs': [], 'lumis': []}", u'd197bc4632510062cea8a563387a642460c014429f79ba1baa333aa01c3de9fa.tar.gz', u'https://cmsweb.cern.ch/crabcache', u'xuyan', u'/DC=ch/DC=cern/OU=Organic Units/OU=Users/CN=xuyan/CN=803661/CN=Xuli Yan', u'cms', u'None', u'None', u'Wgamma949SignalFinal_v6_Jul06-00000000000000000000000000000000', u'F', u'T3_US_Brown', u'https://cmsweb.cern.ch/dbs/prod/global/DBSReader', u'https://cmsweb.cern.ch/dbs/prod/phys03/DBSWriter', u'F', u'[]', u"['flatTuple.root']", u'[]', u'Analysis', u'pythia', u'None', u'{}', u'[]', u'T', u'crab-prod-tw01', u'[]', u'1250', u'1', u'2000', u'10', u'None', u'[]', u'http://vocms0121.cern.ch/mon/cms365/190706_090446:xuyan_crab_Wgamma949SignalFinal_v6_Jul06', u'None', u'[]', u'[]', u'https://cmsweb.cern.ch/crabserver/prod', u'cmsgwms-collector-global.cern.ch:9620,cmssrv221.fnal.gov:9620', u'crab3@vocms0121.cern.ch', u'F', u'[]', u'T', u'/store/user/xuyan/', u'F', u'None', u'F', u'None', u'PythiaChargedResonance_WGToJJG_M1600_width5', u'None', u'cfb1482ec41965b068f8dddf8790b995ecb29970de742ef45742e2ef622b196a.tar.gz', u'40340014', u'filetransfers', u'F', u'188.184.28.150', u'0.0', u'None'], u'desc': {u'columns': [u'tm_taskname', u'tm_activity', u'panda_jobset_id', u'tm_task_status', u'tm_task_command', u'tm_start_time', u'tm_start_injection', u'tm_end_injection', u'tm_task_failure', u'tm_job_sw', u'tm_job_arch', u'tm_input_dataset', u'tm_nonvalid_input_dataset', u'tm_use_parent', u'tm_site_whitelist', u'tm_site_blacklist', u'tm_split_algo', u'tm_split_args', u'tm_user_sandbox', u'tm_cache_url', u'tm_username', u'tm_user_dn', u'tm_user_vo', u'tm_user_role', u'tm_user_group', u'tm_publish_name', u'tm_publish_groupname', u'tm_asyncdest', u'tm_dbs_url', u'tm_publish_dbs_url', u'tm_publication', u'tm_outfiles', u'tm_tfile_outfiles', u'tm_edm_outfiles', u'tm_job_type', u'tm_generator', u'tm_events_per_lumi', u'tm_arguments', u'panda_resubmitted_jobs', u'tm_save_logs', u'tw_name', u'tm_user_infiles', u'tm_maxjobruntime', u'tm_numcores', u'tm_maxmemory', u'tm_priority', u'tm_output_dataset', u'tm_task_warnings', u'tm_user_webdir', u'tm_scriptexe', u'tm_scriptargs', u'tm_extrajdl', u'tm_asourl', u'tm_collector', u'tm_schedd', u'tm_dry_run', u'tm_user_files', u'tm_transfer_outputs', u'tm_output_lfn', u'tm_ignore_locality', u'tm_fail_limit', u'tm_one_event_mode', u'tm_secondary_input_dataset', u'tm_primary_dataset', u'tm_last_publication', u'tm_debug_files', u'clusterid', u'tm_asodb', u'tm_ignore_global_blacklist', u'tm_submitter_ip_addr', u'tm_totalunits', u'tm_ddm_reqid']}}
INFO 2019-07-06 11:17:27,257: 	 CRAB project directory:		/afs/cern.ch/work/x/xuyan/work5/DEV/CMSSW_9_4_9/src/VgammaTuplizer/Ntuplizer/crab_jobs_signalJul06/crab_Wgamma949SignalFinal_v6_Jul06
INFO 2019-07-06 11:17:27,257: 	 Task name:			190706_090446:xuyan_crab_Wgamma949SignalFinal_v6_Jul06
INFO 2019-07-06 11:17:27,257: 	 Grid scheduler - Task Worker:	crab3@vocms0121.cern.ch - crab-prod-tw01
INFO 2019-07-06 11:17:27,257: 	 Status on the CRAB server:	SUBMITTED
INFO 2019-07-06 11:17:27,257: 	 Task URL to use for HELP:	https://cmsweb.cern.ch/crabserver/ui/task/190706_090446%3Axuyan_crab_Wgamma949SignalFinal_v6_Jul06
INFO 2019-07-06 11:17:27,258: 	 Dashboard monitoring URL:	http://dashb-cms-job.cern.ch/dashboard/templates/task-analysis/#user=xuyan&refresh=0&table=Jobs&p=1&records=25&activemenu=2&status=&site=&tid=190706_090446%3Axuyan_crab_Wgamma949SignalFinal_v6_Jul06
INFO 2019-07-06 11:17:27,258: 	 New dashboard monitoring URL:	https://monit-grafana.cern.ch/d/cmsTMDetail/cms-task-monitoring-task-view?orgId=11&var-user=xuyan&var-task=190706_090446%3Axuyan_crab_Wgamma949SignalFinal_v6_Jul06
INFO 2019-07-06 11:17:27,258: 	 In case of issues with the new dashboard, please provide feedback to hn-cms-computing-tools@cern.ch
DEBUG 2019-07-06 11:17:27,258: 	 The CRAB server submitted your task to the Grid scheduler (cluster ID: 40340014)
DEBUG 2019-07-06 11:17:27,258: 	 Webdir is located at http://vocms0121.cern.ch/mon/cms365/190706_090446:xuyan_crab_Wgamma949SignalFinal_v6_Jul06
DEBUG 2019-07-06 11:17:27,413: 	 Proxied webdir is located at https://cmsweb.cern.ch/scheddmon/0121/cms365/190706_090446:xuyan_crab_Wgamma949SignalFinal_v6_Jul06
DEBUG 2019-07-06 11:17:27,413: 	 Retrieving 'status_cache' file from https://cmsweb.cern.ch/scheddmon/0121/cms365/190706_090446:xuyan_crab_Wgamma949SignalFinal_v6_Jul06/status_cache
DEBUG 2019-07-06 11:17:27,537: 	 Got information from status cache file: {'1': {'Retries': 0, 'WallDurations': [0], 'StartTimes': [], 'SubmitTimes': [1562403944.0], 'JobIds': ['40340017.0'], 'EndTimes': [], 'Restarts': 0, 'RecordedSite': False, 'State': 'idle', 'ResidentSetSize': [0], 'TotalUserCpuTimeHistory': [0.0], 'SiteHistory': ['Unknown'], 'TotalSysCpuTimeHistory': [0.0]}, '3': {'Retries': 0, 'WallDurations': [0], 'StartTimes': [], 'SubmitTimes': [1562403944.0], 'JobIds': ['40340018.0'], 'EndTimes': [], 'Restarts': 0, 'RecordedSite': False, 'State': 'idle', 'ResidentSetSize': [0], 'TotalUserCpuTimeHistory': [0.0], 'SiteHistory': ['Unknown'], 'TotalSysCpuTimeHistory': [0.0]}, '2': {'Retries': 0, 'WallDurations': [0], 'StartTimes': [], 'SubmitTimes': [1562403944.0], 'JobIds': ['40340019.0'], 'EndTimes': [], 'Restarts': 0, 'RecordedSite': False, 'State': 'idle', 'ResidentSetSize': [0], 'TotalUserCpuTimeHistory': [0.0], 'SiteHistory': ['Unknown'], 'TotalSysCpuTimeHistory': [0.0]}, '4': {'Retries': 0, 'WallDurations': [0], 'StartTimes': [], 'SubmitTimes': [1562403944.0], 'JobIds': ['40340020.0'], 'EndTimes': [], 'Restarts': 0, 'RecordedSite': False, 'State': 'idle', 'ResidentSetSize': [0], 'TotalUserCpuTimeHistory': [0.0], 'SiteHistory': ['Unknown'], 'TotalSysCpuTimeHistory': [0.0]}}
INFO 2019-07-06 11:17:27,537: 	 Status on the scheduler:	SUBMITTED
INFO 2019-07-06 11:17:27,537: 	 
Jobs status:                    idle         		100.0% (4/4)
INFO 2019-07-06 11:17:27,537: 	 
No publication information (publication has been disabled in the CRAB configuration file)
INFO 2019-07-06 11:17:27,574: 	 Log file is /afs/cern.ch/work/x/xuyan/work5/DEV/CMSSW_9_4_9/src/VgammaTuplizer/Ntuplizer/crab_jobs_signalJul06/crab_Wgamma949SignalFinal_v6_Jul06/crab.log
DEBUG 2019-07-06 11:59:04,587: 	 Executing command: 'status'
DEBUG 2019-07-06 11:59:04,587: 	 Found CRAB cache file /afs/cern.ch/user/x/xuyan/.crab3
DEBUG 2019-07-06 11:59:04,601: 	 Checking credentials
DEBUG 2019-07-06 11:59:04,602: 	 Found proxy file /tmp/x509up_u93529
DEBUG 2019-07-06 11:59:04,603: 	 Getting proxy life time left
DEBUG 2019-07-06 11:59:05,910: 	 Executing : 
 command : voms-proxy-info -file /tmp/x509up_u93529 -timeleft
 output : 39322

 error: 
 retcode : 0
DEBUG 2019-07-06 11:59:06,717: 	 Executing : 
 command : voms-proxy-info -file /tmp/x509up_u93529 -actimeleft
 output : 39321

 error: 
 retcode : 0
DEBUG 2019-07-06 11:59:06,717: 	 Proxy lifetime 39322 secs is different from voms extension lifetime 39321 secs for proxy: /tmp/x509up_u93529
DEBUG 2019-07-06 11:59:06,717: 	 Proxy valid for 10:55:21 hours
DEBUG 2019-07-06 11:59:06,839: 	 Executing : 
 command : openssl x509 -in ~/.globus/usercert.pem -subject -noout
 output : subject= /DC=ch/DC=cern/OU=Organic Units/OU=Users/CN=xuyan/CN=803661/CN=Xuli Yan

 error: 
 retcode : 0
DEBUG 2019-07-06 11:59:06,839: 	 Checking credentials
DEBUG 2019-07-06 11:59:06,840: 	 Found proxy file /tmp/x509up_u93529
DEBUG 2019-07-06 11:59:06,840: 	 Getting proxy life time left
DEBUG 2019-07-06 11:59:07,577: 	 Executing : 
 command : voms-proxy-info -file /tmp/x509up_u93529 -timeleft
 output : 39320

 error: 
 retcode : 0
DEBUG 2019-07-06 11:59:08,284: 	 Executing : 
 command : voms-proxy-info -file /tmp/x509up_u93529 -actimeleft
 output : 39319

 error: 
 retcode : 0
DEBUG 2019-07-06 11:59:08,284: 	 Proxy lifetime 39320 secs is different from voms extension lifetime 39319 secs for proxy: /tmp/x509up_u93529
DEBUG 2019-07-06 11:59:08,284: 	 Proxy valid for 10:55:19 hours
DEBUG 2019-07-06 11:59:08,431: 	 Registering user credentials for server /DC=ch/DC=cern/OU=computers/CN=vocms(052|058|030|0118|0105|0109).cern.ch|/DC=ch/DC=cern/OU=computers/CN=crab-(preprod|prod)-tw(02|01).cern.ch
DEBUG 2019-07-06 11:59:08,544: 	 Executing : 
 command : openssl x509 -in ~/.globus/usercert.pem -subject -noout
 output : subject= /DC=ch/DC=cern/OU=Organic Units/OU=Users/CN=xuyan/CN=803661/CN=Xuli Yan

 error: 
 retcode : 0
DEBUG 2019-07-06 11:59:08,545: 	 Getting myproxy life time left for myproxy.cern.ch
DEBUG 2019-07-06 11:59:08,545: 	 Calculating hash of /DC=ch/DC=cern/OU=Organic Units/OU=Users/CN=xuyan/CN=803661/CN=Xuli Yan_cmsweb.cern.ch for credential name
DEBUG 2019-07-06 11:59:08,751: 	 Executing : 
 command : myproxy-info -l b1772a5c240352d6d735b714aa331919d3f56592 -s myproxy.cern.ch
 output : username: b1772a5c240352d6d735b714aa331919d3f56592
owner: /DC=ch/DC=cern/OU=Organic Units/OU=Users/CN=xuyan/CN=803661/CN=Xuli Yan
  renewal policy: /DC=ch/DC=cern/OU=computers/CN=vocms(052|058|030|0118|0105|0109).cern.ch|/DC=ch/DC=cern/OU=computers/CN=crab-(preprod|prod)-tw(02|01).cern.ch
  trusted retrieval policy: /DC=ch/DC=cern/OU=computers/CN=vocms(052|058|030|0118|0105|0109).cern.ch|/DC=ch/DC=cern/OU=computers/CN=crab-(preprod|prod)-tw(02|01).cern.ch
  timeleft: 581:52:32  (24.2 days)

 error: 
 retcode : 0
DEBUG 2019-07-06 11:59:08,752: 	 Myproxy is valid: 2094752
DEBUG 2019-07-06 11:59:08,753: 	 Command use: status
DEBUG 2019-07-06 11:59:08,753: 	 Options use: ['-d', 'crab_jobs_signalJul06/crab_Wgamma949SignalFinal_v6_Jul06']
DEBUG 2019-07-06 11:59:08,877: 	 CRABClient version: 3.3.1904
DEBUG 2019-07-06 11:59:08,877: 	 Instance is prod
DEBUG 2019-07-06 11:59:08,877: 	 Server base url is cmsweb.cern.ch
DEBUG 2019-07-06 11:59:08,877: 	 Command url /crabserver/prod/workflow
DEBUG 2019-07-06 11:59:09,003: 	 Got information from server oracle database: {u'result': [u'190706_090446:xuyan_crab_Wgamma949SignalFinal_v6_Jul06', u'None', u'None', u'SUBMITTED', u'SUBMIT', u'2019-07-06 09:04:47.238025', u'None', u'2019-07-06 09:05:31.769533', u'None', u'CMSSW_9_4_9', u'slc6_amd64_gcc630', u'/PythiaChargedResonance_WGToJJG_M1600_width5/RunIIFall17MiniAODv2-PU2017_12Apr2018_94X_mc2017_realistic_v14-v1/MINIAODSIM', u'F', u'0', u'[]', u'[]', u'FileBased', u"{'splitOnRun': False, 'halt_job_on_file_boundaries': False, 'files_per_job': 1, 'runs': [], 'lumis': []}", u'd197bc4632510062cea8a563387a642460c014429f79ba1baa333aa01c3de9fa.tar.gz', u'https://cmsweb.cern.ch/crabcache', u'xuyan', u'/DC=ch/DC=cern/OU=Organic Units/OU=Users/CN=xuyan/CN=803661/CN=Xuli Yan', u'cms', u'None', u'None', u'Wgamma949SignalFinal_v6_Jul06-00000000000000000000000000000000', u'F', u'T3_US_Brown', u'https://cmsweb.cern.ch/dbs/prod/global/DBSReader', u'https://cmsweb.cern.ch/dbs/prod/phys03/DBSWriter', u'F', u'[]', u"['flatTuple.root']", u'[]', u'Analysis', u'pythia', u'None', u'{}', u'[]', u'T', u'crab-prod-tw01', u'[]', u'1250', u'1', u'2000', u'10', u'None', u'[]', u'http://vocms0121.cern.ch/mon/cms365/190706_090446:xuyan_crab_Wgamma949SignalFinal_v6_Jul06', u'None', u'[]', u'[]', u'https://cmsweb.cern.ch/crabserver/prod', u'cmsgwms-collector-global.cern.ch:9620,cmssrv221.fnal.gov:9620', u'crab3@vocms0121.cern.ch', u'F', u'[]', u'T', u'/store/user/xuyan/', u'F', u'None', u'F', u'None', u'PythiaChargedResonance_WGToJJG_M1600_width5', u'None', u'cfb1482ec41965b068f8dddf8790b995ecb29970de742ef45742e2ef622b196a.tar.gz', u'40340014', u'filetransfers', u'F', u'188.184.28.150', u'0.0', u'None'], u'desc': {u'columns': [u'tm_taskname', u'tm_activity', u'panda_jobset_id', u'tm_task_status', u'tm_task_command', u'tm_start_time', u'tm_start_injection', u'tm_end_injection', u'tm_task_failure', u'tm_job_sw', u'tm_job_arch', u'tm_input_dataset', u'tm_nonvalid_input_dataset', u'tm_use_parent', u'tm_site_whitelist', u'tm_site_blacklist', u'tm_split_algo', u'tm_split_args', u'tm_user_sandbox', u'tm_cache_url', u'tm_username', u'tm_user_dn', u'tm_user_vo', u'tm_user_role', u'tm_user_group', u'tm_publish_name', u'tm_publish_groupname', u'tm_asyncdest', u'tm_dbs_url', u'tm_publish_dbs_url', u'tm_publication', u'tm_outfiles', u'tm_tfile_outfiles', u'tm_edm_outfiles', u'tm_job_type', u'tm_generator', u'tm_events_per_lumi', u'tm_arguments', u'panda_resubmitted_jobs', u'tm_save_logs', u'tw_name', u'tm_user_infiles', u'tm_maxjobruntime', u'tm_numcores', u'tm_maxmemory', u'tm_priority', u'tm_output_dataset', u'tm_task_warnings', u'tm_user_webdir', u'tm_scriptexe', u'tm_scriptargs', u'tm_extrajdl', u'tm_asourl', u'tm_collector', u'tm_schedd', u'tm_dry_run', u'tm_user_files', u'tm_transfer_outputs', u'tm_output_lfn', u'tm_ignore_locality', u'tm_fail_limit', u'tm_one_event_mode', u'tm_secondary_input_dataset', u'tm_primary_dataset', u'tm_last_publication', u'tm_debug_files', u'clusterid', u'tm_asodb', u'tm_ignore_global_blacklist', u'tm_submitter_ip_addr', u'tm_totalunits', u'tm_ddm_reqid']}}
INFO 2019-07-06 11:59:09,004: 	 CRAB project directory:		/afs/cern.ch/work/x/xuyan/work5/DEV/CMSSW_9_4_9/src/VgammaTuplizer/Ntuplizer/crab_jobs_signalJul06/crab_Wgamma949SignalFinal_v6_Jul06
INFO 2019-07-06 11:59:09,004: 	 Task name:			190706_090446:xuyan_crab_Wgamma949SignalFinal_v6_Jul06
INFO 2019-07-06 11:59:09,005: 	 Grid scheduler - Task Worker:	crab3@vocms0121.cern.ch - crab-prod-tw01
INFO 2019-07-06 11:59:09,005: 	 Status on the CRAB server:	SUBMITTED
INFO 2019-07-06 11:59:09,005: 	 Task URL to use for HELP:	https://cmsweb.cern.ch/crabserver/ui/task/190706_090446%3Axuyan_crab_Wgamma949SignalFinal_v6_Jul06
INFO 2019-07-06 11:59:09,005: 	 Dashboard monitoring URL:	http://dashb-cms-job.cern.ch/dashboard/templates/task-analysis/#user=xuyan&refresh=0&table=Jobs&p=1&records=25&activemenu=2&status=&site=&tid=190706_090446%3Axuyan_crab_Wgamma949SignalFinal_v6_Jul06
INFO 2019-07-06 11:59:09,005: 	 New dashboard monitoring URL:	https://monit-grafana.cern.ch/d/cmsTMDetail/cms-task-monitoring-task-view?orgId=11&var-user=xuyan&var-task=190706_090446%3Axuyan_crab_Wgamma949SignalFinal_v6_Jul06
INFO 2019-07-06 11:59:09,005: 	 In case of issues with the new dashboard, please provide feedback to hn-cms-computing-tools@cern.ch
DEBUG 2019-07-06 11:59:09,005: 	 The CRAB server submitted your task to the Grid scheduler (cluster ID: 40340014)
DEBUG 2019-07-06 11:59:09,005: 	 Webdir is located at http://vocms0121.cern.ch/mon/cms365/190706_090446:xuyan_crab_Wgamma949SignalFinal_v6_Jul06
DEBUG 2019-07-06 11:59:09,335: 	 Proxied webdir is located at https://cmsweb.cern.ch/scheddmon/0121/cms365/190706_090446:xuyan_crab_Wgamma949SignalFinal_v6_Jul06
DEBUG 2019-07-06 11:59:09,335: 	 Retrieving 'status_cache' file from https://cmsweb.cern.ch/scheddmon/0121/cms365/190706_090446:xuyan_crab_Wgamma949SignalFinal_v6_Jul06/status_cache
DEBUG 2019-07-06 11:59:11,891: 	 Got information from status cache file: {'1': {'Retries': 0, 'WallDurations': [9.0, 813.0], 'StartTimes': [1562404640.0], 'SubmitTimes': [1562403944.0], 'JobIds': ['40340017.0'], 'EndTimes': [1562405453.0], 'Restarts': 0, 'RecordedSite': True, 'State': 'transferring', 'ResidentSetSize': [1146820], 'TotalUserCpuTimeHistory': [697], 'SiteHistory': ['Unknown', 'T2_US_UCSD'], 'TotalSysCpuTimeHistory': [14]}, '3': {'Retries': 0, 'WallDurations': [8.0, 835.0], 'StartTimes': [1562404642.0], 'SubmitTimes': [1562403944.0], 'JobIds': ['40340018.0'], 'EndTimes': [1562405477.0], 'Restarts': 0, 'RecordedSite': True, 'State': 'transferring', 'ResidentSetSize': [1151156], 'TotalUserCpuTimeHistory': [707], 'SiteHistory': ['Unknown', 'T2_US_UCSD'], 'TotalSysCpuTimeHistory': [12]}, '2': {'Retries': 0, 'WallDurations': [10.0, 1212.0], 'StartTimes': [1562405725.0], 'SubmitTimes': [1562403944.0], 'JobIds': ['40340019.0'], 'EndTimes': [], 'Restarts': 0, 'RecordedSite': True, 'State': 'running', 'ResidentSetSize': [1253180], 'TotalUserCpuTimeHistory': [910.0], 'SiteHistory': ['Unknown', 'T2_US_Nebraska'], 'TotalSysCpuTimeHistory': [22.0]}, '4': {'Retries': 0, 'WallDurations': [9.0, 1193.0], 'StartTimes': [1562404611.0], 'SubmitTimes': [1562403944.0], 'JobIds': ['40340020.0'], 'EndTimes': [1562405804.0], 'Restarts': 0, 'RecordedSite': True, 'State': 'transferring', 'ResidentSetSize': [1166708], 'TotalUserCpuTimeHistory': [1093], 'SiteHistory': ['Unknown', 'T2_US_UCSD'], 'TotalSysCpuTimeHistory': [13]}}
INFO 2019-07-06 11:59:11,891: 	 Status on the scheduler:	SUBMITTED
INFO 2019-07-06 11:59:11,892: 	 
Jobs status:                    running      		 25.0% (1/4)
INFO 2019-07-06 11:59:11,892: 	 				transferring 		 75.0% (3/4)
INFO 2019-07-06 11:59:11,892: 	 
No publication information (publication has been disabled in the CRAB configuration file)
INFO 2019-07-06 11:59:11,892: 	 
Warning: the max jobs runtime is less than 30% of the task requested value (1250 min), please consider to request a lower value for failed jobs (allowed through crab resubmit) and/or improve the jobs splitting (e.g. config.Data.splitting = 'Automatic') in a new task.
INFO 2019-07-06 11:59:11,893: 	 
Summary of run jobs:
 * Memory: 1124MB min, 1139MB max, 1128MB ave
 * Runtime: 0:13:33 min, 0:19:53 max, 0:15:47 ave
 * CPU eff: 86% min, 93% max, 89% ave
 * Waste: 0:00:26 (1% of total)

INFO 2019-07-06 11:59:11,920: 	 Log file is /afs/cern.ch/work/x/xuyan/work5/DEV/CMSSW_9_4_9/src/VgammaTuplizer/Ntuplizer/crab_jobs_signalJul06/crab_Wgamma949SignalFinal_v6_Jul06/crab.log
DEBUG 2019-07-06 12:04:17,831: 	 Executing command: 'status'
DEBUG 2019-07-06 12:04:17,832: 	 Found CRAB cache file /afs/cern.ch/user/x/xuyan/.crab3
DEBUG 2019-07-06 12:04:17,853: 	 Checking credentials
DEBUG 2019-07-06 12:04:17,854: 	 Found proxy file /tmp/x509up_u93529
DEBUG 2019-07-06 12:04:17,854: 	 Getting proxy life time left
DEBUG 2019-07-06 12:04:18,661: 	 Executing : 
 command : voms-proxy-info -file /tmp/x509up_u93529 -timeleft
 output : 39009

 error: 
 retcode : 0
DEBUG 2019-07-06 12:04:19,369: 	 Executing : 
 command : voms-proxy-info -file /tmp/x509up_u93529 -actimeleft
 output : 39008

 error: 
 retcode : 0
DEBUG 2019-07-06 12:04:19,369: 	 Proxy lifetime 39009 secs is different from voms extension lifetime 39008 secs for proxy: /tmp/x509up_u93529
DEBUG 2019-07-06 12:04:19,369: 	 Proxy valid for 10:50:08 hours
DEBUG 2019-07-06 12:04:19,487: 	 Executing : 
 command : openssl x509 -in ~/.globus/usercert.pem -subject -noout
 output : subject= /DC=ch/DC=cern/OU=Organic Units/OU=Users/CN=xuyan/CN=803661/CN=Xuli Yan

 error: 
 retcode : 0
DEBUG 2019-07-06 12:04:19,487: 	 Checking credentials
DEBUG 2019-07-06 12:04:19,488: 	 Found proxy file /tmp/x509up_u93529
DEBUG 2019-07-06 12:04:19,488: 	 Getting proxy life time left
DEBUG 2019-07-06 12:04:20,194: 	 Executing : 
 command : voms-proxy-info -file /tmp/x509up_u93529 -timeleft
 output : 39007

 error: 
 retcode : 0
DEBUG 2019-07-06 12:04:20,902: 	 Executing : 
 command : voms-proxy-info -file /tmp/x509up_u93529 -actimeleft
 output : 39007

 error: 
 retcode : 0
DEBUG 2019-07-06 12:04:20,902: 	 Proxy valid for 10:50:07 hours
DEBUG 2019-07-06 12:04:21,052: 	 Registering user credentials for server /DC=ch/DC=cern/OU=computers/CN=vocms(052|058|030|0118|0105|0109).cern.ch|/DC=ch/DC=cern/OU=computers/CN=crab-(preprod|prod)-tw(02|01).cern.ch
DEBUG 2019-07-06 12:04:21,165: 	 Executing : 
 command : openssl x509 -in ~/.globus/usercert.pem -subject -noout
 output : subject= /DC=ch/DC=cern/OU=Organic Units/OU=Users/CN=xuyan/CN=803661/CN=Xuli Yan

 error: 
 retcode : 0
DEBUG 2019-07-06 12:04:21,166: 	 Getting myproxy life time left for myproxy.cern.ch
DEBUG 2019-07-06 12:04:21,166: 	 Calculating hash of /DC=ch/DC=cern/OU=Organic Units/OU=Users/CN=xuyan/CN=803661/CN=Xuli Yan_cmsweb.cern.ch for credential name
DEBUG 2019-07-06 12:04:21,372: 	 Executing : 
 command : myproxy-info -l b1772a5c240352d6d735b714aa331919d3f56592 -s myproxy.cern.ch
 output : username: b1772a5c240352d6d735b714aa331919d3f56592
owner: /DC=ch/DC=cern/OU=Organic Units/OU=Users/CN=xuyan/CN=803661/CN=Xuli Yan
  renewal policy: /DC=ch/DC=cern/OU=computers/CN=vocms(052|058|030|0118|0105|0109).cern.ch|/DC=ch/DC=cern/OU=computers/CN=crab-(preprod|prod)-tw(02|01).cern.ch
  trusted retrieval policy: /DC=ch/DC=cern/OU=computers/CN=vocms(052|058|030|0118|0105|0109).cern.ch|/DC=ch/DC=cern/OU=computers/CN=crab-(preprod|prod)-tw(02|01).cern.ch
  timeleft: 581:47:19  (24.2 days)

 error: 
 retcode : 0
DEBUG 2019-07-06 12:04:21,373: 	 Myproxy is valid: 2094439
DEBUG 2019-07-06 12:04:21,373: 	 Command use: status
DEBUG 2019-07-06 12:04:21,374: 	 Options use: ['-d', 'crab_jobs_signalJul06/crab_Wgamma949SignalFinal_v6_Jul06']
DEBUG 2019-07-06 12:04:21,513: 	 CRABClient version: 3.3.1904
DEBUG 2019-07-06 12:04:21,513: 	 Instance is prod
DEBUG 2019-07-06 12:04:21,513: 	 Server base url is cmsweb.cern.ch
DEBUG 2019-07-06 12:04:21,513: 	 Command url /crabserver/prod/workflow
DEBUG 2019-07-06 12:04:21,703: 	 Got information from server oracle database: {u'result': [u'190706_090446:xuyan_crab_Wgamma949SignalFinal_v6_Jul06', u'None', u'None', u'SUBMITTED', u'SUBMIT', u'2019-07-06 09:04:47.238025', u'None', u'2019-07-06 09:05:31.769533', u'None', u'CMSSW_9_4_9', u'slc6_amd64_gcc630', u'/PythiaChargedResonance_WGToJJG_M1600_width5/RunIIFall17MiniAODv2-PU2017_12Apr2018_94X_mc2017_realistic_v14-v1/MINIAODSIM', u'F', u'0', u'[]', u'[]', u'FileBased', u"{'splitOnRun': False, 'halt_job_on_file_boundaries': False, 'files_per_job': 1, 'runs': [], 'lumis': []}", u'd197bc4632510062cea8a563387a642460c014429f79ba1baa333aa01c3de9fa.tar.gz', u'https://cmsweb.cern.ch/crabcache', u'xuyan', u'/DC=ch/DC=cern/OU=Organic Units/OU=Users/CN=xuyan/CN=803661/CN=Xuli Yan', u'cms', u'None', u'None', u'Wgamma949SignalFinal_v6_Jul06-00000000000000000000000000000000', u'F', u'T3_US_Brown', u'https://cmsweb.cern.ch/dbs/prod/global/DBSReader', u'https://cmsweb.cern.ch/dbs/prod/phys03/DBSWriter', u'F', u'[]', u"['flatTuple.root']", u'[]', u'Analysis', u'pythia', u'None', u'{}', u'[]', u'T', u'crab-prod-tw01', u'[]', u'1250', u'1', u'2000', u'10', u'None', u'[]', u'http://vocms0121.cern.ch/mon/cms365/190706_090446:xuyan_crab_Wgamma949SignalFinal_v6_Jul06', u'None', u'[]', u'[]', u'https://cmsweb.cern.ch/crabserver/prod', u'cmsgwms-collector-global.cern.ch:9620,cmssrv221.fnal.gov:9620', u'crab3@vocms0121.cern.ch', u'F', u'[]', u'T', u'/store/user/xuyan/', u'F', u'None', u'F', u'None', u'PythiaChargedResonance_WGToJJG_M1600_width5', u'None', u'cfb1482ec41965b068f8dddf8790b995ecb29970de742ef45742e2ef622b196a.tar.gz', u'40340014', u'filetransfers', u'F', u'188.184.28.150', u'0.0', u'None'], u'desc': {u'columns': [u'tm_taskname', u'tm_activity', u'panda_jobset_id', u'tm_task_status', u'tm_task_command', u'tm_start_time', u'tm_start_injection', u'tm_end_injection', u'tm_task_failure', u'tm_job_sw', u'tm_job_arch', u'tm_input_dataset', u'tm_nonvalid_input_dataset', u'tm_use_parent', u'tm_site_whitelist', u'tm_site_blacklist', u'tm_split_algo', u'tm_split_args', u'tm_user_sandbox', u'tm_cache_url', u'tm_username', u'tm_user_dn', u'tm_user_vo', u'tm_user_role', u'tm_user_group', u'tm_publish_name', u'tm_publish_groupname', u'tm_asyncdest', u'tm_dbs_url', u'tm_publish_dbs_url', u'tm_publication', u'tm_outfiles', u'tm_tfile_outfiles', u'tm_edm_outfiles', u'tm_job_type', u'tm_generator', u'tm_events_per_lumi', u'tm_arguments', u'panda_resubmitted_jobs', u'tm_save_logs', u'tw_name', u'tm_user_infiles', u'tm_maxjobruntime', u'tm_numcores', u'tm_maxmemory', u'tm_priority', u'tm_output_dataset', u'tm_task_warnings', u'tm_user_webdir', u'tm_scriptexe', u'tm_scriptargs', u'tm_extrajdl', u'tm_asourl', u'tm_collector', u'tm_schedd', u'tm_dry_run', u'tm_user_files', u'tm_transfer_outputs', u'tm_output_lfn', u'tm_ignore_locality', u'tm_fail_limit', u'tm_one_event_mode', u'tm_secondary_input_dataset', u'tm_primary_dataset', u'tm_last_publication', u'tm_debug_files', u'clusterid', u'tm_asodb', u'tm_ignore_global_blacklist', u'tm_submitter_ip_addr', u'tm_totalunits', u'tm_ddm_reqid']}}
INFO 2019-07-06 12:04:21,703: 	 CRAB project directory:		/afs/cern.ch/work/x/xuyan/work5/DEV/CMSSW_9_4_9/src/VgammaTuplizer/Ntuplizer/crab_jobs_signalJul06/crab_Wgamma949SignalFinal_v6_Jul06
INFO 2019-07-06 12:04:21,704: 	 Task name:			190706_090446:xuyan_crab_Wgamma949SignalFinal_v6_Jul06
INFO 2019-07-06 12:04:21,704: 	 Grid scheduler - Task Worker:	crab3@vocms0121.cern.ch - crab-prod-tw01
INFO 2019-07-06 12:04:21,704: 	 Status on the CRAB server:	SUBMITTED
INFO 2019-07-06 12:04:21,704: 	 Task URL to use for HELP:	https://cmsweb.cern.ch/crabserver/ui/task/190706_090446%3Axuyan_crab_Wgamma949SignalFinal_v6_Jul06
INFO 2019-07-06 12:04:21,704: 	 Dashboard monitoring URL:	http://dashb-cms-job.cern.ch/dashboard/templates/task-analysis/#user=xuyan&refresh=0&table=Jobs&p=1&records=25&activemenu=2&status=&site=&tid=190706_090446%3Axuyan_crab_Wgamma949SignalFinal_v6_Jul06
INFO 2019-07-06 12:04:21,704: 	 New dashboard monitoring URL:	https://monit-grafana.cern.ch/d/cmsTMDetail/cms-task-monitoring-task-view?orgId=11&var-user=xuyan&var-task=190706_090446%3Axuyan_crab_Wgamma949SignalFinal_v6_Jul06
INFO 2019-07-06 12:04:21,704: 	 In case of issues with the new dashboard, please provide feedback to hn-cms-computing-tools@cern.ch
DEBUG 2019-07-06 12:04:21,704: 	 The CRAB server submitted your task to the Grid scheduler (cluster ID: 40340014)
DEBUG 2019-07-06 12:04:21,704: 	 Webdir is located at http://vocms0121.cern.ch/mon/cms365/190706_090446:xuyan_crab_Wgamma949SignalFinal_v6_Jul06
DEBUG 2019-07-06 12:04:21,852: 	 Proxied webdir is located at https://cmsweb.cern.ch/scheddmon/0121/cms365/190706_090446:xuyan_crab_Wgamma949SignalFinal_v6_Jul06
DEBUG 2019-07-06 12:04:21,852: 	 Retrieving 'status_cache' file from https://cmsweb.cern.ch/scheddmon/0121/cms365/190706_090446:xuyan_crab_Wgamma949SignalFinal_v6_Jul06/status_cache
DEBUG 2019-07-06 12:04:21,956: 	 Got information from status cache file: {'1': {'Retries': 0, 'WallDurations': [9.0, 813.0], 'StartTimes': [1562404640.0], 'SubmitTimes': [1562403944.0], 'JobIds': ['40340017.0'], 'EndTimes': [1562405453.0], 'Restarts': 0, 'RecordedSite': True, 'State': 'finished', 'ResidentSetSize': [1146820], 'TotalUserCpuTimeHistory': [697], 'SiteHistory': ['Unknown', 'T2_US_UCSD'], 'TotalSysCpuTimeHistory': [14]}, '3': {'Retries': 0, 'WallDurations': [8.0, 835.0], 'StartTimes': [1562404642.0], 'SubmitTimes': [1562403944.0], 'JobIds': ['40340018.0'], 'EndTimes': [1562405477.0], 'Restarts': 0, 'RecordedSite': True, 'State': 'finished', 'ResidentSetSize': [1151156], 'TotalUserCpuTimeHistory': [707], 'SiteHistory': ['Unknown', 'T2_US_UCSD'], 'TotalSysCpuTimeHistory': [12]}, '2': {'Retries': 0, 'WallDurations': [10.0, 1351.0], 'StartTimes': [1562405725.0], 'SubmitTimes': [1562403944.0], 'JobIds': ['40340019.0'], 'EndTimes': [1562407076.0], 'Restarts': 0, 'RecordedSite': True, 'State': 'transferring', 'ResidentSetSize': [1253180], 'TotalUserCpuTimeHistory': [1030], 'SiteHistory': ['Unknown', 'T2_US_Nebraska'], 'TotalSysCpuTimeHistory': [24]}, '4': {'Retries': 0, 'WallDurations': [9.0, 1193.0], 'StartTimes': [1562404611.0], 'SubmitTimes': [1562403944.0], 'JobIds': ['40340020.0'], 'EndTimes': [1562405804.0], 'Restarts': 0, 'RecordedSite': True, 'State': 'transferring', 'ResidentSetSize': [1166708], 'TotalUserCpuTimeHistory': [1093], 'SiteHistory': ['Unknown', 'T2_US_UCSD'], 'TotalSysCpuTimeHistory': [13]}}
INFO 2019-07-06 12:04:21,956: 	 Status on the scheduler:	SUBMITTED
INFO 2019-07-06 12:04:21,956: 	 
Jobs status:                    finished     		 50.0% (2/4)
INFO 2019-07-06 12:04:21,956: 	 				transferring 		 50.0% (2/4)
INFO 2019-07-06 12:04:21,956: 	 
No publication information (publication has been disabled in the CRAB configuration file)
INFO 2019-07-06 12:04:21,956: 	 
Warning: the max jobs runtime is less than 30% of the task requested value (1250 min), please consider to request a lower value for failed jobs (allowed through crab resubmit) and/or improve the jobs splitting (e.g. config.Data.splitting = 'Automatic') in a new task.
INFO 2019-07-06 12:04:21,956: 	 
Summary of run jobs:
 * Memory: 1124MB min, 1223MB max, 1152MB ave
 * Runtime: 0:13:33 min, 0:22:31 max, 0:17:28 ave
 * CPU eff: 78% min, 93% max, 86% ave
 * Waste: 0:00:36 (1% of total)

INFO 2019-07-06 12:04:21,978: 	 Log file is /afs/cern.ch/work/x/xuyan/work5/DEV/CMSSW_9_4_9/src/VgammaTuplizer/Ntuplizer/crab_jobs_signalJul06/crab_Wgamma949SignalFinal_v6_Jul06/crab.log
DEBUG 2019-07-06 12:56:11,490: 	 Executing command: 'status'
DEBUG 2019-07-06 12:56:11,491: 	 Found CRAB cache file /afs/cern.ch/user/x/xuyan/.crab3
DEBUG 2019-07-06 12:56:11,507: 	 Checking credentials
DEBUG 2019-07-06 12:56:11,509: 	 Found proxy file /tmp/x509up_u93529
DEBUG 2019-07-06 12:56:11,509: 	 Getting proxy life time left
DEBUG 2019-07-06 12:56:13,422: 	 Executing : 
 command : voms-proxy-info -file /tmp/x509up_u93529 -timeleft
 output : 35894

 error: 
 retcode : 0
DEBUG 2019-07-06 12:56:14,333: 	 Executing : 
 command : voms-proxy-info -file /tmp/x509up_u93529 -actimeleft
 output : 35893

 error: 
 retcode : 0
DEBUG 2019-07-06 12:56:14,333: 	 Proxy lifetime 35894 secs is different from voms extension lifetime 35893 secs for proxy: /tmp/x509up_u93529
DEBUG 2019-07-06 12:56:14,333: 	 Proxy valid for 09:58:13 hours
DEBUG 2019-07-06 12:56:14,851: 	 Executing : 
 command : openssl x509 -in ~/.globus/usercert.pem -subject -noout
 output : subject= /DC=ch/DC=cern/OU=Organic Units/OU=Users/CN=xuyan/CN=803661/CN=Xuli Yan

 error: 
 retcode : 0
DEBUG 2019-07-06 12:56:14,851: 	 Checking credentials
DEBUG 2019-07-06 12:56:14,851: 	 Found proxy file /tmp/x509up_u93529
DEBUG 2019-07-06 12:56:14,851: 	 Getting proxy life time left
DEBUG 2019-07-06 12:56:15,960: 	 Executing : 
 command : voms-proxy-info -file /tmp/x509up_u93529 -timeleft
 output : 35892

 error: 
 retcode : 0
DEBUG 2019-07-06 12:56:16,872: 	 Executing : 
 command : voms-proxy-info -file /tmp/x509up_u93529 -actimeleft
 output : 35891

 error: 
 retcode : 0
DEBUG 2019-07-06 12:56:16,873: 	 Proxy lifetime 35892 secs is different from voms extension lifetime 35891 secs for proxy: /tmp/x509up_u93529
DEBUG 2019-07-06 12:56:16,873: 	 Proxy valid for 09:58:11 hours
DEBUG 2019-07-06 12:56:17,075: 	 Registering user credentials for server /DC=ch/DC=cern/OU=computers/CN=vocms(052|058|030|0118|0105|0109).cern.ch|/DC=ch/DC=cern/OU=computers/CN=crab-(preprod|prod)-tw(02|01).cern.ch
DEBUG 2019-07-06 12:56:17,191: 	 Executing : 
 command : openssl x509 -in ~/.globus/usercert.pem -subject -noout
 output : subject= /DC=ch/DC=cern/OU=Organic Units/OU=Users/CN=xuyan/CN=803661/CN=Xuli Yan

 error: 
 retcode : 0
DEBUG 2019-07-06 12:56:17,192: 	 Getting myproxy life time left for myproxy.cern.ch
DEBUG 2019-07-06 12:56:17,192: 	 Calculating hash of /DC=ch/DC=cern/OU=Organic Units/OU=Users/CN=xuyan/CN=803661/CN=Xuli Yan_cmsweb.cern.ch for credential name
DEBUG 2019-07-06 12:56:17,498: 	 Executing : 
 command : myproxy-info -l b1772a5c240352d6d735b714aa331919d3f56592 -s myproxy.cern.ch
 output : username: b1772a5c240352d6d735b714aa331919d3f56592
owner: /DC=ch/DC=cern/OU=Organic Units/OU=Users/CN=xuyan/CN=803661/CN=Xuli Yan
  renewal policy: /DC=ch/DC=cern/OU=computers/CN=vocms(052|058|030|0118|0105|0109).cern.ch|/DC=ch/DC=cern/OU=computers/CN=crab-(preprod|prod)-tw(02|01).cern.ch
  trusted retrieval policy: /DC=ch/DC=cern/OU=computers/CN=vocms(052|058|030|0118|0105|0109).cern.ch|/DC=ch/DC=cern/OU=computers/CN=crab-(preprod|prod)-tw(02|01).cern.ch
  timeleft: 580:55:23  (24.2 days)

 error: 
 retcode : 0
DEBUG 2019-07-06 12:56:17,499: 	 Myproxy is valid: 2091323
DEBUG 2019-07-06 12:56:17,500: 	 Command use: status
DEBUG 2019-07-06 12:56:17,500: 	 Options use: ['-d', 'crab_jobs_signalJul06/crab_Wgamma949SignalFinal_v6_Jul06']
DEBUG 2019-07-06 12:56:17,611: 	 CRABClient version: 3.3.1904
DEBUG 2019-07-06 12:56:17,611: 	 Instance is prod
DEBUG 2019-07-06 12:56:17,611: 	 Server base url is cmsweb.cern.ch
DEBUG 2019-07-06 12:56:17,611: 	 Command url /crabserver/prod/workflow
DEBUG 2019-07-06 12:56:17,745: 	 Got information from server oracle database: {u'result': [u'190706_090446:xuyan_crab_Wgamma949SignalFinal_v6_Jul06', u'None', u'None', u'SUBMITTED', u'SUBMIT', u'2019-07-06 09:04:47.238025', u'None', u'2019-07-06 09:05:31.769533', u'None', u'CMSSW_9_4_9', u'slc6_amd64_gcc630', u'/PythiaChargedResonance_WGToJJG_M1600_width5/RunIIFall17MiniAODv2-PU2017_12Apr2018_94X_mc2017_realistic_v14-v1/MINIAODSIM', u'F', u'0', u'[]', u'[]', u'FileBased', u"{'splitOnRun': False, 'halt_job_on_file_boundaries': False, 'files_per_job': 1, 'runs': [], 'lumis': []}", u'd197bc4632510062cea8a563387a642460c014429f79ba1baa333aa01c3de9fa.tar.gz', u'https://cmsweb.cern.ch/crabcache', u'xuyan', u'/DC=ch/DC=cern/OU=Organic Units/OU=Users/CN=xuyan/CN=803661/CN=Xuli Yan', u'cms', u'None', u'None', u'Wgamma949SignalFinal_v6_Jul06-00000000000000000000000000000000', u'F', u'T3_US_Brown', u'https://cmsweb.cern.ch/dbs/prod/global/DBSReader', u'https://cmsweb.cern.ch/dbs/prod/phys03/DBSWriter', u'F', u'[]', u"['flatTuple.root']", u'[]', u'Analysis', u'pythia', u'None', u'{}', u'[]', u'T', u'crab-prod-tw01', u'[]', u'1250', u'1', u'2000', u'10', u'None', u'[]', u'http://vocms0121.cern.ch/mon/cms365/190706_090446:xuyan_crab_Wgamma949SignalFinal_v6_Jul06', u'None', u'[]', u'[]', u'https://cmsweb.cern.ch/crabserver/prod', u'cmsgwms-collector-global.cern.ch:9620,cmssrv221.fnal.gov:9620', u'crab3@vocms0121.cern.ch', u'F', u'[]', u'T', u'/store/user/xuyan/', u'F', u'None', u'F', u'None', u'PythiaChargedResonance_WGToJJG_M1600_width5', u'None', u'cfb1482ec41965b068f8dddf8790b995ecb29970de742ef45742e2ef622b196a.tar.gz', u'40340014', u'filetransfers', u'F', u'188.184.28.150', u'0.0', u'None'], u'desc': {u'columns': [u'tm_taskname', u'tm_activity', u'panda_jobset_id', u'tm_task_status', u'tm_task_command', u'tm_start_time', u'tm_start_injection', u'tm_end_injection', u'tm_task_failure', u'tm_job_sw', u'tm_job_arch', u'tm_input_dataset', u'tm_nonvalid_input_dataset', u'tm_use_parent', u'tm_site_whitelist', u'tm_site_blacklist', u'tm_split_algo', u'tm_split_args', u'tm_user_sandbox', u'tm_cache_url', u'tm_username', u'tm_user_dn', u'tm_user_vo', u'tm_user_role', u'tm_user_group', u'tm_publish_name', u'tm_publish_groupname', u'tm_asyncdest', u'tm_dbs_url', u'tm_publish_dbs_url', u'tm_publication', u'tm_outfiles', u'tm_tfile_outfiles', u'tm_edm_outfiles', u'tm_job_type', u'tm_generator', u'tm_events_per_lumi', u'tm_arguments', u'panda_resubmitted_jobs', u'tm_save_logs', u'tw_name', u'tm_user_infiles', u'tm_maxjobruntime', u'tm_numcores', u'tm_maxmemory', u'tm_priority', u'tm_output_dataset', u'tm_task_warnings', u'tm_user_webdir', u'tm_scriptexe', u'tm_scriptargs', u'tm_extrajdl', u'tm_asourl', u'tm_collector', u'tm_schedd', u'tm_dry_run', u'tm_user_files', u'tm_transfer_outputs', u'tm_output_lfn', u'tm_ignore_locality', u'tm_fail_limit', u'tm_one_event_mode', u'tm_secondary_input_dataset', u'tm_primary_dataset', u'tm_last_publication', u'tm_debug_files', u'clusterid', u'tm_asodb', u'tm_ignore_global_blacklist', u'tm_submitter_ip_addr', u'tm_totalunits', u'tm_ddm_reqid']}}
INFO 2019-07-06 12:56:17,746: 	 CRAB project directory:		/afs/cern.ch/work/x/xuyan/work5/DEV/CMSSW_9_4_9/src/VgammaTuplizer/Ntuplizer/crab_jobs_signalJul06/crab_Wgamma949SignalFinal_v6_Jul06
INFO 2019-07-06 12:56:17,746: 	 Task name:			190706_090446:xuyan_crab_Wgamma949SignalFinal_v6_Jul06
INFO 2019-07-06 12:56:17,746: 	 Grid scheduler - Task Worker:	crab3@vocms0121.cern.ch - crab-prod-tw01
INFO 2019-07-06 12:56:17,746: 	 Status on the CRAB server:	SUBMITTED
INFO 2019-07-06 12:56:17,746: 	 Task URL to use for HELP:	https://cmsweb.cern.ch/crabserver/ui/task/190706_090446%3Axuyan_crab_Wgamma949SignalFinal_v6_Jul06
INFO 2019-07-06 12:56:17,746: 	 Dashboard monitoring URL:	http://dashb-cms-job.cern.ch/dashboard/templates/task-analysis/#user=xuyan&refresh=0&table=Jobs&p=1&records=25&activemenu=2&status=&site=&tid=190706_090446%3Axuyan_crab_Wgamma949SignalFinal_v6_Jul06
INFO 2019-07-06 12:56:17,746: 	 New dashboard monitoring URL:	https://monit-grafana.cern.ch/d/cmsTMDetail/cms-task-monitoring-task-view?orgId=11&var-user=xuyan&var-task=190706_090446%3Axuyan_crab_Wgamma949SignalFinal_v6_Jul06
INFO 2019-07-06 12:56:17,747: 	 In case of issues with the new dashboard, please provide feedback to hn-cms-computing-tools@cern.ch
DEBUG 2019-07-06 12:56:17,747: 	 The CRAB server submitted your task to the Grid scheduler (cluster ID: 40340014)
DEBUG 2019-07-06 12:56:17,747: 	 Webdir is located at http://vocms0121.cern.ch/mon/cms365/190706_090446:xuyan_crab_Wgamma949SignalFinal_v6_Jul06
DEBUG 2019-07-06 12:56:17,892: 	 Proxied webdir is located at https://cmsweb.cern.ch/scheddmon/0121/cms365/190706_090446:xuyan_crab_Wgamma949SignalFinal_v6_Jul06
DEBUG 2019-07-06 12:56:17,892: 	 Retrieving 'status_cache' file from https://cmsweb.cern.ch/scheddmon/0121/cms365/190706_090446:xuyan_crab_Wgamma949SignalFinal_v6_Jul06/status_cache
DEBUG 2019-07-06 12:56:17,991: 	 Got information from status cache file: {'1': {'Retries': 0, 'WallDurations': [9.0, 813.0], 'StartTimes': [1562404640.0], 'SubmitTimes': [1562403944.0], 'JobIds': ['40340017.0'], 'EndTimes': [1562405453.0], 'Restarts': 0, 'RecordedSite': True, 'State': 'finished', 'ResidentSetSize': [1146820], 'TotalUserCpuTimeHistory': [697], 'SiteHistory': ['Unknown', 'T2_US_UCSD'], 'TotalSysCpuTimeHistory': [14]}, '3': {'Retries': 0, 'WallDurations': [8.0, 835.0], 'StartTimes': [1562404642.0], 'SubmitTimes': [1562403944.0], 'JobIds': ['40340018.0'], 'EndTimes': [1562405477.0], 'Restarts': 0, 'RecordedSite': True, 'State': 'finished', 'ResidentSetSize': [1151156], 'TotalUserCpuTimeHistory': [707], 'SiteHistory': ['Unknown', 'T2_US_UCSD'], 'TotalSysCpuTimeHistory': [12]}, '2': {'Retries': 0, 'WallDurations': [10.0, 1351.0], 'StartTimes': [1562405725.0], 'SubmitTimes': [1562403944.0], 'JobIds': ['40340019.0'], 'EndTimes': [1562407076.0], 'Restarts': 0, 'RecordedSite': True, 'State': 'finished', 'ResidentSetSize': [1253180], 'TotalUserCpuTimeHistory': [1030], 'SiteHistory': ['Unknown', 'T2_US_Nebraska'], 'TotalSysCpuTimeHistory': [24]}, '4': {'Retries': 0, 'WallDurations': [9.0, 1193.0], 'StartTimes': [1562404611.0], 'SubmitTimes': [1562403944.0], 'JobIds': ['40340020.0'], 'EndTimes': [1562405804.0], 'Restarts': 0, 'RecordedSite': True, 'State': 'finished', 'ResidentSetSize': [1166708], 'TotalUserCpuTimeHistory': [1093], 'SiteHistory': ['Unknown', 'T2_US_UCSD'], 'TotalSysCpuTimeHistory': [13]}}
INFO 2019-07-06 12:56:17,991: 	 Status on the scheduler:	COMPLETED
INFO 2019-07-06 12:56:17,991: 	 
Jobs status:                    finished     		100.0% (4/4)
INFO 2019-07-06 12:56:17,992: 	 
No publication information (publication has been disabled in the CRAB configuration file)
INFO 2019-07-06 12:56:17,992: 	 
Warning: the max jobs runtime is less than 30% of the task requested value (1250 min), please consider to request a lower value for failed jobs (allowed through crab resubmit) and/or improve the jobs splitting (e.g. config.Data.splitting = 'Automatic') in a new task.
INFO 2019-07-06 12:56:17,992: 	 
Summary of run jobs:
 * Memory: 1124MB min, 1223MB max, 1152MB ave
 * Runtime: 0:13:33 min, 0:22:31 max, 0:17:28 ave
 * CPU eff: 78% min, 93% max, 86% ave
 * Waste: 0:00:36 (1% of total)

INFO 2019-07-06 12:56:18,022: 	 Log file is /afs/cern.ch/work/x/xuyan/work5/DEV/CMSSW_9_4_9/src/VgammaTuplizer/Ntuplizer/crab_jobs_signalJul06/crab_Wgamma949SignalFinal_v6_Jul06/crab.log
